
          -------------------------------------------------------
          Amber 14 SANDER                              2014
          -------------------------------------------------------

| PMEMD implementation of SANDER, Release 14

| Run on 07/14/2019 at 01:50:54

|   Executable path: pmemd.cuda
| Working directory: /home2/2019summer/Fanchunhao/MD/DHB_MD
|          Hostname: linux-8k8u

  [-O]verwriting output

File Assignments:
|   MDIN: md_NVT_50K.in                                                         
|  MDOUT: DHB_box_NVT_heat_50K.out                                              
| INPCRD: DHB_box_NVT_heat_40K.rst                                              
|   PARM: DHB_box.prmtop                                                        
| RESTRT: DHB_box_NVT_heat_50K.rst                                              
|   REFC: DHB_box_NVT_heat_40K.rst                                              
|  MDVEL: mdvel                                                                 
|   MDEN: mden                                                                  
|  MDCRD: DHB_box_NVT_heat_50K.mdcrd                                            
| MDINFO: mdinfo                                                                
|  MDFRC: mdfrc                                                                 

 
 Here is the input file:
 
Molecular dynamics                                                             
 &cntrl                                                                        
  imin=0,                                                                      
  irest=1,                                                                     
  ntx=5,                                                                       
  ntb=1,                                                                       
  cut=10.0,                                                                    
  ntr=1                                                                        
  ntc=2,ntf=2                                                                  
  tempi=40.0,temp0=50.0                                                        
  ntt=3,gamma_ln=1.0                                                           
  nstlim=10000,dt=0.001,                                                       
  ntpr=100,ntwx=100,ntwr=100                                                   
 /                                                                             
#fix tje position                                                              
100.0                                                                          
RES 1                                                                          
END                                                                            
END                                                                            


 
|--------------------- INFORMATION ----------------------
| GPU (CUDA) Version of PMEMD in use: NVIDIA GPU IN USE.
|                    Version 14.0.1
| 
|                      06/20/2014
| 
| Implementation by:
|                    Ross C. Walker     (SDSC)
|                    Scott Le Grand     (nVIDIA)
| 
| CAUTION: The CUDA code is currently experimental.
|          You use it at your own risk. Be sure to
|          check ALL results carefully.
| 
| Precision model in use:
|      [SPFP] - Mixed Single/Double/Fixed Point Precision.
|               (Default)
| 
|--------------------------------------------------------
 
|----------------- CITATION INFORMATION -----------------
|
|    When publishing work that utilized the CUDA version
|    of AMBER, please cite the following in addition to
|    the regular AMBER citations:
|
|  - Romelia Salomon-Ferrer; Andreas W. Goetz; Duncan
|    Poole; Scott Le Grand; Ross C. Walker "Routine
|    microsecond molecular dynamics simulations with
|    AMBER - Part II: Particle Mesh Ewald", J. Chem.
|    Theory Comput., 2013, 9 (9), pp3878-3888,
|    DOI: 10.1021/ct400314y.
|
|  - Andreas W. Goetz; Mark J. Williamson; Dong Xu;
|    Duncan Poole; Scott Le Grand; Ross C. Walker
|    "Routine microsecond molecular dynamics simulations
|    with AMBER - Part I: Generalized Born", J. Chem.
|    Theory Comput., 2012, 8 (5), pp1542-1555.
|
|  - Scott Le Grand; Andreas W. Goetz; Ross C. Walker
|    "SPFP: Speed without compromise - a mixed precision
|    model for GPU accelerated molecular dynamics
|    simulations.", Comp. Phys. Comm., 2013, 184
|    pp374-380, DOI: 10.1016/j.cpc.2012.09.022
|
|--------------------------------------------------------
 
|------------------- GPU DEVICE INFO --------------------
|
|            CUDA_VISIBLE_DEVICES: not set
|   CUDA Capable Devices Detected:      2
|           CUDA Device ID in use:      1
|                CUDA Device Name: GeForce GTX TITAN X
|     CUDA Device Global Mem Size:  12287 MB
| CUDA Device Num Multiprocessors:     24
|           CUDA Device Core Freq:   1.08 GHz
|
|--------------------------------------------------------
 
 
| Conditional Compilation Defines Used:
| PUBFFT
| BINTRAJ
| CUDA
| EMIL
 
| Largest sphere to fit in unit cell has radius =    11.219

| New format PARM file being parsed.
| Version =    1.000 Date = 07/13/19 Time = 11:02:33

| Note: 1-4 EEL scale factors are being read from the topology file.

| Note: 1-4 VDW scale factors are being read from the topology file.
| Duplicated    0 dihedrals

| Duplicated    0 dihedrals

--------------------------------------------------------------------------------
   1.  RESOURCE   USE: 
--------------------------------------------------------------------------------

 getting new box info from bottom of inpcrd
 NATOM  =    2477 NTYPES =       8 NBONH =    1850 MBONA  =     629
 NTHETH =      16 MTHETA =      21 NPHIH =      35 MPHIA  =      33
 NHPARM =       0 NPARM  =       0 NNB   =    4407 NRES   =     615
 NBONA  =     629 NTHETA =      21 NPHIA =      33 NUMBND =      14
 NUMANG =      17 NPTRA  =       7 NATYP =      11 NPHB   =       1
 IFBOX  =       1 NMXRS  =      21 IFCAP =       0 NEXTRA =     614
 NCOPY  =       0

| Coordinate Index Table dimensions:     5    5    4
| Direct force subcell size =     5.8179    5.6505    5.6094

     BOX TYPE: RECTILINEAR

--------------------------------------------------------------------------------
   2.  CONTROL  DATA  FOR  THE  RUN
--------------------------------------------------------------------------------

default_name                                                                    

General flags:
     imin    =       0, nmropt  =       0

Nature and format of input:
     ntx     =       5, irest   =       1, ntrx    =       1

Nature and format of output:
     ntxo    =       1, ntpr    =     100, ntrx    =       1, ntwr    =     100
     iwrap   =       0, ntwx    =     100, ntwv    =       0, ntwe    =       0
     ioutfm  =       0, ntwprt  =       0, idecomp =       0, rbornstat=      0

Potential function:
     ntf     =       2, ntb     =       1, igb     =       0, nsnb    =      25
     ipol    =       0, gbsa    =       0, iesp    =       0
     dielc   =   1.00000, cut     =  10.00000, intdiel =   1.00000

Frozen or restrained atoms:
     ibelly  =       0, ntr     =       1
     restraint_wt =   0.00000

Molecular dynamics:
     nstlim  =     10000, nscm    =         0, nrespa  =         1
     t       =   0.00000, dt      =   0.00100, vlimit  =  -1.00000

Langevin dynamics temperature regulation:
     ig      =   71277
     temp0   =  50.00000, tempi   =  40.00000, gamma_ln=   1.00000

SHAKE:
     ntc     =       2, jfastw  =       0
     tol     =   0.00001

| Intermolecular bonds treatment:
|     no_intermolecular_bonds =       1

| Energy averages sample interval:
|     ene_avg_sampling =     100

Extra-points options:
     frameon =       1, chngmask=       1

Ewald parameters:
     verbose =       0, ew_type =       0, nbflag  =       1, use_pme =       1
     vdwmeth =       1, eedmeth =       1, netfrc  =       1
     Box X =   29.089   Box Y =   28.253   Box Z =   22.438
     Alpha =   90.000   Beta  =   90.000   Gamma =   90.000
     NFFT1 =   32       NFFT2 =   32       NFFT3 =   24
     Cutoff=   10.000   Tol   =0.100E-04
     Ewald Coefficient =  0.27511
     Interpolation order =    4

    LOADING THE CONSTRAINED ATOMS AS GROUPS


   5.  REFERENCE ATOM COORDINATES

  default_name                                                                    
    ----- READING GROUP     1; TITLE:
 #fix tje position                                                           

     GROUP    1 HAS HARMONIC CONSTRAINTS   100.00000
 GRP    1 RES    1 TO     1
      Number of atoms in this group  =    21
    ----- END OF GROUP READ -----
|      EXTRA_PTS, trim_bonds: num bonds BEFORE trim =  1850     0
|      EXTRA_PTS, trim_bonds: num bonds AFTER  trim =  1850     0
|      EXTRA_PTS, trim_bonds: num bonds BEFORE trim =   629     0
|      EXTRA_PTS, trim_bonds: num bonds AFTER  trim =    15     0
|      EXTRA_PTS, trim_theta: num angle BEFORE trim =    16     0
|      EXTRA_PTS, trim_theta: num angle AFTER  trim =    16     0
|      EXTRA_PTS, trim_theta: num angle BEFORE trim =    21     0
|      EXTRA_PTS, trim_theta: num angle AFTER  trim =    21     0
|      EXTRA_PTS, trim_phi:  num diheds BEFORE trim =    35     0
|      EXTRA_PTS, trim_phi:  num diheds AFTER  trim =    35     0
|      EXTRA_PTS, trim_phi:  num diheds BEFORE trim =    33     0
|      EXTRA_PTS, trim_phi:  num diheds AFTER  trim =    33     0

--------------------------------------------------------------------------------
   3.  ATOMIC COORDINATES AND VELOCITIES
--------------------------------------------------------------------------------

default_name                                                                    
 begin time read from input coords =    60.000 ps

 
 Number of triangulated 3-point waters found:      614

     Sum of charges from parm topology file =   0.00200000
     Forcing neutrality...

| Dynamic Memory, Types Used:
| Reals              219001
| Integers           117895

| Nonbonded Pairs Initial Allocation:      749230

| GPU memory information (estimate):
| KB of GPU memory in use:     20211
| KB of CPU memory in use:      4323

--------------------------------------------------------------------------------
   4.  RESULTS
--------------------------------------------------------------------------------

 ---------------------------------------------------
 APPROXIMATING switch and d/dx switch using CUBIC SPLINE INTERPOLATION
 using   5000.0 points per unit in tabled values
 TESTING RELATIVE ERROR over r ranging from 0.0 to cutoff
| CHECK switch(x): max rel err =   0.3316E-14   at   2.351880
| CHECK d/dx switch(x): max rel err =   0.8066E-11   at   2.747240
 ---------------------------------------------------
|---------------------------------------------------
| APPROXIMATING direct energy using CUBIC SPLINE INTERPOLATION
|  with   50.0 points per unit in tabled values
| Relative Error Limit not exceeded for r .gt.   2.34
| APPROXIMATING direct force using CUBIC SPLINE INTERPOLATION
|  with   50.0 points per unit in tabled values
| Relative Error Limit not exceeded for r .gt.   2.81
|---------------------------------------------------

 NSTEP =      100   TIME(PS) =      60.100  TEMP(K) =    41.50  PRESS =     0.0
 Etot   =     -7916.1638  EKtot   =       154.1682  EPtot      =     -8070.3320
 BOND   =         1.7242  ANGLE   =        12.2382  DIHED      =         1.1311
 1-4 NB =         8.5113  1-4 EEL =       -37.6845  VDWAALS    =      1632.1816
 EELEC  =     -9689.3846  EHBOND  =         0.0000  RESTRAINT  =         0.9507
 EAMBER (non-restraint)  =     -8071.2827
 ------------------------------------------------------------------------------


 NSTEP =      200   TIME(PS) =      60.200  TEMP(K) =    41.65  PRESS =     0.0
 Etot   =     -7911.5737  EKtot   =       154.7360  EPtot      =     -8066.3097
 BOND   =         1.7465  ANGLE   =        12.7967  DIHED      =         0.8256
 1-4 NB =         8.2140  1-4 EEL =       -37.7347  VDWAALS    =      1647.8156
 EELEC  =     -9700.7417  EHBOND  =         0.0000  RESTRAINT  =         0.7683
 EAMBER (non-restraint)  =     -8067.0780
 ------------------------------------------------------------------------------


 NSTEP =      300   TIME(PS) =      60.300  TEMP(K) =    42.07  PRESS =     0.0
 Etot   =     -7908.7930  EKtot   =       156.3091  EPtot      =     -8065.1021
 BOND   =         1.6069  ANGLE   =        12.4646  DIHED      =         1.0084
 1-4 NB =         8.2907  1-4 EEL =       -37.8932  VDWAALS    =      1634.2951
 EELEC  =     -9686.1231  EHBOND  =         0.0000  RESTRAINT  =         1.2484
 EAMBER (non-restraint)  =     -8066.3505
 ------------------------------------------------------------------------------


 NSTEP =      400   TIME(PS) =      60.400  TEMP(K) =    43.45  PRESS =     0.0
 Etot   =     -7906.6100  EKtot   =       161.4313  EPtot      =     -8068.0414
 BOND   =         1.7431  ANGLE   =        12.5681  DIHED      =         0.9296
 1-4 NB =         8.3907  1-4 EEL =       -37.7766  VDWAALS    =      1653.8781
 EELEC  =     -9708.9451  EHBOND  =         0.0000  RESTRAINT  =         1.1709
 EAMBER (non-restraint)  =     -8069.2122
 ------------------------------------------------------------------------------


 NSTEP =      500   TIME(PS) =      60.500  TEMP(K) =    43.26  PRESS =     0.0
 Etot   =     -7900.9144  EKtot   =       160.7111  EPtot      =     -8061.6255
 BOND   =         1.9546  ANGLE   =        12.6089  DIHED      =         0.8355
 1-4 NB =         8.1451  1-4 EEL =       -37.7328  VDWAALS    =      1634.4864
 EELEC  =     -9683.6828  EHBOND  =         0.0000  RESTRAINT  =         1.7597
 EAMBER (non-restraint)  =     -8063.3852
 ------------------------------------------------------------------------------


 NSTEP =      600   TIME(PS) =      60.600  TEMP(K) =    44.15  PRESS =     0.0
 Etot   =     -7897.4775  EKtot   =       164.0262  EPtot      =     -8061.5037
 BOND   =         2.2104  ANGLE   =        12.3706  DIHED      =         1.0167
 1-4 NB =         8.3325  1-4 EEL =       -37.7245  VDWAALS    =      1642.9650
 EELEC  =     -9691.4300  EHBOND  =         0.0000  RESTRAINT  =         0.7555
 EAMBER (non-restraint)  =     -8062.2592
 ------------------------------------------------------------------------------


 NSTEP =      700   TIME(PS) =      60.700  TEMP(K) =    44.27  PRESS =     0.0
 Etot   =     -7889.1755  EKtot   =       164.4511  EPtot      =     -8053.6266
 BOND   =         1.6598  ANGLE   =        13.3292  DIHED      =         0.7702
 1-4 NB =         8.0932  1-4 EEL =       -37.8281  VDWAALS    =      1641.6981
 EELEC  =     -9682.2284  EHBOND  =         0.0000  RESTRAINT  =         0.8795
 EAMBER (non-restraint)  =     -8054.5061
 ------------------------------------------------------------------------------


 NSTEP =      800   TIME(PS) =      60.800  TEMP(K) =    45.33  PRESS =     0.0
 Etot   =     -7885.3657  EKtot   =       168.4202  EPtot      =     -8053.7858
 BOND   =         2.3446  ANGLE   =        12.0878  DIHED      =         1.0914
 1-4 NB =         8.1242  1-4 EEL =       -37.5467  VDWAALS    =      1624.6116
 EELEC  =     -9665.5933  EHBOND  =         0.0000  RESTRAINT  =         1.0946
 EAMBER (non-restraint)  =     -8054.8804
 ------------------------------------------------------------------------------


 NSTEP =      900   TIME(PS) =      60.900  TEMP(K) =    46.17  PRESS =     0.0
 Etot   =     -7879.1724  EKtot   =       171.5262  EPtot      =     -8050.6985
 BOND   =         1.6198  ANGLE   =        13.1543  DIHED      =         0.8211
 1-4 NB =         8.0665  1-4 EEL =       -37.5838  VDWAALS    =      1598.2415
 EELEC  =     -9636.5295  EHBOND  =         0.0000  RESTRAINT  =         1.5116
 EAMBER (non-restraint)  =     -8052.2102
 ------------------------------------------------------------------------------


 NSTEP =     1000   TIME(PS) =      61.000  TEMP(K) =    46.79  PRESS =     0.0
 Etot   =     -7875.5184  EKtot   =       173.8222  EPtot      =     -8049.3406
 BOND   =         2.0588  ANGLE   =        13.0894  DIHED      =         1.2123
 1-4 NB =         8.1125  1-4 EEL =       -37.5263  VDWAALS    =      1634.0910
 EELEC  =     -9671.7929  EHBOND  =         0.0000  RESTRAINT  =         1.4144
 EAMBER (non-restraint)  =     -8050.7550
 ------------------------------------------------------------------------------


 NSTEP =     1100   TIME(PS) =      61.100  TEMP(K) =    47.16  PRESS =     0.0
 Etot   =     -7872.5757  EKtot   =       175.2008  EPtot      =     -8047.7765
 BOND   =         2.6268  ANGLE   =        12.0466  DIHED      =         1.1111
 1-4 NB =         8.1551  1-4 EEL =       -37.8067  VDWAALS    =      1656.9023
 EELEC  =     -9691.8826  EHBOND  =         0.0000  RESTRAINT  =         1.0709
 EAMBER (non-restraint)  =     -8048.8474
 ------------------------------------------------------------------------------


 NSTEP =     1200   TIME(PS) =      61.200  TEMP(K) =    46.25  PRESS =     0.0
 Etot   =     -7873.8433  EKtot   =       171.8157  EPtot      =     -8045.6589
 BOND   =         2.3461  ANGLE   =        12.3088  DIHED      =         1.1206
 1-4 NB =         8.2473  1-4 EEL =       -37.6052  VDWAALS    =      1658.0224
 EELEC  =     -9691.5819  EHBOND  =         0.0000  RESTRAINT  =         1.4830
 EAMBER (non-restraint)  =     -8047.1420
 ------------------------------------------------------------------------------


 NSTEP =     1300   TIME(PS) =      61.300  TEMP(K) =    48.82  PRESS =     0.0
 Etot   =     -7871.3499  EKtot   =       181.3575  EPtot      =     -8052.7074
 BOND   =         2.2726  ANGLE   =        12.3841  DIHED      =         1.6224
 1-4 NB =         8.1956  1-4 EEL =       -37.7529  VDWAALS    =      1646.7054
 EELEC  =     -9687.2987  EHBOND  =         0.0000  RESTRAINT  =         1.1642
 EAMBER (non-restraint)  =     -8053.8716
 ------------------------------------------------------------------------------


 NSTEP =     1400   TIME(PS) =      61.400  TEMP(K) =    47.65  PRESS =     0.0
 Etot   =     -7865.7386  EKtot   =       177.0392  EPtot      =     -8042.7778
 BOND   =         1.2062  ANGLE   =        13.1592  DIHED      =         0.8871
 1-4 NB =         8.4526  1-4 EEL =       -37.6878  VDWAALS    =      1628.5364
 EELEC  =     -9658.9366  EHBOND  =         0.0000  RESTRAINT  =         1.6051
 EAMBER (non-restraint)  =     -8044.3829
 ------------------------------------------------------------------------------


 NSTEP =     1500   TIME(PS) =      61.500  TEMP(K) =    47.44  PRESS =     0.0
 Etot   =     -7865.1926  EKtot   =       176.2325  EPtot      =     -8041.4251
 BOND   =         1.6566  ANGLE   =        12.7714  DIHED      =         1.2570
 1-4 NB =         8.1674  1-4 EEL =       -37.6538  VDWAALS    =      1631.6346
 EELEC  =     -9661.0906  EHBOND  =         0.0000  RESTRAINT  =         1.8324
 EAMBER (non-restraint)  =     -8043.2575
 ------------------------------------------------------------------------------


 NSTEP =     1600   TIME(PS) =      61.600  TEMP(K) =    48.01  PRESS =     0.0
 Etot   =     -7866.2826  EKtot   =       178.3515  EPtot      =     -8044.6341
 BOND   =         2.0682  ANGLE   =        11.9827  DIHED      =         0.8478
 1-4 NB =         8.3428  1-4 EEL =       -37.6536  VDWAALS    =      1645.3657
 EELEC  =     -9677.0120  EHBOND  =         0.0000  RESTRAINT  =         1.4243
 EAMBER (non-restraint)  =     -8046.0585
 ------------------------------------------------------------------------------


 NSTEP =     1700   TIME(PS) =      61.700  TEMP(K) =    49.59  PRESS =     0.0
 Etot   =     -7863.2112  EKtot   =       184.2383  EPtot      =     -8047.4495
 BOND   =         1.8777  ANGLE   =        12.1015  DIHED      =         1.3375
 1-4 NB =         8.3461  1-4 EEL =       -37.9132  VDWAALS    =      1616.2513
 EELEC  =     -9651.2957  EHBOND  =         0.0000  RESTRAINT  =         1.8453
 EAMBER (non-restraint)  =     -8049.2947
 ------------------------------------------------------------------------------


 NSTEP =     1800   TIME(PS) =      61.800  TEMP(K) =    47.90  PRESS =     0.0
 Etot   =     -7864.5229  EKtot   =       177.9492  EPtot      =     -8042.4721
 BOND   =         2.3810  ANGLE   =        11.7846  DIHED      =         1.4664
 1-4 NB =         8.2114  1-4 EEL =       -37.6645  VDWAALS    =      1618.5181
 EELEC  =     -9648.6462  EHBOND  =         0.0000  RESTRAINT  =         1.4771
 EAMBER (non-restraint)  =     -8043.9493
 ------------------------------------------------------------------------------


 NSTEP =     1900   TIME(PS) =      61.900  TEMP(K) =    47.07  PRESS =     0.0
 Etot   =     -7866.9350  EKtot   =       174.8654  EPtot      =     -8041.8005
 BOND   =         1.7905  ANGLE   =        12.8206  DIHED      =         0.9033
 1-4 NB =         8.5155  1-4 EEL =       -37.9065  VDWAALS    =      1633.8960
 EELEC  =     -9663.4573  EHBOND  =         0.0000  RESTRAINT  =         1.6375
 EAMBER (non-restraint)  =     -8043.4380
 ------------------------------------------------------------------------------


 NSTEP =     2000   TIME(PS) =      62.000  TEMP(K) =    47.31  PRESS =     0.0
 Etot   =     -7866.5013  EKtot   =       175.7748  EPtot      =     -8042.2762
 BOND   =         2.2828  ANGLE   =        12.5771  DIHED      =         1.1955
 1-4 NB =         8.3229  1-4 EEL =       -37.6803  VDWAALS    =      1616.3402
 EELEC  =     -9646.6390  EHBOND  =         0.0000  RESTRAINT  =         1.3246
 EAMBER (non-restraint)  =     -8043.6008
 ------------------------------------------------------------------------------


 NSTEP =     2100   TIME(PS) =      62.100  TEMP(K) =    48.73  PRESS =     0.0
 Etot   =     -7866.4237  EKtot   =       181.0429  EPtot      =     -8047.4666
 BOND   =         2.1060  ANGLE   =        12.4077  DIHED      =         0.9193
 1-4 NB =         8.6777  1-4 EEL =       -37.8033  VDWAALS    =      1636.3445
 EELEC  =     -9671.2341  EHBOND  =         0.0000  RESTRAINT  =         1.1155
 EAMBER (non-restraint)  =     -8048.5821
 ------------------------------------------------------------------------------


 NSTEP =     2200   TIME(PS) =      62.200  TEMP(K) =    49.67  PRESS =     0.0
 Etot   =     -7858.3699  EKtot   =       184.5364  EPtot      =     -8042.9063
 BOND   =         2.1826  ANGLE   =        12.2917  DIHED      =         0.9666
 1-4 NB =         8.1641  1-4 EEL =       -37.6003  VDWAALS    =      1612.7851
 EELEC  =     -9643.0458  EHBOND  =         0.0000  RESTRAINT  =         1.3497
 EAMBER (non-restraint)  =     -8044.2560
 ------------------------------------------------------------------------------


 NSTEP =     2300   TIME(PS) =      62.300  TEMP(K) =    48.81  PRESS =     0.0
 Etot   =     -7855.3845  EKtot   =       181.3436  EPtot      =     -8036.7281
 BOND   =         1.7519  ANGLE   =        12.5638  DIHED      =         0.9504
 1-4 NB =         8.2893  1-4 EEL =       -37.7213  VDWAALS    =      1630.7162
 EELEC  =     -9654.9834  EHBOND  =         0.0000  RESTRAINT  =         1.7050
 EAMBER (non-restraint)  =     -8038.4330
 ------------------------------------------------------------------------------


 NSTEP =     2400   TIME(PS) =      62.400  TEMP(K) =    49.64  PRESS =     0.0
 Etot   =     -7858.0004  EKtot   =       184.4047  EPtot      =     -8042.4051
 BOND   =         1.1334  ANGLE   =        13.1075  DIHED      =         1.3257
 1-4 NB =         8.5436  1-4 EEL =       -37.8891  VDWAALS    =      1640.8452
 EELEC  =     -9671.5561  EHBOND  =         0.0000  RESTRAINT  =         2.0847
 EAMBER (non-restraint)  =     -8044.4898
 ------------------------------------------------------------------------------


 NSTEP =     2500   TIME(PS) =      62.500  TEMP(K) =    48.78  PRESS =     0.0
 Etot   =     -7853.9413  EKtot   =       181.2386  EPtot      =     -8035.1800
 BOND   =         3.0303  ANGLE   =        12.1716  DIHED      =         1.3118
 1-4 NB =         8.2096  1-4 EEL =       -37.4907  VDWAALS    =      1657.8574
 EELEC  =     -9682.4073  EHBOND  =         0.0000  RESTRAINT  =         2.1374
 EAMBER (non-restraint)  =     -8037.3174
 ------------------------------------------------------------------------------


 NSTEP =     2600   TIME(PS) =      62.600  TEMP(K) =    49.03  PRESS =     0.0
 Etot   =     -7859.2735  EKtot   =       182.1664  EPtot      =     -8041.4399
 BOND   =         2.0766  ANGLE   =        12.8483  DIHED      =         1.0947
 1-4 NB =         8.5906  1-4 EEL =       -37.7565  VDWAALS    =      1635.3709
 EELEC  =     -9665.2658  EHBOND  =         0.0000  RESTRAINT  =         1.6014
 EAMBER (non-restraint)  =     -8043.0412
 ------------------------------------------------------------------------------


 NSTEP =     2700   TIME(PS) =      62.700  TEMP(K) =    48.18  PRESS =     0.0
 Etot   =     -7857.5530  EKtot   =       179.0065  EPtot      =     -8036.5595
 BOND   =         2.2464  ANGLE   =        12.0646  DIHED      =         1.0680
 1-4 NB =         8.0255  1-4 EEL =       -37.6822  VDWAALS    =      1641.9674
 EELEC  =     -9665.7716  EHBOND  =         0.0000  RESTRAINT  =         1.5223
 EAMBER (non-restraint)  =     -8038.0818
 ------------------------------------------------------------------------------


 NSTEP =     2800   TIME(PS) =      62.800  TEMP(K) =    49.77  PRESS =     0.0
 Etot   =     -7857.5811  EKtot   =       184.8920  EPtot      =     -8042.4731
 BOND   =         1.8107  ANGLE   =        12.5452  DIHED      =         0.8156
 1-4 NB =         8.1399  1-4 EEL =       -37.7386  VDWAALS    =      1626.9082
 EELEC  =     -9656.5127  EHBOND  =         0.0000  RESTRAINT  =         1.5585
 EAMBER (non-restraint)  =     -8044.0316
 ------------------------------------------------------------------------------


 NSTEP =     2900   TIME(PS) =      62.900  TEMP(K) =    49.55  PRESS =     0.0
 Etot   =     -7855.8819  EKtot   =       184.0670  EPtot      =     -8039.9490
 BOND   =         2.4574  ANGLE   =        12.0204  DIHED      =         0.7835
 1-4 NB =         8.2666  1-4 EEL =       -37.7511  VDWAALS    =      1642.0274
 EELEC  =     -9669.0347  EHBOND  =         0.0000  RESTRAINT  =         1.2816
 EAMBER (non-restraint)  =     -8041.2305
 ------------------------------------------------------------------------------


 NSTEP =     3000   TIME(PS) =      63.000  TEMP(K) =    50.31  PRESS =     0.0
 Etot   =     -7855.7401  EKtot   =       186.9214  EPtot      =     -8042.6615
 BOND   =         2.0785  ANGLE   =        12.7071  DIHED      =         0.9856
 1-4 NB =         8.1943  1-4 EEL =       -37.5568  VDWAALS    =      1624.6433
 EELEC  =     -9655.1879  EHBOND  =         0.0000  RESTRAINT  =         1.4743
 EAMBER (non-restraint)  =     -8044.1358
 ------------------------------------------------------------------------------


 NSTEP =     3100   TIME(PS) =      63.100  TEMP(K) =    48.26  PRESS =     0.0
 Etot   =     -7855.5216  EKtot   =       179.2708  EPtot      =     -8034.7923
 BOND   =         1.4361  ANGLE   =        13.0134  DIHED      =         1.3618
 1-4 NB =         8.6121  1-4 EEL =       -37.9982  VDWAALS    =      1623.5271
 EELEC  =     -9645.9759  EHBOND  =         0.0000  RESTRAINT  =         1.2312
 EAMBER (non-restraint)  =     -8036.0235
 ------------------------------------------------------------------------------


 NSTEP =     3200   TIME(PS) =      63.200  TEMP(K) =    48.64  PRESS =     0.0
 Etot   =     -7856.0908  EKtot   =       180.6832  EPtot      =     -8036.7741
 BOND   =         1.3626  ANGLE   =        12.7185  DIHED      =         1.0327
 1-4 NB =         8.4829  1-4 EEL =       -37.8805  VDWAALS    =      1635.0604
 EELEC  =     -9658.7013  EHBOND  =         0.0000  RESTRAINT  =         1.1506
 EAMBER (non-restraint)  =     -8037.9247
 ------------------------------------------------------------------------------


 NSTEP =     3300   TIME(PS) =      63.300  TEMP(K) =    49.93  PRESS =     0.0
 Etot   =     -7856.2552  EKtot   =       185.4856  EPtot      =     -8041.7408
 BOND   =         2.1168  ANGLE   =        12.3799  DIHED      =         0.6560
 1-4 NB =         8.3367  1-4 EEL =       -37.6910  VDWAALS    =      1642.1601
 EELEC  =     -9671.4149  EHBOND  =         0.0000  RESTRAINT  =         1.7156
 EAMBER (non-restraint)  =     -8043.4564
 ------------------------------------------------------------------------------


 NSTEP =     3400   TIME(PS) =      63.400  TEMP(K) =    48.37  PRESS =     0.0
 Etot   =     -7858.7468  EKtot   =       179.7134  EPtot      =     -8038.4602
 BOND   =         1.9655  ANGLE   =        12.4714  DIHED      =         1.1264
 1-4 NB =         8.5985  1-4 EEL =       -37.8864  VDWAALS    =      1622.9801
 EELEC  =     -9649.6946  EHBOND  =         0.0000  RESTRAINT  =         1.9791
 EAMBER (non-restraint)  =     -8040.4393
 ------------------------------------------------------------------------------


 NSTEP =     3500   TIME(PS) =      63.500  TEMP(K) =    48.26  PRESS =     0.0
 Etot   =     -7856.4799  EKtot   =       179.2735  EPtot      =     -8035.7534
 BOND   =         1.8435  ANGLE   =        12.2457  DIHED      =         1.0383
 1-4 NB =         8.6928  1-4 EEL =       -37.7657  VDWAALS    =      1623.3332
 EELEC  =     -9647.1344  EHBOND  =         0.0000  RESTRAINT  =         1.9932
 EAMBER (non-restraint)  =     -8037.7466
 ------------------------------------------------------------------------------


 NSTEP =     3600   TIME(PS) =      63.600  TEMP(K) =    50.74  PRESS =     0.0
 Etot   =     -7857.3303  EKtot   =       188.5157  EPtot      =     -8045.8460
 BOND   =         1.4137  ANGLE   =        12.9202  DIHED      =         1.1133
 1-4 NB =         9.0362  1-4 EEL =       -37.9652  VDWAALS    =      1634.1435
 EELEC  =     -9667.9292  EHBOND  =         0.0000  RESTRAINT  =         1.4216
 EAMBER (non-restraint)  =     -8047.2676
 ------------------------------------------------------------------------------


 NSTEP =     3700   TIME(PS) =      63.700  TEMP(K) =    47.41  PRESS =     0.0
 Etot   =     -7864.2593  EKtot   =       176.1184  EPtot      =     -8040.3777
 BOND   =         1.5160  ANGLE   =        13.0810  DIHED      =         0.8609
 1-4 NB =         8.5934  1-4 EEL =       -37.7522  VDWAALS    =      1616.3992
 EELEC  =     -9643.8623  EHBOND  =         0.0000  RESTRAINT  =         0.7863
 EAMBER (non-restraint)  =     -8041.1640
 ------------------------------------------------------------------------------


 NSTEP =     3800   TIME(PS) =      63.800  TEMP(K) =    47.74  PRESS =     0.0
 Etot   =     -7864.2622  EKtot   =       177.3536  EPtot      =     -8041.6159
 BOND   =         1.6334  ANGLE   =        12.3976  DIHED      =         0.5663
 1-4 NB =         8.3106  1-4 EEL =       -37.7249  VDWAALS    =      1630.9461
 EELEC  =     -9659.1685  EHBOND  =         0.0000  RESTRAINT  =         1.4235
 EAMBER (non-restraint)  =     -8043.0394
 ------------------------------------------------------------------------------


 NSTEP =     3900   TIME(PS) =      63.900  TEMP(K) =    47.21  PRESS =     0.0
 Etot   =     -7862.6800  EKtot   =       175.3862  EPtot      =     -8038.0661
 BOND   =         2.6490  ANGLE   =        12.4654  DIHED      =         1.2692
 1-4 NB =         8.0622  1-4 EEL =       -37.7663  VDWAALS    =      1638.0913
 EELEC  =     -9663.8770  EHBOND  =         0.0000  RESTRAINT  =         1.0400
 EAMBER (non-restraint)  =     -8039.1062
 ------------------------------------------------------------------------------


 NSTEP =     4000   TIME(PS) =      64.000  TEMP(K) =    47.82  PRESS =     0.0
 Etot   =     -7863.0892  EKtot   =       177.6682  EPtot      =     -8040.7573
 BOND   =         2.3113  ANGLE   =        12.7783  DIHED      =         0.8434
 1-4 NB =         7.7893  1-4 EEL =       -37.8505  VDWAALS    =      1626.1000
 EELEC  =     -9654.2868  EHBOND  =         0.0000  RESTRAINT  =         1.5576
 EAMBER (non-restraint)  =     -8042.3149
 ------------------------------------------------------------------------------


 NSTEP =     4100   TIME(PS) =      64.100  TEMP(K) =    49.59  PRESS =     0.0
 Etot   =     -7860.4626  EKtot   =       184.2303  EPtot      =     -8044.6929
 BOND   =         2.4300  ANGLE   =        12.8953  DIHED      =         0.8267
 1-4 NB =         7.8468  1-4 EEL =       -37.6140  VDWAALS    =      1642.1647
 EELEC  =     -9674.1745  EHBOND  =         0.0000  RESTRAINT  =         0.9322
 EAMBER (non-restraint)  =     -8045.6251
 ------------------------------------------------------------------------------


 NSTEP =     4200   TIME(PS) =      64.200  TEMP(K) =    48.78  PRESS =     0.0
 Etot   =     -7854.1023  EKtot   =       181.2135  EPtot      =     -8035.3159
 BOND   =         2.3242  ANGLE   =        12.8319  DIHED      =         1.0076
 1-4 NB =         7.6535  1-4 EEL =       -37.6262  VDWAALS    =      1649.6174
 EELEC  =     -9672.2752  EHBOND  =         0.0000  RESTRAINT  =         1.1509
 EAMBER (non-restraint)  =     -8036.4667
 ------------------------------------------------------------------------------


 NSTEP =     4300   TIME(PS) =      64.300  TEMP(K) =    48.49  PRESS =     0.0
 Etot   =     -7856.7154  EKtot   =       180.1439  EPtot      =     -8036.8593
 BOND   =         2.4839  ANGLE   =        12.3830  DIHED      =         0.6609
 1-4 NB =         7.6605  1-4 EEL =       -37.7176  VDWAALS    =      1617.9961
 EELEC  =     -9641.5447  EHBOND  =         0.0000  RESTRAINT  =         1.2186
 EAMBER (non-restraint)  =     -8038.0779
 ------------------------------------------------------------------------------


 NSTEP =     4400   TIME(PS) =      64.400  TEMP(K) =    49.84  PRESS =     0.0
 Etot   =     -7849.2220  EKtot   =       185.1557  EPtot      =     -8034.3777
 BOND   =         2.3562  ANGLE   =        12.1983  DIHED      =         1.2305
 1-4 NB =         7.9020  1-4 EEL =       -37.7196  VDWAALS    =      1642.3759
 EELEC  =     -9664.0707  EHBOND  =         0.0000  RESTRAINT  =         1.3497
 EAMBER (non-restraint)  =     -8035.7273
 ------------------------------------------------------------------------------


 NSTEP =     4500   TIME(PS) =      64.500  TEMP(K) =    50.38  PRESS =     0.0
 Etot   =     -7846.1261  EKtot   =       187.1815  EPtot      =     -8033.3076
 BOND   =         1.8959  ANGLE   =        12.8460  DIHED      =         0.6522
 1-4 NB =         8.0975  1-4 EEL =       -37.6494  VDWAALS    =      1631.7550
 EELEC  =     -9651.9437  EHBOND  =         0.0000  RESTRAINT  =         1.0388
 EAMBER (non-restraint)  =     -8034.3464
 ------------------------------------------------------------------------------


 NSTEP =     4600   TIME(PS) =      64.600  TEMP(K) =    50.61  PRESS =     0.0
 Etot   =     -7847.8780  EKtot   =       188.0013  EPtot      =     -8035.8793
 BOND   =         1.5480  ANGLE   =        12.9998  DIHED      =         1.1290
 1-4 NB =         8.3418  1-4 EEL =       -37.6447  VDWAALS    =      1628.5011
 EELEC  =     -9651.9887  EHBOND  =         0.0000  RESTRAINT  =         1.2343
 EAMBER (non-restraint)  =     -8037.1136
 ------------------------------------------------------------------------------


 NSTEP =     4700   TIME(PS) =      64.700  TEMP(K) =    52.16  PRESS =     0.0
 Etot   =     -7847.5317  EKtot   =       193.7798  EPtot      =     -8041.3115
 BOND   =         1.6729  ANGLE   =        13.2790  DIHED      =         0.8504
 1-4 NB =         8.4199  1-4 EEL =       -37.7193  VDWAALS    =      1620.2868
 EELEC  =     -9649.3354  EHBOND  =         0.0000  RESTRAINT  =         1.2343
 EAMBER (non-restraint)  =     -8042.5457
 ------------------------------------------------------------------------------


 NSTEP =     4800   TIME(PS) =      64.800  TEMP(K) =    51.38  PRESS =     0.0
 Etot   =     -7843.9767  EKtot   =       190.8736  EPtot      =     -8034.8503
 BOND   =         1.3245  ANGLE   =        13.1830  DIHED      =         0.7159
 1-4 NB =         8.6368  1-4 EEL =       -37.7983  VDWAALS    =      1620.6004
 EELEC  =     -9643.2683  EHBOND  =         0.0000  RESTRAINT  =         1.7558
 EAMBER (non-restraint)  =     -8036.6060
 ------------------------------------------------------------------------------


 NSTEP =     4900   TIME(PS) =      64.900  TEMP(K) =    50.14  PRESS =     0.0
 Etot   =     -7843.0879  EKtot   =       186.2730  EPtot      =     -8029.3609
 BOND   =         2.1473  ANGLE   =        12.1337  DIHED      =         1.1222
 1-4 NB =         8.6781  1-4 EEL =       -37.8123  VDWAALS    =      1617.5178
 EELEC  =     -9634.5151  EHBOND  =         0.0000  RESTRAINT  =         1.3675
 EAMBER (non-restraint)  =     -8030.7284
 ------------------------------------------------------------------------------


 NSTEP =     5000   TIME(PS) =      65.000  TEMP(K) =    51.28  PRESS =     0.0
 Etot   =     -7845.7264  EKtot   =       190.5259  EPtot      =     -8036.2523
 BOND   =         1.6327  ANGLE   =        12.5312  DIHED      =         0.8121
 1-4 NB =         8.6274  1-4 EEL =       -37.5861  VDWAALS    =      1631.0114
 EELEC  =     -9654.9785  EHBOND  =         0.0000  RESTRAINT  =         1.6975
 EAMBER (non-restraint)  =     -8037.9498
 ------------------------------------------------------------------------------


 NSTEP =     5100   TIME(PS) =      65.100  TEMP(K) =    50.41  PRESS =     0.0
 Etot   =     -7848.5213  EKtot   =       187.2592  EPtot      =     -8035.7806
 BOND   =         1.8444  ANGLE   =        12.6631  DIHED      =         0.8042
 1-4 NB =         8.3900  1-4 EEL =       -37.8649  VDWAALS    =      1624.9792
 EELEC  =     -9647.5382  EHBOND  =         0.0000  RESTRAINT  =         0.9416
 EAMBER (non-restraint)  =     -8036.7222
 ------------------------------------------------------------------------------


 NSTEP =     5200   TIME(PS) =      65.200  TEMP(K) =    49.78  PRESS =     0.0
 Etot   =     -7850.0614  EKtot   =       184.9468  EPtot      =     -8035.0082
 BOND   =         1.2963  ANGLE   =        12.6210  DIHED      =         0.6545
 1-4 NB =         8.3201  1-4 EEL =       -37.5937  VDWAALS    =      1649.2251
 EELEC  =     -9671.0674  EHBOND  =         0.0000  RESTRAINT  =         1.5359
 EAMBER (non-restraint)  =     -8036.5440
 ------------------------------------------------------------------------------


 NSTEP =     5300   TIME(PS) =      65.300  TEMP(K) =    50.15  PRESS =     0.0
 Etot   =     -7846.5254  EKtot   =       186.3166  EPtot      =     -8032.8420
 BOND   =         2.2062  ANGLE   =        12.4559  DIHED      =         0.8551
 1-4 NB =         7.9249  1-4 EEL =       -37.6806  VDWAALS    =      1620.8543
 EELEC  =     -9640.5597  EHBOND  =         0.0000  RESTRAINT  =         1.1020
 EAMBER (non-restraint)  =     -8033.9440
 ------------------------------------------------------------------------------


 NSTEP =     5400   TIME(PS) =      65.400  TEMP(K) =    49.47  PRESS =     0.0
 Etot   =     -7850.1706  EKtot   =       183.7842  EPtot      =     -8033.9548
 BOND   =         2.3990  ANGLE   =        12.2907  DIHED      =         0.9374
 1-4 NB =         7.7392  1-4 EEL =       -37.6690  VDWAALS    =      1639.0675
 EELEC  =     -9660.4196  EHBOND  =         0.0000  RESTRAINT  =         1.6999
 EAMBER (non-restraint)  =     -8035.6547
 ------------------------------------------------------------------------------


 NSTEP =     5500   TIME(PS) =      65.500  TEMP(K) =    49.53  PRESS =     0.0
 Etot   =     -7851.7703  EKtot   =       183.9942  EPtot      =     -8035.7645
 BOND   =         2.1814  ANGLE   =        13.2266  DIHED      =         0.5471
 1-4 NB =         7.7174  1-4 EEL =       -37.5789  VDWAALS    =      1648.4405
 EELEC  =     -9671.7251  EHBOND  =         0.0000  RESTRAINT  =         1.4264
 EAMBER (non-restraint)  =     -8037.1909
 ------------------------------------------------------------------------------


 NSTEP =     5600   TIME(PS) =      65.600  TEMP(K) =    50.40  PRESS =     0.0
 Etot   =     -7850.1840  EKtot   =       187.2234  EPtot      =     -8037.4074
 BOND   =         2.6003  ANGLE   =        12.4418  DIHED      =         0.9919
 1-4 NB =         7.7455  1-4 EEL =       -37.7819  VDWAALS    =      1617.5802
 EELEC  =     -9642.3909  EHBOND  =         0.0000  RESTRAINT  =         1.4057
 EAMBER (non-restraint)  =     -8038.8131
 ------------------------------------------------------------------------------


 NSTEP =     5700   TIME(PS) =      65.700  TEMP(K) =    50.53  PRESS =     0.0
 Etot   =     -7849.6171  EKtot   =       187.7219  EPtot      =     -8037.3390
 BOND   =         2.2707  ANGLE   =        12.6190  DIHED      =         0.6738
 1-4 NB =         7.8855  1-4 EEL =       -37.6956  VDWAALS    =      1617.0441
 EELEC  =     -9641.4905  EHBOND  =         0.0000  RESTRAINT  =         1.3541
 EAMBER (non-restraint)  =     -8038.6931
 ------------------------------------------------------------------------------


 NSTEP =     5800   TIME(PS) =      65.800  TEMP(K) =    50.36  PRESS =     0.0
 Etot   =     -7847.7551  EKtot   =       187.1029  EPtot      =     -8034.8580
 BOND   =         2.0688  ANGLE   =        12.6490  DIHED      =         0.8792
 1-4 NB =         7.9642  1-4 EEL =       -37.7529  VDWAALS    =      1635.7915
 EELEC  =     -9658.1813  EHBOND  =         0.0000  RESTRAINT  =         1.7235
 EAMBER (non-restraint)  =     -8036.5815
 ------------------------------------------------------------------------------


 NSTEP =     5900   TIME(PS) =      65.900  TEMP(K) =    50.05  PRESS =     0.0
 Etot   =     -7848.9059  EKtot   =       185.9303  EPtot      =     -8034.8362
 BOND   =         2.3320  ANGLE   =        12.3341  DIHED      =         1.0200
 1-4 NB =         8.1764  1-4 EEL =       -37.8321  VDWAALS    =      1612.0243
 EELEC  =     -9634.1698  EHBOND  =         0.0000  RESTRAINT  =         1.2789
 EAMBER (non-restraint)  =     -8036.1151
 ------------------------------------------------------------------------------


 NSTEP =     6000   TIME(PS) =      66.000  TEMP(K) =    51.04  PRESS =     0.0
 Etot   =     -7847.6646  EKtot   =       189.6120  EPtot      =     -8037.2766
 BOND   =         1.6665  ANGLE   =        12.6242  DIHED      =         0.8659
 1-4 NB =         8.2179  1-4 EEL =       -37.6275  VDWAALS    =      1626.1565
 EELEC  =     -9650.2180  EHBOND  =         0.0000  RESTRAINT  =         1.0379
 EAMBER (non-restraint)  =     -8038.3145
 ------------------------------------------------------------------------------


 NSTEP =     6100   TIME(PS) =      66.100  TEMP(K) =    49.16  PRESS =     0.0
 Etot   =     -7848.1280  EKtot   =       182.6293  EPtot      =     -8030.7573
 BOND   =         2.1471  ANGLE   =        12.1321  DIHED      =         0.6420
 1-4 NB =         8.5765  1-4 EEL =       -37.6758  VDWAALS    =      1648.4855
 EELEC  =     -9666.2643  EHBOND  =         0.0000  RESTRAINT  =         1.1995
 EAMBER (non-restraint)  =     -8031.9568
 ------------------------------------------------------------------------------


 NSTEP =     6200   TIME(PS) =      66.200  TEMP(K) =    51.16  PRESS =     0.0
 Etot   =     -7849.3491  EKtot   =       190.0511  EPtot      =     -8039.4002
 BOND   =         1.4047  ANGLE   =        12.7806  DIHED      =         0.6875
 1-4 NB =         8.8233  1-4 EEL =       -37.6917  VDWAALS    =      1614.1968
 EELEC  =     -9640.5634  EHBOND  =         0.0000  RESTRAINT  =         0.9620
 EAMBER (non-restraint)  =     -8040.3622
 ------------------------------------------------------------------------------


 NSTEP =     6300   TIME(PS) =      66.300  TEMP(K) =    49.33  PRESS =     0.0
 Etot   =     -7848.1297  EKtot   =       183.2667  EPtot      =     -8031.3964
 BOND   =         1.5940  ANGLE   =        12.2429  DIHED      =         0.9714
 1-4 NB =         8.9472  1-4 EEL =       -37.8434  VDWAALS    =      1616.5139
 EELEC  =     -9635.2873  EHBOND  =         0.0000  RESTRAINT  =         1.4649
 EAMBER (non-restraint)  =     -8032.8613
 ------------------------------------------------------------------------------


 NSTEP =     6400   TIME(PS) =      66.400  TEMP(K) =    50.85  PRESS =     0.0
 Etot   =     -7847.0633  EKtot   =       188.9267  EPtot      =     -8035.9899
 BOND   =         1.8972  ANGLE   =        11.9809  DIHED      =         0.8654
 1-4 NB =         8.8549  1-4 EEL =       -37.7281  VDWAALS    =      1627.8146
 EELEC  =     -9651.4188  EHBOND  =         0.0000  RESTRAINT  =         1.7440
 EAMBER (non-restraint)  =     -8037.7339
 ------------------------------------------------------------------------------


 NSTEP =     6500   TIME(PS) =      66.500  TEMP(K) =    50.05  PRESS =     0.0
 Etot   =     -7851.5066  EKtot   =       185.9486  EPtot      =     -8037.4551
 BOND   =         1.6148  ANGLE   =        12.5350  DIHED      =         1.2428
 1-4 NB =         8.5359  1-4 EEL =       -37.5074  VDWAALS    =      1629.7790
 EELEC  =     -9655.2892  EHBOND  =         0.0000  RESTRAINT  =         1.6340
 EAMBER (non-restraint)  =     -8039.0891
 ------------------------------------------------------------------------------


 NSTEP =     6600   TIME(PS) =      66.600  TEMP(K) =    48.87  PRESS =     0.0
 Etot   =     -7850.7304  EKtot   =       181.5478  EPtot      =     -8032.2782
 BOND   =         1.9473  ANGLE   =        12.5801  DIHED      =         0.8071
 1-4 NB =         8.2133  1-4 EEL =       -37.5779  VDWAALS    =      1641.6078
 EELEC  =     -9661.3871  EHBOND  =         0.0000  RESTRAINT  =         1.5313
 EAMBER (non-restraint)  =     -8033.8095
 ------------------------------------------------------------------------------


 NSTEP =     6700   TIME(PS) =      66.700  TEMP(K) =    49.75  PRESS =     0.0
 Etot   =     -7846.9353  EKtot   =       184.8361  EPtot      =     -8031.7714
 BOND   =         1.7190  ANGLE   =        12.4024  DIHED      =         1.3382
 1-4 NB =         8.0750  1-4 EEL =       -37.5151  VDWAALS    =      1660.5783
 EELEC  =     -9679.5912  EHBOND  =         0.0000  RESTRAINT  =         1.2221
 EAMBER (non-restraint)  =     -8032.9935
 ------------------------------------------------------------------------------


 NSTEP =     6800   TIME(PS) =      66.800  TEMP(K) =    52.23  PRESS =     0.0
 Etot   =     -7846.8655  EKtot   =       194.0274  EPtot      =     -8040.8929
 BOND   =         2.3623  ANGLE   =        12.0737  DIHED      =         1.0397
 1-4 NB =         8.2929  1-4 EEL =       -37.7708  VDWAALS    =      1634.6080
 EELEC  =     -9662.8293  EHBOND  =         0.0000  RESTRAINT  =         1.3306
 EAMBER (non-restraint)  =     -8042.2235
 ------------------------------------------------------------------------------


 NSTEP =     6900   TIME(PS) =      66.900  TEMP(K) =    49.20  PRESS =     0.0
 Etot   =     -7842.9868  EKtot   =       182.7835  EPtot      =     -8025.7703
 BOND   =         1.6649  ANGLE   =        12.3359  DIHED      =         0.7494
 1-4 NB =         8.1468  1-4 EEL =       -37.6039  VDWAALS    =      1624.6727
 EELEC  =     -9637.2577  EHBOND  =         0.0000  RESTRAINT  =         1.5215
 EAMBER (non-restraint)  =     -8027.2918
 ------------------------------------------------------------------------------


 NSTEP =     7000   TIME(PS) =      67.000  TEMP(K) =    51.15  PRESS =     0.0
 Etot   =     -7839.5964  EKtot   =       190.0204  EPtot      =     -8029.6168
 BOND   =         2.2828  ANGLE   =        12.1913  DIHED      =         1.2564
 1-4 NB =         7.9295  1-4 EEL =       -37.7927  VDWAALS    =      1625.1266
 EELEC  =     -9642.3173  EHBOND  =         0.0000  RESTRAINT  =         1.7066
 EAMBER (non-restraint)  =     -8031.3234
 ------------------------------------------------------------------------------


 NSTEP =     7100   TIME(PS) =      67.100  TEMP(K) =    50.73  PRESS =     0.0
 Etot   =     -7843.3646  EKtot   =       188.4598  EPtot      =     -8031.8244
 BOND   =         2.3421  ANGLE   =        12.1110  DIHED      =         0.8941
 1-4 NB =         7.9037  1-4 EEL =       -37.6233  VDWAALS    =      1627.6362
 EELEC  =     -9646.5623  EHBOND  =         0.0000  RESTRAINT  =         1.4741
 EAMBER (non-restraint)  =     -8033.2986
 ------------------------------------------------------------------------------


 NSTEP =     7200   TIME(PS) =      67.200  TEMP(K) =    51.05  PRESS =     0.0
 Etot   =     -7840.8470  EKtot   =       189.6432  EPtot      =     -8030.4902
 BOND   =         2.1281  ANGLE   =        12.2836  DIHED      =         1.1989
 1-4 NB =         8.1629  1-4 EEL =       -37.5264  VDWAALS    =      1618.1880
 EELEC  =     -9636.4356  EHBOND  =         0.0000  RESTRAINT  =         1.5104
 EAMBER (non-restraint)  =     -8032.0005
 ------------------------------------------------------------------------------


 NSTEP =     7300   TIME(PS) =      67.300  TEMP(K) =    50.91  PRESS =     0.0
 Etot   =     -7841.3914  EKtot   =       189.1231  EPtot      =     -8030.5145
 BOND   =         1.8510  ANGLE   =        12.3466  DIHED      =         1.0821
 1-4 NB =         8.1940  1-4 EEL =       -37.7183  VDWAALS    =      1625.3327
 EELEC  =     -9642.8313  EHBOND  =         0.0000  RESTRAINT  =         1.2287
 EAMBER (non-restraint)  =     -8031.7433
 ------------------------------------------------------------------------------


 NSTEP =     7400   TIME(PS) =      67.400  TEMP(K) =    50.97  PRESS =     0.0
 Etot   =     -7839.5048  EKtot   =       189.3711  EPtot      =     -8028.8759
 BOND   =         1.6980  ANGLE   =        12.8592  DIHED      =         0.9264
 1-4 NB =         8.1363  1-4 EEL =       -37.5843  VDWAALS    =      1621.7881
 EELEC  =     -9638.6241  EHBOND  =         0.0000  RESTRAINT  =         1.9244
 EAMBER (non-restraint)  =     -8030.8002
 ------------------------------------------------------------------------------


 NSTEP =     7500   TIME(PS) =      67.500  TEMP(K) =    50.87  PRESS =     0.0
 Etot   =     -7842.5362  EKtot   =       188.9730  EPtot      =     -8031.5093
 BOND   =         1.5238  ANGLE   =        12.9313  DIHED      =         0.7816
 1-4 NB =         8.4023  1-4 EEL =       -37.5613  VDWAALS    =      1646.2636
 EELEC  =     -9665.5447  EHBOND  =         0.0000  RESTRAINT  =         1.6942
 EAMBER (non-restraint)  =     -8033.2035
 ------------------------------------------------------------------------------


 NSTEP =     7600   TIME(PS) =      67.600  TEMP(K) =    48.96  PRESS =     0.0
 Etot   =     -7843.0929  EKtot   =       181.9009  EPtot      =     -8024.9938
 BOND   =         1.6201  ANGLE   =        12.8254  DIHED      =         0.8483
 1-4 NB =         8.7296  1-4 EEL =       -37.7173  VDWAALS    =      1599.2084
 EELEC  =     -9611.9821  EHBOND  =         0.0000  RESTRAINT  =         1.4739
 EAMBER (non-restraint)  =     -8026.4677
 ------------------------------------------------------------------------------


 NSTEP =     7700   TIME(PS) =      67.700  TEMP(K) =    51.97  PRESS =     0.0
 Etot   =     -7845.9525  EKtot   =       193.0705  EPtot      =     -8039.0230
 BOND   =         2.2483  ANGLE   =        11.8723  DIHED      =         1.2247
 1-4 NB =         8.9855  1-4 EEL =       -37.8827  VDWAALS    =      1621.8908
 EELEC  =     -9649.0592  EHBOND  =         0.0000  RESTRAINT  =         1.6973
 EAMBER (non-restraint)  =     -8040.7203
 ------------------------------------------------------------------------------


 NSTEP =     7800   TIME(PS) =      67.800  TEMP(K) =    48.17  PRESS =     0.0
 Etot   =     -7851.2690  EKtot   =       178.9395  EPtot      =     -8030.2085
 BOND   =         1.8851  ANGLE   =        12.0519  DIHED      =         1.0978
 1-4 NB =         8.8234  1-4 EEL =       -37.9184  VDWAALS    =      1639.3285
 EELEC  =     -9656.7380  EHBOND  =         0.0000  RESTRAINT  =         1.2612
 EAMBER (non-restraint)  =     -8031.4697
 ------------------------------------------------------------------------------


 NSTEP =     7900   TIME(PS) =      67.900  TEMP(K) =    50.78  PRESS =     0.0
 Etot   =     -7852.2914  EKtot   =       188.6324  EPtot      =     -8040.9238
 BOND   =         1.7442  ANGLE   =        12.8356  DIHED      =         1.1896
 1-4 NB =         8.5009  1-4 EEL =       -37.8110  VDWAALS    =      1656.5730
 EELEC  =     -9685.3456  EHBOND  =         0.0000  RESTRAINT  =         1.3894
 EAMBER (non-restraint)  =     -8042.3133
 ------------------------------------------------------------------------------


 NSTEP =     8000   TIME(PS) =      68.000  TEMP(K) =    49.38  PRESS =     0.0
 Etot   =     -7857.6085  EKtot   =       183.4582  EPtot      =     -8041.0667
 BOND   =         1.0918  ANGLE   =        13.2800  DIHED      =         0.5939
 1-4 NB =         8.5021  1-4 EEL =       -37.6983  VDWAALS    =      1647.7397
 EELEC  =     -9676.2019  EHBOND  =         0.0000  RESTRAINT  =         1.6260
 EAMBER (non-restraint)  =     -8042.6927
 ------------------------------------------------------------------------------


 NSTEP =     8100   TIME(PS) =      68.100  TEMP(K) =    46.95  PRESS =     0.0
 Etot   =     -7855.8031  EKtot   =       174.4376  EPtot      =     -8030.2407
 BOND   =         1.2886  ANGLE   =        13.3039  DIHED      =         0.9320
 1-4 NB =         8.3920  1-4 EEL =       -37.8793  VDWAALS    =      1650.7919
 EELEC  =     -9668.7001  EHBOND  =         0.0000  RESTRAINT  =         1.6302
 EAMBER (non-restraint)  =     -8031.8709
 ------------------------------------------------------------------------------


 NSTEP =     8200   TIME(PS) =      68.200  TEMP(K) =    49.34  PRESS =     0.0
 Etot   =     -7852.7080  EKtot   =       183.3066  EPtot      =     -8036.0147
 BOND   =         2.0221  ANGLE   =        12.4141  DIHED      =         0.9435
 1-4 NB =         8.1160  1-4 EEL =       -37.5963  VDWAALS    =      1626.7870
 EELEC  =     -9650.1278  EHBOND  =         0.0000  RESTRAINT  =         1.4267
 EAMBER (non-restraint)  =     -8037.4414
 ------------------------------------------------------------------------------


 NSTEP =     8300   TIME(PS) =      68.300  TEMP(K) =    49.76  PRESS =     0.0
 Etot   =     -7854.1617  EKtot   =       184.8534  EPtot      =     -8039.0151
 BOND   =         3.1888  ANGLE   =        12.2230  DIHED      =         0.7240
 1-4 NB =         8.0230  1-4 EEL =       -37.9150  VDWAALS    =      1624.2748
 EELEC  =     -9651.3275  EHBOND  =         0.0000  RESTRAINT  =         1.7937
 EAMBER (non-restraint)  =     -8040.8088
 ------------------------------------------------------------------------------


 NSTEP =     8400   TIME(PS) =      68.400  TEMP(K) =    49.01  PRESS =     0.0
 Etot   =     -7851.6694  EKtot   =       182.0691  EPtot      =     -8033.7385
 BOND   =         2.2313  ANGLE   =        12.1952  DIHED      =         0.9059
 1-4 NB =         7.9446  1-4 EEL =       -37.5326  VDWAALS    =      1633.9490
 EELEC  =     -9654.9922  EHBOND  =         0.0000  RESTRAINT  =         1.5604
 EAMBER (non-restraint)  =     -8035.2989
 ------------------------------------------------------------------------------


 NSTEP =     8500   TIME(PS) =      68.500  TEMP(K) =    52.06  PRESS =     0.0
 Etot   =     -7853.5369  EKtot   =       193.4123  EPtot      =     -8046.9492
 BOND   =         1.7818  ANGLE   =        13.0209  DIHED      =         0.8621
 1-4 NB =         8.1347  1-4 EEL =       -37.8883  VDWAALS    =      1643.1220
 EELEC  =     -9677.4658  EHBOND  =         0.0000  RESTRAINT  =         1.4835
 EAMBER (non-restraint)  =     -8048.4327
 ------------------------------------------------------------------------------


 NSTEP =     8600   TIME(PS) =      68.600  TEMP(K) =    48.95  PRESS =     0.0
 Etot   =     -7854.4310  EKtot   =       181.8616  EPtot      =     -8036.2926
 BOND   =         1.3673  ANGLE   =        13.0354  DIHED      =         1.0593
 1-4 NB =         8.2321  1-4 EEL =       -37.4757  VDWAALS    =      1637.3060
 EELEC  =     -9660.7808  EHBOND  =         0.0000  RESTRAINT  =         0.9639
 EAMBER (non-restraint)  =     -8037.2564
 ------------------------------------------------------------------------------


 NSTEP =     8700   TIME(PS) =      68.700  TEMP(K) =    49.13  PRESS =     0.0
 Etot   =     -7856.4588  EKtot   =       182.5246  EPtot      =     -8038.9834
 BOND   =         1.6905  ANGLE   =        12.9498  DIHED      =         0.7320
 1-4 NB =         8.3325  1-4 EEL =       -37.5852  VDWAALS    =      1655.6927
 EELEC  =     -9682.4558  EHBOND  =         0.0000  RESTRAINT  =         1.6601
 EAMBER (non-restraint)  =     -8040.6435
 ------------------------------------------------------------------------------


 NSTEP =     8800   TIME(PS) =      68.800  TEMP(K) =    48.55  PRESS =     0.0
 Etot   =     -7858.3527  EKtot   =       180.3509  EPtot      =     -8038.7036
 BOND   =         1.7281  ANGLE   =        12.4441  DIHED      =         0.4458
 1-4 NB =         8.5197  1-4 EEL =       -37.7594  VDWAALS    =      1654.9631
 EELEC  =     -9680.1859  EHBOND  =         0.0000  RESTRAINT  =         1.1409
 EAMBER (non-restraint)  =     -8039.8445
 ------------------------------------------------------------------------------


 NSTEP =     8900   TIME(PS) =      68.900  TEMP(K) =    49.94  PRESS =     0.0
 Etot   =     -7852.2747  EKtot   =       185.5194  EPtot      =     -8037.7941
 BOND   =         1.6120  ANGLE   =        12.5522  DIHED      =         1.0564
 1-4 NB =         8.5748  1-4 EEL =       -37.9082  VDWAALS    =      1623.5929
 EELEC  =     -9648.6458  EHBOND  =         0.0000  RESTRAINT  =         1.3715
 EAMBER (non-restraint)  =     -8039.1656
 ------------------------------------------------------------------------------


 NSTEP =     9000   TIME(PS) =      69.000  TEMP(K) =    50.07  PRESS =     0.0
 Etot   =     -7849.4462  EKtot   =       186.0205  EPtot      =     -8035.4667
 BOND   =         2.3811  ANGLE   =        11.9440  DIHED      =         0.5942
 1-4 NB =         8.7063  1-4 EEL =       -37.5560  VDWAALS    =      1638.7538
 EELEC  =     -9661.7926  EHBOND  =         0.0000  RESTRAINT  =         1.5025
 EAMBER (non-restraint)  =     -8036.9692
 ------------------------------------------------------------------------------


 NSTEP =     9100   TIME(PS) =      69.100  TEMP(K) =    51.34  PRESS =     0.0
 Etot   =     -7851.3243  EKtot   =       190.7450  EPtot      =     -8042.0693
 BOND   =         1.5851  ANGLE   =        12.7099  DIHED      =         0.7130
 1-4 NB =         8.7110  1-4 EEL =       -37.7839  VDWAALS    =      1642.3903
 EELEC  =     -9671.3409  EHBOND  =         0.0000  RESTRAINT  =         0.9461
 EAMBER (non-restraint)  =     -8043.0154
 ------------------------------------------------------------------------------


 NSTEP =     9200   TIME(PS) =      69.200  TEMP(K) =    50.33  PRESS =     0.0
 Etot   =     -7849.6885  EKtot   =       186.9929  EPtot      =     -8036.6814
 BOND   =         1.4371  ANGLE   =        12.5395  DIHED      =         0.9677
 1-4 NB =         8.5721  1-4 EEL =       -37.7466  VDWAALS    =      1634.8142
 EELEC  =     -9658.6622  EHBOND  =         0.0000  RESTRAINT  =         1.3969
 EAMBER (non-restraint)  =     -8038.0783
 ------------------------------------------------------------------------------


 NSTEP =     9300   TIME(PS) =      69.300  TEMP(K) =    49.21  PRESS =     0.0
 Etot   =     -7851.5317  EKtot   =       182.8169  EPtot      =     -8034.3485
 BOND   =         2.0740  ANGLE   =        12.3134  DIHED      =         0.6948
 1-4 NB =         8.4179  1-4 EEL =       -37.8872  VDWAALS    =      1656.8363
 EELEC  =     -9678.2349  EHBOND  =         0.0000  RESTRAINT  =         1.4371
 EAMBER (non-restraint)  =     -8035.7856
 ------------------------------------------------------------------------------


 NSTEP =     9400   TIME(PS) =      69.400  TEMP(K) =    48.48  PRESS =     0.0
 Etot   =     -7848.1249  EKtot   =       180.1154  EPtot      =     -8028.2403
 BOND   =         1.8732  ANGLE   =        12.6278  DIHED      =         1.0824
 1-4 NB =         8.3955  1-4 EEL =       -37.6780  VDWAALS    =      1618.2491
 EELEC  =     -9633.9960  EHBOND  =         0.0000  RESTRAINT  =         1.2057
 EAMBER (non-restraint)  =     -8029.4460
 ------------------------------------------------------------------------------


 NSTEP =     9500   TIME(PS) =      69.500  TEMP(K) =    51.32  PRESS =     0.0
 Etot   =     -7849.5842  EKtot   =       190.6696  EPtot      =     -8040.2538
 BOND   =         2.1255  ANGLE   =        12.4967  DIHED      =         0.8017
 1-4 NB =         7.9940  1-4 EEL =       -37.6193  VDWAALS    =      1610.1856
 EELEC  =     -9637.2002  EHBOND  =         0.0000  RESTRAINT  =         0.9623
 EAMBER (non-restraint)  =     -8041.2161
 ------------------------------------------------------------------------------


 NSTEP =     9600   TIME(PS) =      69.600  TEMP(K) =    48.77  PRESS =     0.0
 Etot   =     -7852.8093  EKtot   =       181.1821  EPtot      =     -8033.9914
 BOND   =         1.6759  ANGLE   =        13.1155  DIHED      =         0.8643
 1-4 NB =         8.3099  1-4 EEL =       -37.8745  VDWAALS    =      1628.1852
 EELEC  =     -9649.8479  EHBOND  =         0.0000  RESTRAINT  =         1.5801
 EAMBER (non-restraint)  =     -8035.5716
 ------------------------------------------------------------------------------


 NSTEP =     9700   TIME(PS) =      69.700  TEMP(K) =    49.87  PRESS =     0.0
 Etot   =     -7855.6033  EKtot   =       185.2863  EPtot      =     -8040.8896
 BOND   =         2.0878  ANGLE   =        12.4858  DIHED      =         1.1403
 1-4 NB =         8.0661  1-4 EEL =       -37.5882  VDWAALS    =      1634.1141
 EELEC  =     -9662.2471  EHBOND  =         0.0000  RESTRAINT  =         1.0517
 EAMBER (non-restraint)  =     -8041.9413
 ------------------------------------------------------------------------------


 NSTEP =     9800   TIME(PS) =      69.800  TEMP(K) =    49.02  PRESS =     0.0
 Etot   =     -7853.9360  EKtot   =       182.1277  EPtot      =     -8036.0638
 BOND   =         1.7441  ANGLE   =        12.4621  DIHED      =         0.5793
 1-4 NB =         8.1525  1-4 EEL =       -37.5359  VDWAALS    =      1671.5969
 EELEC  =     -9694.4592  EHBOND  =         0.0000  RESTRAINT  =         1.3964
 EAMBER (non-restraint)  =     -8037.4601
 ------------------------------------------------------------------------------


 NSTEP =     9900   TIME(PS) =      69.900  TEMP(K) =    49.72  PRESS =     0.0
 Etot   =     -7856.8143  EKtot   =       184.7292  EPtot      =     -8041.5435
 BOND   =         1.8754  ANGLE   =        12.5050  DIHED      =         0.8243
 1-4 NB =         8.1749  1-4 EEL =       -37.8929  VDWAALS    =      1645.4173
 EELEC  =     -9673.6995  EHBOND  =         0.0000  RESTRAINT  =         1.2519
 EAMBER (non-restraint)  =     -8042.7954
 ------------------------------------------------------------------------------


 NSTEP =    10000   TIME(PS) =      70.000  TEMP(K) =    49.53  PRESS =     0.0
 Etot   =     -7857.2677  EKtot   =       184.0147  EPtot      =     -8041.2824
 BOND   =         2.4540  ANGLE   =        12.0157  DIHED      =         1.0407
 1-4 NB =         8.0881  1-4 EEL =       -37.5280  VDWAALS    =      1630.0456
 EELEC  =     -9658.9966  EHBOND  =         0.0000  RESTRAINT  =         1.5981
 EAMBER (non-restraint)  =     -8042.8804
 ------------------------------------------------------------------------------


      A V E R A G E S   O V E R     100 S T E P S


 NSTEP =    10000   TIME(PS) =      70.000  TEMP(K) =    48.94  PRESS =     0.0
 Etot   =     -7858.0046  EKtot   =       181.8143  EPtot      =     -8039.8189
 BOND   =         1.9397  ANGLE   =        12.5506  DIHED      =         0.9512
 1-4 NB =         8.2939  1-4 EEL =       -37.7157  VDWAALS    =      1633.2003
 EELEC  =     -9660.4388  EHBOND  =         0.0000  RESTRAINT  =         1.3999
 EAMBER (non-restraint)  =     -8041.2188
 ------------------------------------------------------------------------------


      R M S  F L U C T U A T I O N S


 NSTEP =    10000   TIME(PS) =      70.000  TEMP(K) =     2.16  PRESS =     0.0
 Etot   =        15.4618  EKtot   =         8.0344  EPtot      =         8.6707
 BOND   =         0.3973  ANGLE   =         0.3685  DIHED      =         0.2213
 1-4 NB =         0.2967  1-4 EEL =         0.1233  VDWAALS    =        13.7261
 EELEC  =        17.3516  EHBOND  =         0.0000  RESTRAINT  =         0.2952
 EAMBER (non-restraint)  =         8.3755
 ------------------------------------------------------------------------------

--------------------------------------------------------------------------------
   5.  TIMINGS
--------------------------------------------------------------------------------

|  NonSetup CPU Time in Major Routines:
|
|     Routine           Sec        %
|     ------------------------------
|     Nonbond           1.50   30.60
|     Bond              0.00    0.00
|     Angle             0.00    0.00
|     Dihedral          0.00    0.00
|     Shake             0.07    1.38
|     RunMD             3.32   67.49
|     Other             0.03    0.53
|     ------------------------------
|     Total             4.91

|  PME Nonbond Pairlist CPU Time:
|
|     Routine              Sec        %
|     ---------------------------------
|     Set Up Cit           0.00    0.00
|     Build List           0.00    0.00
|     ---------------------------------
|     Total                0.00    0.00

|  PME Direct Force CPU Time:
|
|     Routine              Sec        %
|     ---------------------------------
|     NonBonded Calc       0.00    0.00
|     Exclude Masked       0.00    0.00
|     Other                0.02    0.43
|     ---------------------------------
|     Total                0.02    0.43

|  PME Reciprocal Force CPU Time:
|
|     Routine              Sec        %
|     ---------------------------------
|     1D bspline           0.00    0.00
|     Grid Charges         0.00    0.00
|     Scalar Sum           0.00    0.00
|     Gradient Sum         0.00    0.00
|     FFT                  0.00    0.00
|     ---------------------------------
|     Total                0.00    0.00

|  Final Performance Info:
|     -----------------------------------------------------
|     Average timings for last    9900 steps:
|         Elapsed(s) =       4.86 Per Step(ms) =       0.49
|             ns/day =     176.03   seconds/ns =     490.83
|
|     Average timings for all steps:
|         Elapsed(s) =       4.91 Per Step(ms) =       0.49
|             ns/day =     175.80   seconds/ns =     491.47
|     -----------------------------------------------------

|  Setup CPU time:            1.28 seconds
|  NonSetup CPU time:         4.91 seconds
|  Total CPU time:            6.19 seconds     0.00 hours

|  Setup wall time:           2    seconds
|  NonSetup wall time:        5    seconds
|  Total wall time:           7    seconds     0.00 hours
