
          -------------------------------------------------------
          Amber 14 SANDER                              2014
          -------------------------------------------------------

| PMEMD implementation of SANDER, Release 14

| Run on 07/14/2019 at 01:50:47

|   Executable path: pmemd.cuda
| Working directory: /home2/2019summer/Fanchunhao/MD/DHB_MD
|          Hostname: linux-8k8u

  [-O]verwriting output

File Assignments:
|   MDIN: md_NVT_40K.in                                                         
|  MDOUT: DHB_box_NVT_heat_40K.out                                              
| INPCRD: DHB_box_NVT_heat_30K.rst                                              
|   PARM: DHB_box.prmtop                                                        
| RESTRT: DHB_box_NVT_heat_40K.rst                                              
|   REFC: DHB_box_NVT_heat_30K.rst                                              
|  MDVEL: mdvel                                                                 
|   MDEN: mden                                                                  
|  MDCRD: DHB_box_NVT_heat_40K.mdcrd                                            
| MDINFO: mdinfo                                                                
|  MDFRC: mdfrc                                                                 

 
 Here is the input file:
 
Molecular dynamics                                                             
 &cntrl                                                                        
  imin=0,                                                                      
  irest=1,                                                                     
  ntx=5,                                                                       
  ntb=1,                                                                       
  cut=10.0,                                                                    
  ntr=1                                                                        
  ntc=2,ntf=2                                                                  
  tempi=30.0,temp0=40.0                                                        
  ntt=3,gamma_ln=1.0                                                           
  nstlim=10000,dt=0.001,                                                       
  ntpr=100,ntwx=100,ntwr=100                                                   
 /                                                                             
#fix tje position                                                              
100.0                                                                          
RES 1                                                                          
END                                                                            
END                                                                            


 
|--------------------- INFORMATION ----------------------
| GPU (CUDA) Version of PMEMD in use: NVIDIA GPU IN USE.
|                    Version 14.0.1
| 
|                      06/20/2014
| 
| Implementation by:
|                    Ross C. Walker     (SDSC)
|                    Scott Le Grand     (nVIDIA)
| 
| CAUTION: The CUDA code is currently experimental.
|          You use it at your own risk. Be sure to
|          check ALL results carefully.
| 
| Precision model in use:
|      [SPFP] - Mixed Single/Double/Fixed Point Precision.
|               (Default)
| 
|--------------------------------------------------------
 
|----------------- CITATION INFORMATION -----------------
|
|    When publishing work that utilized the CUDA version
|    of AMBER, please cite the following in addition to
|    the regular AMBER citations:
|
|  - Romelia Salomon-Ferrer; Andreas W. Goetz; Duncan
|    Poole; Scott Le Grand; Ross C. Walker "Routine
|    microsecond molecular dynamics simulations with
|    AMBER - Part II: Particle Mesh Ewald", J. Chem.
|    Theory Comput., 2013, 9 (9), pp3878-3888,
|    DOI: 10.1021/ct400314y.
|
|  - Andreas W. Goetz; Mark J. Williamson; Dong Xu;
|    Duncan Poole; Scott Le Grand; Ross C. Walker
|    "Routine microsecond molecular dynamics simulations
|    with AMBER - Part I: Generalized Born", J. Chem.
|    Theory Comput., 2012, 8 (5), pp1542-1555.
|
|  - Scott Le Grand; Andreas W. Goetz; Ross C. Walker
|    "SPFP: Speed without compromise - a mixed precision
|    model for GPU accelerated molecular dynamics
|    simulations.", Comp. Phys. Comm., 2013, 184
|    pp374-380, DOI: 10.1016/j.cpc.2012.09.022
|
|--------------------------------------------------------
 
|------------------- GPU DEVICE INFO --------------------
|
|            CUDA_VISIBLE_DEVICES: not set
|   CUDA Capable Devices Detected:      2
|           CUDA Device ID in use:      1
|                CUDA Device Name: GeForce GTX TITAN X
|     CUDA Device Global Mem Size:  12287 MB
| CUDA Device Num Multiprocessors:     24
|           CUDA Device Core Freq:   1.08 GHz
|
|--------------------------------------------------------
 
 
| Conditional Compilation Defines Used:
| PUBFFT
| BINTRAJ
| CUDA
| EMIL
 
| Largest sphere to fit in unit cell has radius =    11.219

| New format PARM file being parsed.
| Version =    1.000 Date = 07/13/19 Time = 11:02:33

| Note: 1-4 EEL scale factors are being read from the topology file.

| Note: 1-4 VDW scale factors are being read from the topology file.
| Duplicated    0 dihedrals

| Duplicated    0 dihedrals

--------------------------------------------------------------------------------
   1.  RESOURCE   USE: 
--------------------------------------------------------------------------------

 getting new box info from bottom of inpcrd
 NATOM  =    2477 NTYPES =       8 NBONH =    1850 MBONA  =     629
 NTHETH =      16 MTHETA =      21 NPHIH =      35 MPHIA  =      33
 NHPARM =       0 NPARM  =       0 NNB   =    4407 NRES   =     615
 NBONA  =     629 NTHETA =      21 NPHIA =      33 NUMBND =      14
 NUMANG =      17 NPTRA  =       7 NATYP =      11 NPHB   =       1
 IFBOX  =       1 NMXRS  =      21 IFCAP =       0 NEXTRA =     614
 NCOPY  =       0

| Coordinate Index Table dimensions:     5    5    4
| Direct force subcell size =     5.8179    5.6505    5.6094

     BOX TYPE: RECTILINEAR

--------------------------------------------------------------------------------
   2.  CONTROL  DATA  FOR  THE  RUN
--------------------------------------------------------------------------------

default_name                                                                    

General flags:
     imin    =       0, nmropt  =       0

Nature and format of input:
     ntx     =       5, irest   =       1, ntrx    =       1

Nature and format of output:
     ntxo    =       1, ntpr    =     100, ntrx    =       1, ntwr    =     100
     iwrap   =       0, ntwx    =     100, ntwv    =       0, ntwe    =       0
     ioutfm  =       0, ntwprt  =       0, idecomp =       0, rbornstat=      0

Potential function:
     ntf     =       2, ntb     =       1, igb     =       0, nsnb    =      25
     ipol    =       0, gbsa    =       0, iesp    =       0
     dielc   =   1.00000, cut     =  10.00000, intdiel =   1.00000

Frozen or restrained atoms:
     ibelly  =       0, ntr     =       1
     restraint_wt =   0.00000

Molecular dynamics:
     nstlim  =     10000, nscm    =         0, nrespa  =         1
     t       =   0.00000, dt      =   0.00100, vlimit  =  -1.00000

Langevin dynamics temperature regulation:
     ig      =   71277
     temp0   =  40.00000, tempi   =  30.00000, gamma_ln=   1.00000

SHAKE:
     ntc     =       2, jfastw  =       0
     tol     =   0.00001

| Intermolecular bonds treatment:
|     no_intermolecular_bonds =       1

| Energy averages sample interval:
|     ene_avg_sampling =     100

Extra-points options:
     frameon =       1, chngmask=       1

Ewald parameters:
     verbose =       0, ew_type =       0, nbflag  =       1, use_pme =       1
     vdwmeth =       1, eedmeth =       1, netfrc  =       1
     Box X =   29.089   Box Y =   28.253   Box Z =   22.438
     Alpha =   90.000   Beta  =   90.000   Gamma =   90.000
     NFFT1 =   32       NFFT2 =   32       NFFT3 =   24
     Cutoff=   10.000   Tol   =0.100E-04
     Ewald Coefficient =  0.27511
     Interpolation order =    4

    LOADING THE CONSTRAINED ATOMS AS GROUPS


   5.  REFERENCE ATOM COORDINATES

  default_name                                                                    
    ----- READING GROUP     1; TITLE:
 #fix tje position                                                           

     GROUP    1 HAS HARMONIC CONSTRAINTS   100.00000
 GRP    1 RES    1 TO     1
      Number of atoms in this group  =    21
    ----- END OF GROUP READ -----
|      EXTRA_PTS, trim_bonds: num bonds BEFORE trim =  1850     0
|      EXTRA_PTS, trim_bonds: num bonds AFTER  trim =  1850     0
|      EXTRA_PTS, trim_bonds: num bonds BEFORE trim =   629     0
|      EXTRA_PTS, trim_bonds: num bonds AFTER  trim =    15     0
|      EXTRA_PTS, trim_theta: num angle BEFORE trim =    16     0
|      EXTRA_PTS, trim_theta: num angle AFTER  trim =    16     0
|      EXTRA_PTS, trim_theta: num angle BEFORE trim =    21     0
|      EXTRA_PTS, trim_theta: num angle AFTER  trim =    21     0
|      EXTRA_PTS, trim_phi:  num diheds BEFORE trim =    35     0
|      EXTRA_PTS, trim_phi:  num diheds AFTER  trim =    35     0
|      EXTRA_PTS, trim_phi:  num diheds BEFORE trim =    33     0
|      EXTRA_PTS, trim_phi:  num diheds AFTER  trim =    33     0

--------------------------------------------------------------------------------
   3.  ATOMIC COORDINATES AND VELOCITIES
--------------------------------------------------------------------------------

default_name                                                                    
 begin time read from input coords =    50.000 ps

 
 Number of triangulated 3-point waters found:      614

     Sum of charges from parm topology file =   0.00200000
     Forcing neutrality...

| Dynamic Memory, Types Used:
| Reals              219001
| Integers           117895

| Nonbonded Pairs Initial Allocation:      749230

| GPU memory information (estimate):
| KB of GPU memory in use:     20211
| KB of CPU memory in use:      4323

--------------------------------------------------------------------------------
   4.  RESULTS
--------------------------------------------------------------------------------

 ---------------------------------------------------
 APPROXIMATING switch and d/dx switch using CUBIC SPLINE INTERPOLATION
 using   5000.0 points per unit in tabled values
 TESTING RELATIVE ERROR over r ranging from 0.0 to cutoff
| CHECK switch(x): max rel err =   0.3316E-14   at   2.351880
| CHECK d/dx switch(x): max rel err =   0.8066E-11   at   2.747240
 ---------------------------------------------------
|---------------------------------------------------
| APPROXIMATING direct energy using CUBIC SPLINE INTERPOLATION
|  with   50.0 points per unit in tabled values
| Relative Error Limit not exceeded for r .gt.   2.34
| APPROXIMATING direct force using CUBIC SPLINE INTERPOLATION
|  with   50.0 points per unit in tabled values
| Relative Error Limit not exceeded for r .gt.   2.81
|---------------------------------------------------

 NSTEP =      100   TIME(PS) =      50.100  TEMP(K) =    30.92  PRESS =     0.0
 Etot   =     -7989.3553  EKtot   =       114.8742  EPtot      =     -8104.2295
 BOND   =         1.6424  ANGLE   =        12.1163  DIHED      =         0.4470
 1-4 NB =         8.4690  1-4 EEL =       -37.8953  VDWAALS    =      1651.0473
 EELEC  =     -9740.8915  EHBOND  =         0.0000  RESTRAINT  =         0.8354
 EAMBER (non-restraint)  =     -8105.0649
 ------------------------------------------------------------------------------


 NSTEP =      200   TIME(PS) =      50.200  TEMP(K) =    33.63  PRESS =     0.0
 Etot   =     -7983.6451  EKtot   =       124.9312  EPtot      =     -8108.5763
 BOND   =         1.7279  ANGLE   =        12.2204  DIHED      =         0.7839
 1-4 NB =         8.5131  1-4 EEL =       -37.7915  VDWAALS    =      1635.3841
 EELEC  =     -9730.0575  EHBOND  =         0.0000  RESTRAINT  =         0.6432
 EAMBER (non-restraint)  =     -8109.2195
 ------------------------------------------------------------------------------


 NSTEP =      300   TIME(PS) =      50.300  TEMP(K) =    33.19  PRESS =     0.0
 Etot   =     -7977.4560  EKtot   =       123.3174  EPtot      =     -8100.7734
 BOND   =         1.4557  ANGLE   =        12.1010  DIHED      =         0.6089
 1-4 NB =         8.5402  1-4 EEL =       -37.8083  VDWAALS    =      1647.1258
 EELEC  =     -9733.5091  EHBOND  =         0.0000  RESTRAINT  =         0.7124
 EAMBER (non-restraint)  =     -8101.4858
 ------------------------------------------------------------------------------


 NSTEP =      400   TIME(PS) =      50.400  TEMP(K) =    34.34  PRESS =     0.0
 Etot   =     -7970.9246  EKtot   =       127.5934  EPtot      =     -8098.5180
 BOND   =         1.5703  ANGLE   =        12.0108  DIHED      =         0.6111
 1-4 NB =         8.6033  1-4 EEL =       -37.8897  VDWAALS    =      1650.7060
 EELEC  =     -9734.7630  EHBOND  =         0.0000  RESTRAINT  =         0.6333
 EAMBER (non-restraint)  =     -8099.1513
 ------------------------------------------------------------------------------


 NSTEP =      500   TIME(PS) =      50.500  TEMP(K) =    34.48  PRESS =     0.0
 Etot   =     -7967.9063  EKtot   =       128.1118  EPtot      =     -8096.0181
 BOND   =         1.8079  ANGLE   =        12.0220  DIHED      =         0.7460
 1-4 NB =         8.6201  1-4 EEL =       -37.9376  VDWAALS    =      1627.5959
 EELEC  =     -9709.5251  EHBOND  =         0.0000  RESTRAINT  =         0.6527
 EAMBER (non-restraint)  =     -8096.6709
 ------------------------------------------------------------------------------


 NSTEP =      600   TIME(PS) =      50.600  TEMP(K) =    34.39  PRESS =     0.0
 Etot   =     -7965.9847  EKtot   =       127.7730  EPtot      =     -8093.7577
 BOND   =         1.5815  ANGLE   =        11.9789  DIHED      =         0.4220
 1-4 NB =         8.6633  1-4 EEL =       -37.7193  VDWAALS    =      1621.0736
 EELEC  =     -9701.1189  EHBOND  =         0.0000  RESTRAINT  =         1.3611
 EAMBER (non-restraint)  =     -8095.1189
 ------------------------------------------------------------------------------


 NSTEP =      700   TIME(PS) =      50.700  TEMP(K) =    34.47  PRESS =     0.0
 Etot   =     -7960.9873  EKtot   =       128.0730  EPtot      =     -8089.0603
 BOND   =         1.5471  ANGLE   =        12.5730  DIHED      =         0.5753
 1-4 NB =         8.3358  1-4 EEL =       -37.9412  VDWAALS    =      1619.1321
 EELEC  =     -9694.3090  EHBOND  =         0.0000  RESTRAINT  =         1.0267
 EAMBER (non-restraint)  =     -8090.0870
 ------------------------------------------------------------------------------


 NSTEP =      800   TIME(PS) =      50.800  TEMP(K) =    35.56  PRESS =     0.0
 Etot   =     -7960.5588  EKtot   =       132.1001  EPtot      =     -8092.6589
 BOND   =         1.5662  ANGLE   =        12.1503  DIHED      =         0.9691
 1-4 NB =         8.3987  1-4 EEL =       -37.6437  VDWAALS    =      1609.8773
 EELEC  =     -9689.0491  EHBOND  =         0.0000  RESTRAINT  =         1.0724
 EAMBER (non-restraint)  =     -8093.7313
 ------------------------------------------------------------------------------


 NSTEP =      900   TIME(PS) =      50.900  TEMP(K) =    35.84  PRESS =     0.0
 Etot   =     -7957.3624  EKtot   =       133.1652  EPtot      =     -8090.5277
 BOND   =         1.9393  ANGLE   =        12.3134  DIHED      =         0.5685
 1-4 NB =         8.3024  1-4 EEL =       -37.8563  VDWAALS    =      1607.9325
 EELEC  =     -9684.7157  EHBOND  =         0.0000  RESTRAINT  =         0.9881
 EAMBER (non-restraint)  =     -8091.5158
 ------------------------------------------------------------------------------


 NSTEP =     1000   TIME(PS) =      51.000  TEMP(K) =    35.31  PRESS =     0.0
 Etot   =     -7956.2723  EKtot   =       131.1745  EPtot      =     -8087.4468
 BOND   =         2.2755  ANGLE   =        11.9683  DIHED      =         0.8353
 1-4 NB =         8.1079  1-4 EEL =       -37.5111  VDWAALS    =      1638.5187
 EELEC  =     -9712.5210  EHBOND  =         0.0000  RESTRAINT  =         0.8796
 EAMBER (non-restraint)  =     -8088.3264
 ------------------------------------------------------------------------------


 NSTEP =     1100   TIME(PS) =      51.100  TEMP(K) =    36.12  PRESS =     0.0
 Etot   =     -7953.0826  EKtot   =       134.2018  EPtot      =     -8087.2844
 BOND   =         2.2734  ANGLE   =        12.2448  DIHED      =         0.6858
 1-4 NB =         8.1691  1-4 EEL =       -38.0139  VDWAALS    =      1655.8431
 EELEC  =     -9729.4821  EHBOND  =         0.0000  RESTRAINT  =         0.9954
 EAMBER (non-restraint)  =     -8088.2798
 ------------------------------------------------------------------------------


 NSTEP =     1200   TIME(PS) =      51.200  TEMP(K) =    36.97  PRESS =     0.0
 Etot   =     -7950.4448  EKtot   =       137.3509  EPtot      =     -8087.7957
 BOND   =         1.7579  ANGLE   =        12.3464  DIHED      =         0.6474
 1-4 NB =         8.1826  1-4 EEL =       -37.6079  VDWAALS    =      1654.5099
 EELEC  =     -9728.5951  EHBOND  =         0.0000  RESTRAINT  =         0.9632
 EAMBER (non-restraint)  =     -8088.7588
 ------------------------------------------------------------------------------


 NSTEP =     1300   TIME(PS) =      51.300  TEMP(K) =    37.60  PRESS =     0.0
 Etot   =     -7947.5171  EKtot   =       139.6908  EPtot      =     -8087.2079
 BOND   =         2.0996  ANGLE   =        12.1355  DIHED      =         0.6888
 1-4 NB =         8.2617  1-4 EEL =       -37.7349  VDWAALS    =      1620.0158
 EELEC  =     -9693.4489  EHBOND  =         0.0000  RESTRAINT  =         0.7746
 EAMBER (non-restraint)  =     -8087.9825
 ------------------------------------------------------------------------------


 NSTEP =     1400   TIME(PS) =      51.400  TEMP(K) =    37.10  PRESS =     0.0
 Etot   =     -7942.3392  EKtot   =       137.8228  EPtot      =     -8080.1621
 BOND   =         2.3570  ANGLE   =        12.3977  DIHED      =         0.6149
 1-4 NB =         8.2798  1-4 EEL =       -37.6584  VDWAALS    =      1640.4404
 EELEC  =     -9707.8158  EHBOND  =         0.0000  RESTRAINT  =         1.2224
 EAMBER (non-restraint)  =     -8081.3844
 ------------------------------------------------------------------------------


 NSTEP =     1500   TIME(PS) =      51.500  TEMP(K) =    38.64  PRESS =     0.0
 Etot   =     -7939.2672  EKtot   =       143.5526  EPtot      =     -8082.8198
 BOND   =         1.9465  ANGLE   =        12.5677  DIHED      =         0.5726
 1-4 NB =         8.2717  1-4 EEL =       -37.8680  VDWAALS    =      1660.7788
 EELEC  =     -9730.4640  EHBOND  =         0.0000  RESTRAINT  =         1.3749
 EAMBER (non-restraint)  =     -8084.1947
 ------------------------------------------------------------------------------


 NSTEP =     1600   TIME(PS) =      51.600  TEMP(K) =    37.56  PRESS =     0.0
 Etot   =     -7937.1985  EKtot   =       139.5471  EPtot      =     -8076.7456
 BOND   =         2.3481  ANGLE   =        12.1122  DIHED      =         0.6522
 1-4 NB =         8.2284  1-4 EEL =       -37.7213  VDWAALS    =      1627.1682
 EELEC  =     -9690.7981  EHBOND  =         0.0000  RESTRAINT  =         1.2647
 EAMBER (non-restraint)  =     -8078.0103
 ------------------------------------------------------------------------------


 NSTEP =     1700   TIME(PS) =      51.700  TEMP(K) =    38.92  PRESS =     0.0
 Etot   =     -7935.4842  EKtot   =       144.5858  EPtot      =     -8080.0701
 BOND   =         1.9056  ANGLE   =        12.4620  DIHED      =         1.1028
 1-4 NB =         8.3472  1-4 EEL =       -37.8329  VDWAALS    =      1645.8217
 EELEC  =     -9713.5256  EHBOND  =         0.0000  RESTRAINT  =         1.6492
 EAMBER (non-restraint)  =     -8081.7193
 ------------------------------------------------------------------------------


 NSTEP =     1800   TIME(PS) =      51.800  TEMP(K) =    40.22  PRESS =     0.0
 Etot   =     -7933.5850  EKtot   =       149.4081  EPtot      =     -8082.9931
 BOND   =         2.4788  ANGLE   =        11.9276  DIHED      =         0.8197
 1-4 NB =         8.4388  1-4 EEL =       -37.5195  VDWAALS    =      1614.2610
 EELEC  =     -9684.5797  EHBOND  =         0.0000  RESTRAINT  =         1.1803
 EAMBER (non-restraint)  =     -8084.1733
 ------------------------------------------------------------------------------


 NSTEP =     1900   TIME(PS) =      51.900  TEMP(K) =    38.49  PRESS =     0.0
 Etot   =     -7929.1998  EKtot   =       142.9840  EPtot      =     -8072.1838
 BOND   =         1.8159  ANGLE   =        12.2080  DIHED      =         0.5299
 1-4 NB =         8.4377  1-4 EEL =       -38.0460  VDWAALS    =      1654.2649
 EELEC  =     -9712.7113  EHBOND  =         0.0000  RESTRAINT  =         1.3173
 EAMBER (non-restraint)  =     -8073.5011
 ------------------------------------------------------------------------------


 NSTEP =     2000   TIME(PS) =      52.000  TEMP(K) =    39.31  PRESS =     0.0
 Etot   =     -7931.5443  EKtot   =       146.0217  EPtot      =     -8077.5660
 BOND   =         1.9404  ANGLE   =        12.1734  DIHED      =         0.7900
 1-4 NB =         8.4776  1-4 EEL =       -37.4881  VDWAALS    =      1638.0918
 EELEC  =     -9702.9690  EHBOND  =         0.0000  RESTRAINT  =         1.4179
 EAMBER (non-restraint)  =     -8078.9838
 ------------------------------------------------------------------------------


 NSTEP =     2100   TIME(PS) =      52.100  TEMP(K) =    38.34  PRESS =     0.0
 Etot   =     -7931.1542  EKtot   =       142.4510  EPtot      =     -8073.6051
 BOND   =         2.4361  ANGLE   =        12.1185  DIHED      =         0.6674
 1-4 NB =         8.2806  1-4 EEL =       -37.9773  VDWAALS    =      1636.4329
 EELEC  =     -9697.0271  EHBOND  =         0.0000  RESTRAINT  =         1.4637
 EAMBER (non-restraint)  =     -8075.0689
 ------------------------------------------------------------------------------


 NSTEP =     2200   TIME(PS) =      52.200  TEMP(K) =    39.78  PRESS =     0.0
 Etot   =     -7928.8281  EKtot   =       147.7997  EPtot      =     -8076.6278
 BOND   =         1.3770  ANGLE   =        12.7117  DIHED      =         0.7647
 1-4 NB =         8.4540  1-4 EEL =       -37.3186  VDWAALS    =      1637.1602
 EELEC  =     -9701.2187  EHBOND  =         0.0000  RESTRAINT  =         1.4418
 EAMBER (non-restraint)  =     -8078.0696
 ------------------------------------------------------------------------------


 NSTEP =     2300   TIME(PS) =      52.300  TEMP(K) =    40.14  PRESS =     0.0
 Etot   =     -7927.4578  EKtot   =       149.1254  EPtot      =     -8076.5833
 BOND   =         1.4834  ANGLE   =        12.7389  DIHED      =         0.6749
 1-4 NB =         8.2885  1-4 EEL =       -37.8270  VDWAALS    =      1633.1132
 EELEC  =     -9696.4758  EHBOND  =         0.0000  RESTRAINT  =         1.4206
 EAMBER (non-restraint)  =     -8078.0039
 ------------------------------------------------------------------------------


 NSTEP =     2400   TIME(PS) =      52.400  TEMP(K) =    39.11  PRESS =     0.0
 Etot   =     -7930.7738  EKtot   =       145.2783  EPtot      =     -8076.0521
 BOND   =         1.8713  ANGLE   =        12.3668  DIHED      =         0.7265
 1-4 NB =         8.3461  1-4 EEL =       -37.4128  VDWAALS    =      1642.2520
 EELEC  =     -9705.7998  EHBOND  =         0.0000  RESTRAINT  =         1.5979
 EAMBER (non-restraint)  =     -8077.6500
 ------------------------------------------------------------------------------


 NSTEP =     2500   TIME(PS) =      52.500  TEMP(K) =    39.20  PRESS =     0.0
 Etot   =     -7927.1176  EKtot   =       145.6264  EPtot      =     -8072.7440
 BOND   =         2.5403  ANGLE   =        11.8342  DIHED      =         0.6365
 1-4 NB =         8.3937  1-4 EEL =       -37.7643  VDWAALS    =      1649.0193
 EELEC  =     -9708.5828  EHBOND  =         0.0000  RESTRAINT  =         1.1791
 EAMBER (non-restraint)  =     -8073.9232
 ------------------------------------------------------------------------------


 NSTEP =     2600   TIME(PS) =      52.600  TEMP(K) =    39.06  PRESS =     0.0
 Etot   =     -7931.4671  EKtot   =       145.1072  EPtot      =     -8076.5743
 BOND   =         2.6346  ANGLE   =        11.5893  DIHED      =         0.9014
 1-4 NB =         8.4144  1-4 EEL =       -37.7091  VDWAALS    =      1663.7415
 EELEC  =     -9726.9941  EHBOND  =         0.0000  RESTRAINT  =         0.8476
 EAMBER (non-restraint)  =     -8077.4219
 ------------------------------------------------------------------------------


 NSTEP =     2700   TIME(PS) =      52.700  TEMP(K) =    39.63  PRESS =     0.0
 Etot   =     -7928.2687  EKtot   =       147.2371  EPtot      =     -8075.5058
 BOND   =         1.7171  ANGLE   =        12.1030  DIHED      =         0.6558
 1-4 NB =         8.5123  1-4 EEL =       -37.6763  VDWAALS    =      1647.2020
 EELEC  =     -9709.4250  EHBOND  =         0.0000  RESTRAINT  =         1.4052
 EAMBER (non-restraint)  =     -8076.9111
 ------------------------------------------------------------------------------


 NSTEP =     2800   TIME(PS) =      52.800  TEMP(K) =    40.63  PRESS =     0.0
 Etot   =     -7929.0063  EKtot   =       150.9323  EPtot      =     -8079.9386
 BOND   =         1.6728  ANGLE   =        12.4142  DIHED      =         0.6665
 1-4 NB =         8.6135  1-4 EEL =       -37.6414  VDWAALS    =      1639.4148
 EELEC  =     -9706.2256  EHBOND  =         0.0000  RESTRAINT  =         1.1466
 EAMBER (non-restraint)  =     -8081.0852
 ------------------------------------------------------------------------------


 NSTEP =     2900   TIME(PS) =      52.900  TEMP(K) =    40.05  PRESS =     0.0
 Etot   =     -7924.7477  EKtot   =       148.8042  EPtot      =     -8073.5519
 BOND   =         1.4985  ANGLE   =        12.4231  DIHED      =         0.6773
 1-4 NB =         8.5678  1-4 EEL =       -37.7339  VDWAALS    =      1631.8907
 EELEC  =     -9692.0695  EHBOND  =         0.0000  RESTRAINT  =         1.1941
 EAMBER (non-restraint)  =     -8074.7459
 ------------------------------------------------------------------------------


 NSTEP =     3000   TIME(PS) =      53.000  TEMP(K) =    39.29  PRESS =     0.0
 Etot   =     -7927.6976  EKtot   =       145.9754  EPtot      =     -8073.6730
 BOND   =         2.3645  ANGLE   =        12.0845  DIHED      =         0.7438
 1-4 NB =         8.4161  1-4 EEL =       -37.8110  VDWAALS    =      1652.3662
 EELEC  =     -9713.0536  EHBOND  =         0.0000  RESTRAINT  =         1.2165
 EAMBER (non-restraint)  =     -8074.8895
 ------------------------------------------------------------------------------


 NSTEP =     3100   TIME(PS) =      53.100  TEMP(K) =    40.23  PRESS =     0.0
 Etot   =     -7926.6139  EKtot   =       149.4752  EPtot      =     -8076.0891
 BOND   =         2.9922  ANGLE   =        11.5819  DIHED      =         0.9417
 1-4 NB =         8.2654  1-4 EEL =       -37.7381  VDWAALS    =      1639.4870
 EELEC  =     -9702.9834  EHBOND  =         0.0000  RESTRAINT  =         1.3642
 EAMBER (non-restraint)  =     -8077.4533
 ------------------------------------------------------------------------------


 NSTEP =     3200   TIME(PS) =      53.200  TEMP(K) =    38.08  PRESS =     0.0
 Etot   =     -7928.3074  EKtot   =       141.4829  EPtot      =     -8069.7903
 BOND   =         2.2784  ANGLE   =        12.0274  DIHED      =         0.7919
 1-4 NB =         8.4699  1-4 EEL =       -37.6619  VDWAALS    =      1643.4260
 EELEC  =     -9700.4418  EHBOND  =         0.0000  RESTRAINT  =         1.3197
 EAMBER (non-restraint)  =     -8071.1100
 ------------------------------------------------------------------------------


 NSTEP =     3300   TIME(PS) =      53.300  TEMP(K) =    40.79  PRESS =     0.0
 Etot   =     -7927.6492  EKtot   =       151.5535  EPtot      =     -8079.2026
 BOND   =         2.2699  ANGLE   =        11.8922  DIHED      =         0.9574
 1-4 NB =         8.3527  1-4 EEL =       -37.7983  VDWAALS    =      1636.6542
 EELEC  =     -9702.8150  EHBOND  =         0.0000  RESTRAINT  =         1.2843
 EAMBER (non-restraint)  =     -8080.4870
 ------------------------------------------------------------------------------


 NSTEP =     3400   TIME(PS) =      53.400  TEMP(K) =    39.06  PRESS =     0.0
 Etot   =     -7926.4605  EKtot   =       145.1192  EPtot      =     -8071.5797
 BOND   =         1.4190  ANGLE   =        12.3948  DIHED      =         1.1697
 1-4 NB =         8.5478  1-4 EEL =       -37.7366  VDWAALS    =      1645.8179
 EELEC  =     -9704.6719  EHBOND  =         0.0000  RESTRAINT  =         1.4796
 EAMBER (non-restraint)  =     -8073.0593
 ------------------------------------------------------------------------------


 NSTEP =     3500   TIME(PS) =      53.500  TEMP(K) =    39.66  PRESS =     0.0
 Etot   =     -7921.9752  EKtot   =       147.3244  EPtot      =     -8069.2996
 BOND   =         1.9643  ANGLE   =        12.2926  DIHED      =         0.7858
 1-4 NB =         8.3619  1-4 EEL =       -37.5979  VDWAALS    =      1631.4778
 EELEC  =     -9688.0288  EHBOND  =         0.0000  RESTRAINT  =         1.4447
 EAMBER (non-restraint)  =     -8070.7442
 ------------------------------------------------------------------------------


 NSTEP =     3600   TIME(PS) =      53.600  TEMP(K) =    39.93  PRESS =     0.0
 Etot   =     -7920.8887  EKtot   =       148.3583  EPtot      =     -8069.2469
 BOND   =         2.0284  ANGLE   =        11.9069  DIHED      =         0.7155
 1-4 NB =         8.4962  1-4 EEL =       -37.7005  VDWAALS    =      1629.0869
 EELEC  =     -9685.1133  EHBOND  =         0.0000  RESTRAINT  =         1.3330
 EAMBER (non-restraint)  =     -8070.5799
 ------------------------------------------------------------------------------


 NSTEP =     3700   TIME(PS) =      53.700  TEMP(K) =    39.14  PRESS =     0.0
 Etot   =     -7921.9940  EKtot   =       145.4031  EPtot      =     -8067.3971
 BOND   =         1.9538  ANGLE   =        11.9724  DIHED      =         0.9049
 1-4 NB =         8.5217  1-4 EEL =       -37.9390  VDWAALS    =      1650.7928
 EELEC  =     -9704.7089  EHBOND  =         0.0000  RESTRAINT  =         1.1052
 EAMBER (non-restraint)  =     -8068.5023
 ------------------------------------------------------------------------------


 NSTEP =     3800   TIME(PS) =      53.800  TEMP(K) =    39.92  PRESS =     0.0
 Etot   =     -7922.8574  EKtot   =       148.2922  EPtot      =     -8071.1496
 BOND   =         2.6700  ANGLE   =        11.6862  DIHED      =         0.6817
 1-4 NB =         8.4119  1-4 EEL =       -37.7634  VDWAALS    =      1645.8388
 EELEC  =     -9703.9161  EHBOND  =         0.0000  RESTRAINT  =         1.2412
 EAMBER (non-restraint)  =     -8072.3908
 ------------------------------------------------------------------------------


 NSTEP =     3900   TIME(PS) =      53.900  TEMP(K) =    39.07  PRESS =     0.0
 Etot   =     -7925.2834  EKtot   =       145.1595  EPtot      =     -8070.4430
 BOND   =         1.8008  ANGLE   =        12.4030  DIHED      =         1.3239
 1-4 NB =         8.3779  1-4 EEL =       -37.8245  VDWAALS    =      1617.0034
 EELEC  =     -9675.1732  EHBOND  =         0.0000  RESTRAINT  =         1.6458
 EAMBER (non-restraint)  =     -8072.0888
 ------------------------------------------------------------------------------


 NSTEP =     4000   TIME(PS) =      54.000  TEMP(K) =    38.68  PRESS =     0.0
 Etot   =     -7927.7049  EKtot   =       143.6882  EPtot      =     -8071.3931
 BOND   =         1.8713  ANGLE   =        12.3031  DIHED      =         0.8616
 1-4 NB =         8.1119  1-4 EEL =       -37.7173  VDWAALS    =      1627.0206
 EELEC  =     -9685.1036  EHBOND  =         0.0000  RESTRAINT  =         1.2594
 EAMBER (non-restraint)  =     -8072.6525
 ------------------------------------------------------------------------------


 NSTEP =     4100   TIME(PS) =      54.100  TEMP(K) =    40.62  PRESS =     0.0
 Etot   =     -7925.0431  EKtot   =       150.8933  EPtot      =     -8075.9364
 BOND   =         1.4389  ANGLE   =        13.0955  DIHED      =         0.6335
 1-4 NB =         8.1685  1-4 EEL =       -37.7976  VDWAALS    =      1653.2998
 EELEC  =     -9716.0504  EHBOND  =         0.0000  RESTRAINT  =         1.2753
 EAMBER (non-restraint)  =     -8077.2117
 ------------------------------------------------------------------------------


 NSTEP =     4200   TIME(PS) =      54.200  TEMP(K) =    39.39  PRESS =     0.0
 Etot   =     -7924.7898  EKtot   =       146.3425  EPtot      =     -8071.1323
 BOND   =         2.0466  ANGLE   =        12.6666  DIHED      =         0.8701
 1-4 NB =         8.1716  1-4 EEL =       -37.6033  VDWAALS    =      1633.4432
 EELEC  =     -9691.5996  EHBOND  =         0.0000  RESTRAINT  =         0.8726
 EAMBER (non-restraint)  =     -8072.0049
 ------------------------------------------------------------------------------


 NSTEP =     4300   TIME(PS) =      54.300  TEMP(K) =    39.09  PRESS =     0.0
 Etot   =     -7927.0712  EKtot   =       145.2122  EPtot      =     -8072.2834
 BOND   =         1.9981  ANGLE   =        11.9185  DIHED      =         0.7246
 1-4 NB =         8.3072  1-4 EEL =       -37.6204  VDWAALS    =      1636.0097
 EELEC  =     -9694.8630  EHBOND  =         0.0000  RESTRAINT  =         1.2420
 EAMBER (non-restraint)  =     -8073.5254
 ------------------------------------------------------------------------------


 NSTEP =     4400   TIME(PS) =      54.400  TEMP(K) =    40.88  PRESS =     0.0
 Etot   =     -7926.6322  EKtot   =       151.8617  EPtot      =     -8078.4940
 BOND   =         2.4168  ANGLE   =        11.6831  DIHED      =         1.1676
 1-4 NB =         8.5158  1-4 EEL =       -37.8366  VDWAALS    =      1659.3599
 EELEC  =     -9725.0485  EHBOND  =         0.0000  RESTRAINT  =         1.2478
 EAMBER (non-restraint)  =     -8079.7418
 ------------------------------------------------------------------------------


 NSTEP =     4500   TIME(PS) =      54.500  TEMP(K) =    38.73  PRESS =     0.0
 Etot   =     -7928.5639  EKtot   =       143.8886  EPtot      =     -8072.4525
 BOND   =         2.3019  ANGLE   =        11.9738  DIHED      =         0.7394
 1-4 NB =         8.5885  1-4 EEL =       -37.7677  VDWAALS    =      1653.8586
 EELEC  =     -9713.3158  EHBOND  =         0.0000  RESTRAINT  =         1.1689
 EAMBER (non-restraint)  =     -8073.6214
 ------------------------------------------------------------------------------


 NSTEP =     4600   TIME(PS) =      54.600  TEMP(K) =    39.86  PRESS =     0.0
 Etot   =     -7927.5068  EKtot   =       148.0784  EPtot      =     -8075.5852
 BOND   =         1.7388  ANGLE   =        12.4803  DIHED      =         0.6737
 1-4 NB =         8.3739  1-4 EEL =       -37.6100  VDWAALS    =      1636.9806
 EELEC  =     -9699.3379  EHBOND  =         0.0000  RESTRAINT  =         1.1156
 EAMBER (non-restraint)  =     -8076.7007
 ------------------------------------------------------------------------------


 NSTEP =     4700   TIME(PS) =      54.700  TEMP(K) =    39.38  PRESS =     0.0
 Etot   =     -7923.3128  EKtot   =       146.2968  EPtot      =     -8069.6096
 BOND   =         1.6457  ANGLE   =        12.8457  DIHED      =         0.5910
 1-4 NB =         8.2876  1-4 EEL =       -37.4904  VDWAALS    =      1619.6949
 EELEC  =     -9676.2650  EHBOND  =         0.0000  RESTRAINT  =         1.0809
 EAMBER (non-restraint)  =     -8070.6905
 ------------------------------------------------------------------------------


 NSTEP =     4800   TIME(PS) =      54.800  TEMP(K) =    40.69  PRESS =     0.0
 Etot   =     -7924.0355  EKtot   =       151.1794  EPtot      =     -8075.2150
 BOND   =         1.7740  ANGLE   =        12.5243  DIHED      =         0.5577
 1-4 NB =         8.4608  1-4 EEL =       -37.7809  VDWAALS    =      1634.7889
 EELEC  =     -9697.0809  EHBOND  =         0.0000  RESTRAINT  =         1.5411
 EAMBER (non-restraint)  =     -8076.7561
 ------------------------------------------------------------------------------


 NSTEP =     4900   TIME(PS) =      54.900  TEMP(K) =    41.32  PRESS =     0.0
 Etot   =     -7923.6273  EKtot   =       153.4881  EPtot      =     -8077.1154
 BOND   =         1.8181  ANGLE   =        12.2855  DIHED      =         0.7782
 1-4 NB =         8.5263  1-4 EEL =       -37.7888  VDWAALS    =      1629.3380
 EELEC  =     -9693.3870  EHBOND  =         0.0000  RESTRAINT  =         1.3143
 EAMBER (non-restraint)  =     -8078.4297
 ------------------------------------------------------------------------------


 NSTEP =     5000   TIME(PS) =      55.000  TEMP(K) =    40.17  PRESS =     0.0
 Etot   =     -7920.8975  EKtot   =       149.2375  EPtot      =     -8070.1351
 BOND   =         2.5330  ANGLE   =        11.6704  DIHED      =         0.7443
 1-4 NB =         8.2771  1-4 EEL =       -37.5601  VDWAALS    =      1669.0178
 EELEC  =     -9726.0962  EHBOND  =         0.0000  RESTRAINT  =         1.2786
 EAMBER (non-restraint)  =     -8071.4137
 ------------------------------------------------------------------------------


 NSTEP =     5100   TIME(PS) =      55.100  TEMP(K) =    40.01  PRESS =     0.0
 Etot   =     -7923.9317  EKtot   =       148.6393  EPtot      =     -8072.5710
 BOND   =         2.6711  ANGLE   =        11.8878  DIHED      =         0.7304
 1-4 NB =         8.1079  1-4 EEL =       -37.4907  VDWAALS    =      1638.6300
 EELEC  =     -9698.4086  EHBOND  =         0.0000  RESTRAINT  =         1.3011
 EAMBER (non-restraint)  =     -8073.8722
 ------------------------------------------------------------------------------


 NSTEP =     5200   TIME(PS) =      55.200  TEMP(K) =    40.37  PRESS =     0.0
 Etot   =     -7926.7526  EKtot   =       149.9594  EPtot      =     -8076.7120
 BOND   =         2.2976  ANGLE   =        11.9115  DIHED      =         0.6819
 1-4 NB =         8.2654  1-4 EEL =       -37.5674  VDWAALS    =      1644.1020
 EELEC  =     -9708.1150  EHBOND  =         0.0000  RESTRAINT  =         1.7121
 EAMBER (non-restraint)  =     -8078.4241
 ------------------------------------------------------------------------------


 NSTEP =     5300   TIME(PS) =      55.300  TEMP(K) =    39.37  PRESS =     0.0
 Etot   =     -7929.0137  EKtot   =       146.2551  EPtot      =     -8075.2687
 BOND   =         1.8321  ANGLE   =        12.6635  DIHED      =         0.8568
 1-4 NB =         8.1310  1-4 EEL =       -37.5792  VDWAALS    =      1651.3793
 EELEC  =     -9713.8416  EHBOND  =         0.0000  RESTRAINT  =         1.2895
 EAMBER (non-restraint)  =     -8076.5582
 ------------------------------------------------------------------------------


 NSTEP =     5400   TIME(PS) =      55.400  TEMP(K) =    37.35  PRESS =     0.0
 Etot   =     -7929.5460  EKtot   =       138.7426  EPtot      =     -8068.2886
 BOND   =         1.3162  ANGLE   =        12.5057  DIHED      =         0.5897
 1-4 NB =         8.3162  1-4 EEL =       -37.4901  VDWAALS    =      1652.6218
 EELEC  =     -9708.3546  EHBOND  =         0.0000  RESTRAINT  =         2.2065
 EAMBER (non-restraint)  =     -8070.4951
 ------------------------------------------------------------------------------


 NSTEP =     5500   TIME(PS) =      55.500  TEMP(K) =    40.15  PRESS =     0.0
 Etot   =     -7929.3287  EKtot   =       149.1510  EPtot      =     -8078.4797
 BOND   =         1.5531  ANGLE   =        12.6022  DIHED      =         0.7710
 1-4 NB =         8.4243  1-4 EEL =       -37.7520  VDWAALS    =      1647.6485
 EELEC  =     -9712.7992  EHBOND  =         0.0000  RESTRAINT  =         1.0724
 EAMBER (non-restraint)  =     -8079.5521
 ------------------------------------------------------------------------------


 NSTEP =     5600   TIME(PS) =      55.600  TEMP(K) =    39.54  PRESS =     0.0
 Etot   =     -7930.0753  EKtot   =       146.8943  EPtot      =     -8076.9695
 BOND   =         2.1024  ANGLE   =        11.7022  DIHED      =         0.5195
 1-4 NB =         8.6255  1-4 EEL =       -37.6877  VDWAALS    =      1651.8975
 EELEC  =     -9715.2138  EHBOND  =         0.0000  RESTRAINT  =         1.0850
 EAMBER (non-restraint)  =     -8078.0545
 ------------------------------------------------------------------------------


 NSTEP =     5700   TIME(PS) =      55.700  TEMP(K) =    38.90  PRESS =     0.0
 Etot   =     -7929.9510  EKtot   =       144.5090  EPtot      =     -8074.4600
 BOND   =         2.2120  ANGLE   =        11.9906  DIHED      =         0.5174
 1-4 NB =         8.7055  1-4 EEL =       -37.8301  VDWAALS    =      1641.5241
 EELEC  =     -9702.9575  EHBOND  =         0.0000  RESTRAINT  =         1.3779
 EAMBER (non-restraint)  =     -8075.8379
 ------------------------------------------------------------------------------


 NSTEP =     5800   TIME(PS) =      55.800  TEMP(K) =    38.94  PRESS =     0.0
 Etot   =     -7929.7710  EKtot   =       144.6476  EPtot      =     -8074.4186
 BOND   =         2.2726  ANGLE   =        11.9155  DIHED      =         0.7821
 1-4 NB =         8.4526  1-4 EEL =       -37.6615  VDWAALS    =      1624.7503
 EELEC  =     -9686.6476  EHBOND  =         0.0000  RESTRAINT  =         1.7173
 EAMBER (non-restraint)  =     -8076.1360
 ------------------------------------------------------------------------------


 NSTEP =     5900   TIME(PS) =      55.900  TEMP(K) =    38.70  PRESS =     0.0
 Etot   =     -7932.4926  EKtot   =       143.7909  EPtot      =     -8076.2834
 BOND   =         1.3448  ANGLE   =        12.4267  DIHED      =         0.8267
 1-4 NB =         8.6345  1-4 EEL =       -37.7084  VDWAALS    =      1632.2043
 EELEC  =     -9695.5272  EHBOND  =         0.0000  RESTRAINT  =         1.5151
 EAMBER (non-restraint)  =     -8077.7986
 ------------------------------------------------------------------------------


 NSTEP =     6000   TIME(PS) =      56.000  TEMP(K) =    40.83  PRESS =     0.0
 Etot   =     -7930.0660  EKtot   =       151.6792  EPtot      =     -8081.7452
 BOND   =         1.4303  ANGLE   =        12.5411  DIHED      =         0.4917
 1-4 NB =         8.4398  1-4 EEL =       -37.8486  VDWAALS    =      1656.4991
 EELEC  =     -9724.4509  EHBOND  =         0.0000  RESTRAINT  =         1.1523
 EAMBER (non-restraint)  =     -8082.8975
 ------------------------------------------------------------------------------


 NSTEP =     6100   TIME(PS) =      56.100  TEMP(K) =    38.93  PRESS =     0.0
 Etot   =     -7930.6388  EKtot   =       144.6273  EPtot      =     -8075.2661
 BOND   =         1.4686  ANGLE   =        12.4635  DIHED      =         0.7107
 1-4 NB =         8.3664  1-4 EEL =       -37.6789  VDWAALS    =      1645.2174
 EELEC  =     -9707.0506  EHBOND  =         0.0000  RESTRAINT  =         1.2367
 EAMBER (non-restraint)  =     -8076.5028
 ------------------------------------------------------------------------------


 NSTEP =     6200   TIME(PS) =      56.200  TEMP(K) =    38.32  PRESS =     0.0
 Etot   =     -7934.6553  EKtot   =       142.3647  EPtot      =     -8077.0200
 BOND   =         1.9150  ANGLE   =        12.2342  DIHED      =         0.6287
 1-4 NB =         8.3189  1-4 EEL =       -37.7733  VDWAALS    =      1642.4198
 EELEC  =     -9706.3183  EHBOND  =         0.0000  RESTRAINT  =         1.5550
 EAMBER (non-restraint)  =     -8078.5750
 ------------------------------------------------------------------------------


 NSTEP =     6300   TIME(PS) =      56.300  TEMP(K) =    39.74  PRESS =     0.0
 Etot   =     -7932.3437  EKtot   =       147.6389  EPtot      =     -8079.9827
 BOND   =         2.5548  ANGLE   =        11.6347  DIHED      =         0.8955
 1-4 NB =         8.2224  1-4 EEL =       -37.7218  VDWAALS    =      1640.0742
 EELEC  =     -9706.9881  EHBOND  =         0.0000  RESTRAINT  =         1.3458
 EAMBER (non-restraint)  =     -8081.3284
 ------------------------------------------------------------------------------


 NSTEP =     6400   TIME(PS) =      56.400  TEMP(K) =    38.44  PRESS =     0.0
 Etot   =     -7931.1717  EKtot   =       142.8239  EPtot      =     -8073.9956
 BOND   =         1.4698  ANGLE   =        13.2458  DIHED      =         0.5772
 1-4 NB =         8.2504  1-4 EEL =       -37.8882  VDWAALS    =      1618.3394
 EELEC  =     -9680.0512  EHBOND  =         0.0000  RESTRAINT  =         2.0612
 EAMBER (non-restraint)  =     -8076.0569
 ------------------------------------------------------------------------------


 NSTEP =     6500   TIME(PS) =      56.500  TEMP(K) =    40.17  PRESS =     0.0
 Etot   =     -7930.5636  EKtot   =       149.2249  EPtot      =     -8079.7886
 BOND   =         2.1075  ANGLE   =        12.1819  DIHED      =         0.6627
 1-4 NB =         8.2891  1-4 EEL =       -37.6719  VDWAALS    =      1623.8452
 EELEC  =     -9690.9628  EHBOND  =         0.0000  RESTRAINT  =         1.7597
 EAMBER (non-restraint)  =     -8081.5483
 ------------------------------------------------------------------------------


 NSTEP =     6600   TIME(PS) =      56.600  TEMP(K) =    39.16  PRESS =     0.0
 Etot   =     -7929.7465  EKtot   =       145.4652  EPtot      =     -8075.2117
 BOND   =         1.7609  ANGLE   =        12.5805  DIHED      =         0.4908
 1-4 NB =         8.0970  1-4 EEL =       -37.6430  VDWAALS    =      1660.0377
 EELEC  =     -9721.8267  EHBOND  =         0.0000  RESTRAINT  =         1.2910
 EAMBER (non-restraint)  =     -8076.5027
 ------------------------------------------------------------------------------


 NSTEP =     6700   TIME(PS) =      56.700  TEMP(K) =    39.46  PRESS =     0.0
 Etot   =     -7928.0807  EKtot   =       146.6104  EPtot      =     -8074.6912
 BOND   =         1.9109  ANGLE   =        12.6387  DIHED      =         0.5676
 1-4 NB =         8.2766  1-4 EEL =       -37.6322  VDWAALS    =      1641.2222
 EELEC  =     -9702.7607  EHBOND  =         0.0000  RESTRAINT  =         1.0857
 EAMBER (non-restraint)  =     -8075.7768
 ------------------------------------------------------------------------------


 NSTEP =     6800   TIME(PS) =      56.800  TEMP(K) =    39.86  PRESS =     0.0
 Etot   =     -7926.0897  EKtot   =       148.0882  EPtot      =     -8074.1779
 BOND   =         2.8304  ANGLE   =        11.8199  DIHED      =         0.7008
 1-4 NB =         8.3043  1-4 EEL =       -37.8750  VDWAALS    =      1646.9238
 EELEC  =     -9708.4488  EHBOND  =         0.0000  RESTRAINT  =         1.5666
 EAMBER (non-restraint)  =     -8075.7444
 ------------------------------------------------------------------------------


 NSTEP =     6900   TIME(PS) =      56.900  TEMP(K) =    40.13  PRESS =     0.0
 Etot   =     -7922.9189  EKtot   =       149.0803  EPtot      =     -8071.9992
 BOND   =         2.2144  ANGLE   =        13.1220  DIHED      =         0.6897
 1-4 NB =         8.3537  1-4 EEL =       -37.8368  VDWAALS    =      1628.6401
 EELEC  =     -9688.6689  EHBOND  =         0.0000  RESTRAINT  =         1.4867
 EAMBER (non-restraint)  =     -8073.4858
 ------------------------------------------------------------------------------


 NSTEP =     7000   TIME(PS) =      57.000  TEMP(K) =    39.21  PRESS =     0.0
 Etot   =     -7925.4052  EKtot   =       145.6571  EPtot      =     -8071.0623
 BOND   =         2.4886  ANGLE   =        12.2497  DIHED      =         0.4388
 1-4 NB =         8.5306  1-4 EEL =       -37.7877  VDWAALS    =      1641.6235
 EELEC  =     -9700.3186  EHBOND  =         0.0000  RESTRAINT  =         1.7128
 EAMBER (non-restraint)  =     -8072.7751
 ------------------------------------------------------------------------------


 NSTEP =     7100   TIME(PS) =      57.100  TEMP(K) =    39.24  PRESS =     0.0
 Etot   =     -7926.7263  EKtot   =       145.7885  EPtot      =     -8072.5148
 BOND   =         1.2046  ANGLE   =        13.2004  DIHED      =         0.6551
 1-4 NB =         8.5989  1-4 EEL =       -37.7021  VDWAALS    =      1635.5470
 EELEC  =     -9694.9569  EHBOND  =         0.0000  RESTRAINT  =         0.9381
 EAMBER (non-restraint)  =     -8073.4529
 ------------------------------------------------------------------------------


 NSTEP =     7200   TIME(PS) =      57.200  TEMP(K) =    40.63  PRESS =     0.0
 Etot   =     -7923.1868  EKtot   =       150.9383  EPtot      =     -8074.1251
 BOND   =         1.9713  ANGLE   =        12.2479  DIHED      =         0.6988
 1-4 NB =         8.3841  1-4 EEL =       -37.9123  VDWAALS    =      1652.1171
 EELEC  =     -9712.5070  EHBOND  =         0.0000  RESTRAINT  =         0.8750
 EAMBER (non-restraint)  =     -8075.0000
 ------------------------------------------------------------------------------


 NSTEP =     7300   TIME(PS) =      57.300  TEMP(K) =    40.14  PRESS =     0.0
 Etot   =     -7926.4738  EKtot   =       149.1050  EPtot      =     -8075.5788
 BOND   =         2.4857  ANGLE   =        11.7431  DIHED      =         0.8357
 1-4 NB =         8.5733  1-4 EEL =       -37.6869  VDWAALS    =      1653.8662
 EELEC  =     -9716.6175  EHBOND  =         0.0000  RESTRAINT  =         1.2216
 EAMBER (non-restraint)  =     -8076.8004
 ------------------------------------------------------------------------------


 NSTEP =     7400   TIME(PS) =      57.400  TEMP(K) =    39.65  PRESS =     0.0
 Etot   =     -7928.0770  EKtot   =       147.3152  EPtot      =     -8075.3922
 BOND   =         1.7919  ANGLE   =        12.6339  DIHED      =         0.6120
 1-4 NB =         8.4312  1-4 EEL =       -37.8465  VDWAALS    =      1637.6147
 EELEC  =     -9700.2220  EHBOND  =         0.0000  RESTRAINT  =         1.5926
 EAMBER (non-restraint)  =     -8076.9849
 ------------------------------------------------------------------------------


 NSTEP =     7500   TIME(PS) =      57.500  TEMP(K) =    39.57  PRESS =     0.0
 Etot   =     -7932.3841  EKtot   =       147.0182  EPtot      =     -8079.4023
 BOND   =         2.1739  ANGLE   =        11.8393  DIHED      =         0.6385
 1-4 NB =         8.6144  1-4 EEL =       -37.4329  VDWAALS    =      1640.7998
 EELEC  =     -9707.2758  EHBOND  =         0.0000  RESTRAINT  =         1.2404
 EAMBER (non-restraint)  =     -8080.6427
 ------------------------------------------------------------------------------


 NSTEP =     7600   TIME(PS) =      57.600  TEMP(K) =    40.01  PRESS =     0.0
 Etot   =     -7927.6585  EKtot   =       148.6320  EPtot      =     -8076.2904
 BOND   =         1.9058  ANGLE   =        12.3791  DIHED      =         0.6426
 1-4 NB =         8.4213  1-4 EEL =       -37.9946  VDWAALS    =      1621.3442
 EELEC  =     -9684.1229  EHBOND  =         0.0000  RESTRAINT  =         1.1341
 EAMBER (non-restraint)  =     -8077.4245
 ------------------------------------------------------------------------------


 NSTEP =     7700   TIME(PS) =      57.700  TEMP(K) =    40.53  PRESS =     0.0
 Etot   =     -7925.5012  EKtot   =       150.5746  EPtot      =     -8076.0758
 BOND   =         1.9883  ANGLE   =        12.0532  DIHED      =         0.5397
 1-4 NB =         8.2138  1-4 EEL =       -37.4017  VDWAALS    =      1623.1604
 EELEC  =     -9685.7262  EHBOND  =         0.0000  RESTRAINT  =         1.0966
 EAMBER (non-restraint)  =     -8077.1724
 ------------------------------------------------------------------------------


 NSTEP =     7800   TIME(PS) =      57.800  TEMP(K) =    39.66  PRESS =     0.0
 Etot   =     -7924.6285  EKtot   =       147.3515  EPtot      =     -8071.9799
 BOND   =         2.0218  ANGLE   =        12.1663  DIHED      =         0.5053
 1-4 NB =         8.3251  1-4 EEL =       -37.8644  VDWAALS    =      1652.3333
 EELEC  =     -9710.5555  EHBOND  =         0.0000  RESTRAINT  =         1.0880
 EAMBER (non-restraint)  =     -8073.0680
 ------------------------------------------------------------------------------


 NSTEP =     7900   TIME(PS) =      57.900  TEMP(K) =    40.12  PRESS =     0.0
 Etot   =     -7927.4209  EKtot   =       149.0563  EPtot      =     -8076.4772
 BOND   =         1.9921  ANGLE   =        12.6908  DIHED      =         0.6511
 1-4 NB =         8.1674  1-4 EEL =       -37.6432  VDWAALS    =      1635.4723
 EELEC  =     -9699.3192  EHBOND  =         0.0000  RESTRAINT  =         1.5115
 EAMBER (non-restraint)  =     -8077.9887
 ------------------------------------------------------------------------------


 NSTEP =     8000   TIME(PS) =      58.000  TEMP(K) =    39.89  PRESS =     0.0
 Etot   =     -7929.5498  EKtot   =       148.2034  EPtot      =     -8077.7532
 BOND   =         2.3287  ANGLE   =        11.9954  DIHED      =         0.4401
 1-4 NB =         8.2391  1-4 EEL =       -37.8699  VDWAALS    =      1653.6834
 EELEC  =     -9717.7059  EHBOND  =         0.0000  RESTRAINT  =         1.1359
 EAMBER (non-restraint)  =     -8078.8891
 ------------------------------------------------------------------------------


 NSTEP =     8100   TIME(PS) =      58.100  TEMP(K) =    38.80  PRESS =     0.0
 Etot   =     -7931.2610  EKtot   =       144.1470  EPtot      =     -8075.4080
 BOND   =         2.2957  ANGLE   =        12.1498  DIHED      =         0.7602
 1-4 NB =         8.2582  1-4 EEL =       -37.7221  VDWAALS    =      1655.4827
 EELEC  =     -9717.4360  EHBOND  =         0.0000  RESTRAINT  =         0.8036
 EAMBER (non-restraint)  =     -8076.2116
 ------------------------------------------------------------------------------


 NSTEP =     8200   TIME(PS) =      58.200  TEMP(K) =    38.80  PRESS =     0.0
 Etot   =     -7929.4841  EKtot   =       144.1504  EPtot      =     -8073.6345
 BOND   =         1.8754  ANGLE   =        12.4463  DIHED      =         0.4120
 1-4 NB =         8.0132  1-4 EEL =       -37.7492  VDWAALS    =      1617.8905
 EELEC  =     -9677.4691  EHBOND  =         0.0000  RESTRAINT  =         0.9464
 EAMBER (non-restraint)  =     -8074.5809
 ------------------------------------------------------------------------------


 NSTEP =     8300   TIME(PS) =      58.300  TEMP(K) =    39.42  PRESS =     0.0
 Etot   =     -7926.8682  EKtot   =       146.4615  EPtot      =     -8073.3297
 BOND   =         2.6275  ANGLE   =        12.0235  DIHED      =         0.5871
 1-4 NB =         8.0788  1-4 EEL =       -37.9285  VDWAALS    =      1621.6551
 EELEC  =     -9681.1963  EHBOND  =         0.0000  RESTRAINT  =         0.8229
 EAMBER (non-restraint)  =     -8074.1526
 ------------------------------------------------------------------------------


 NSTEP =     8400   TIME(PS) =      58.400  TEMP(K) =    39.73  PRESS =     0.0
 Etot   =     -7925.7654  EKtot   =       147.6069  EPtot      =     -8073.3723
 BOND   =         1.8021  ANGLE   =        12.2107  DIHED      =         0.7118
 1-4 NB =         8.2165  1-4 EEL =       -37.5704  VDWAALS    =      1620.6629
 EELEC  =     -9680.1716  EHBOND  =         0.0000  RESTRAINT  =         0.7658
 EAMBER (non-restraint)  =     -8074.1380
 ------------------------------------------------------------------------------


 NSTEP =     8500   TIME(PS) =      58.500  TEMP(K) =    39.27  PRESS =     0.0
 Etot   =     -7926.9427  EKtot   =       145.9086  EPtot      =     -8072.8513
 BOND   =         2.5605  ANGLE   =        11.5716  DIHED      =         0.4750
 1-4 NB =         8.4270  1-4 EEL =       -37.8678  VDWAALS    =      1629.0449
 EELEC  =     -9688.0374  EHBOND  =         0.0000  RESTRAINT  =         0.9749
 EAMBER (non-restraint)  =     -8073.8262
 ------------------------------------------------------------------------------


 NSTEP =     8600   TIME(PS) =      58.600  TEMP(K) =    41.14  PRESS =     0.0
 Etot   =     -7926.0829  EKtot   =       152.8242  EPtot      =     -8078.9072
 BOND   =         1.5370  ANGLE   =        12.3241  DIHED      =         1.0396
 1-4 NB =         8.5482  1-4 EEL =       -37.6755  VDWAALS    =      1654.0390
 EELEC  =     -9719.3256  EHBOND  =         0.0000  RESTRAINT  =         0.6058
 EAMBER (non-restraint)  =     -8079.5130
 ------------------------------------------------------------------------------


 NSTEP =     8700   TIME(PS) =      58.700  TEMP(K) =    40.83  PRESS =     0.0
 Etot   =     -7922.1205  EKtot   =       151.6820  EPtot      =     -8073.8025
 BOND   =         2.6076  ANGLE   =        12.0339  DIHED      =         0.4468
 1-4 NB =         8.3983  1-4 EEL =       -37.7924  VDWAALS    =      1656.0822
 EELEC  =     -9716.8197  EHBOND  =         0.0000  RESTRAINT  =         1.2407
 EAMBER (non-restraint)  =     -8075.0432
 ------------------------------------------------------------------------------


 NSTEP =     8800   TIME(PS) =      58.800  TEMP(K) =    40.77  PRESS =     0.0
 Etot   =     -7920.4482  EKtot   =       151.4470  EPtot      =     -8071.8952
 BOND   =         1.7682  ANGLE   =        12.4930  DIHED      =         0.6271
 1-4 NB =         8.7540  1-4 EEL =       -37.7872  VDWAALS    =      1641.6932
 EELEC  =     -9700.3546  EHBOND  =         0.0000  RESTRAINT  =         0.9111
 EAMBER (non-restraint)  =     -8072.8063
 ------------------------------------------------------------------------------


 NSTEP =     8900   TIME(PS) =      58.900  TEMP(K) =    41.40  PRESS =     0.0
 Etot   =     -7918.8862  EKtot   =       153.8108  EPtot      =     -8072.6970
 BOND   =         1.9318  ANGLE   =        12.4044  DIHED      =         0.5804
 1-4 NB =         8.2725  1-4 EEL =       -37.8316  VDWAALS    =      1634.8499
 EELEC  =     -9693.8026  EHBOND  =         0.0000  RESTRAINT  =         0.8983
 EAMBER (non-restraint)  =     -8073.5953
 ------------------------------------------------------------------------------


 NSTEP =     9000   TIME(PS) =      59.000  TEMP(K) =    41.88  PRESS =     0.0
 Etot   =     -7918.2063  EKtot   =       155.5775  EPtot      =     -8073.7838
 BOND   =         2.0630  ANGLE   =        12.4414  DIHED      =         0.4945
 1-4 NB =         8.3402  1-4 EEL =       -37.5940  VDWAALS    =      1650.7247
 EELEC  =     -9711.6853  EHBOND  =         0.0000  RESTRAINT  =         1.4317
 EAMBER (non-restraint)  =     -8075.2155
 ------------------------------------------------------------------------------


 NSTEP =     9100   TIME(PS) =      59.100  TEMP(K) =    41.33  PRESS =     0.0
 Etot   =     -7917.3269  EKtot   =       153.5429  EPtot      =     -8070.8698
 BOND   =         2.6424  ANGLE   =        12.2377  DIHED      =         0.7745
 1-4 NB =         8.1591  1-4 EEL =       -37.6719  VDWAALS    =      1661.4471
 EELEC  =     -9719.9226  EHBOND  =         0.0000  RESTRAINT  =         1.4639
 EAMBER (non-restraint)  =     -8072.3337
 ------------------------------------------------------------------------------


 NSTEP =     9200   TIME(PS) =      59.200  TEMP(K) =    41.13  PRESS =     0.0
 Etot   =     -7918.2891  EKtot   =       152.8163  EPtot      =     -8071.1054
 BOND   =         2.2991  ANGLE   =        12.8254  DIHED      =         0.5476
 1-4 NB =         7.9968  1-4 EEL =       -37.7091  VDWAALS    =      1641.9105
 EELEC  =     -9700.6900  EHBOND  =         0.0000  RESTRAINT  =         1.7144
 EAMBER (non-restraint)  =     -8072.8197
 ------------------------------------------------------------------------------


 NSTEP =     9300   TIME(PS) =      59.300  TEMP(K) =    41.39  PRESS =     0.0
 Etot   =     -7917.7953  EKtot   =       153.7714  EPtot      =     -8071.5666
 BOND   =         1.7985  ANGLE   =        12.8751  DIHED      =         0.7036
 1-4 NB =         8.1649  1-4 EEL =       -37.8978  VDWAALS    =      1614.4146
 EELEC  =     -9672.7676  EHBOND  =         0.0000  RESTRAINT  =         1.1421
 EAMBER (non-restraint)  =     -8072.7087
 ------------------------------------------------------------------------------


 NSTEP =     9400   TIME(PS) =      59.400  TEMP(K) =    40.64  PRESS =     0.0
 Etot   =     -7918.6010  EKtot   =       150.9864  EPtot      =     -8069.5874
 BOND   =         1.4650  ANGLE   =        13.3096  DIHED      =         0.6111
 1-4 NB =         8.1648  1-4 EEL =       -37.7688  VDWAALS    =      1619.9909
 EELEC  =     -9676.4989  EHBOND  =         0.0000  RESTRAINT  =         1.1389
 EAMBER (non-restraint)  =     -8070.7263
 ------------------------------------------------------------------------------


 NSTEP =     9500   TIME(PS) =      59.500  TEMP(K) =    40.35  PRESS =     0.0
 Etot   =     -7921.1338  EKtot   =       149.8953  EPtot      =     -8071.0292
 BOND   =         1.7472  ANGLE   =        12.5976  DIHED      =         0.8142
 1-4 NB =         8.1441  1-4 EEL =       -37.6649  VDWAALS    =      1618.3777
 EELEC  =     -9676.4516  EHBOND  =         0.0000  RESTRAINT  =         1.4065
 EAMBER (non-restraint)  =     -8072.4357
 ------------------------------------------------------------------------------


 NSTEP =     9600   TIME(PS) =      59.600  TEMP(K) =    40.19  PRESS =     0.0
 Etot   =     -7921.9138  EKtot   =       149.3211  EPtot      =     -8071.2348
 BOND   =         2.5160  ANGLE   =        12.2634  DIHED      =         0.7306
 1-4 NB =         8.1863  1-4 EEL =       -37.7296  VDWAALS    =      1648.8867
 EELEC  =     -9707.4327  EHBOND  =         0.0000  RESTRAINT  =         1.3445
 EAMBER (non-restraint)  =     -8072.5793
 ------------------------------------------------------------------------------


 NSTEP =     9700   TIME(PS) =      59.700  TEMP(K) =    41.19  PRESS =     0.0
 Etot   =     -7924.2135  EKtot   =       153.0145  EPtot      =     -8077.2281
 BOND   =         2.4116  ANGLE   =        12.0726  DIHED      =         0.6038
 1-4 NB =         8.1059  1-4 EEL =       -37.7050  VDWAALS    =      1644.7639
 EELEC  =     -9708.5950  EHBOND  =         0.0000  RESTRAINT  =         1.1139
 EAMBER (non-restraint)  =     -8078.3420
 ------------------------------------------------------------------------------


 NSTEP =     9800   TIME(PS) =      59.800  TEMP(K) =    39.48  PRESS =     0.0
 Etot   =     -7924.6640  EKtot   =       146.6750  EPtot      =     -8071.3390
 BOND   =         2.3431  ANGLE   =        12.0380  DIHED      =         1.0034
 1-4 NB =         8.2628  1-4 EEL =       -37.8713  VDWAALS    =      1627.0103
 EELEC  =     -9685.2873  EHBOND  =         0.0000  RESTRAINT  =         1.1621
 EAMBER (non-restraint)  =     -8072.5011
 ------------------------------------------------------------------------------


 NSTEP =     9900   TIME(PS) =      59.900  TEMP(K) =    39.32  PRESS =     0.0
 Etot   =     -7924.1493  EKtot   =       146.0692  EPtot      =     -8070.2185
 BOND   =         1.7690  ANGLE   =        12.5981  DIHED      =         0.7992
 1-4 NB =         8.1633  1-4 EEL =       -37.7107  VDWAALS    =      1660.2097
 EELEC  =     -9717.4242  EHBOND  =         0.0000  RESTRAINT  =         1.3772
 EAMBER (non-restraint)  =     -8071.5957
 ------------------------------------------------------------------------------


 NSTEP =    10000   TIME(PS) =      60.000  TEMP(K) =    41.41  PRESS =     0.0
 Etot   =     -7923.6065  EKtot   =       153.8408  EPtot      =     -8077.4474
 BOND   =         1.6062  ANGLE   =        12.6692  DIHED      =         0.7922
 1-4 NB =         8.2988  1-4 EEL =       -37.7396  VDWAALS    =      1639.2223
 EELEC  =     -9703.4804  EHBOND  =         0.0000  RESTRAINT  =         1.1839
 EAMBER (non-restraint)  =     -8078.6312
 ------------------------------------------------------------------------------


      A V E R A G E S   O V E R     100 S T E P S


 NSTEP =    10000   TIME(PS) =      60.000  TEMP(K) =    39.09  PRESS =     0.0
 Etot   =     -7931.8976  EKtot   =       145.2033  EPtot      =     -8077.1009
 BOND   =         1.9988  ANGLE   =        12.2687  DIHED      =         0.7026
 1-4 NB =         8.3556  1-4 EEL =       -37.7316  VDWAALS    =      1639.3848
 EELEC  =     -9703.3129  EHBOND  =         0.0000  RESTRAINT  =         1.2330
 EAMBER (non-restraint)  =     -8078.3340
 ------------------------------------------------------------------------------


      R M S  F L U C T U A T I O N S


 NSTEP =    10000   TIME(PS) =      60.000  TEMP(K) =     1.96  PRESS =     0.0
 Etot   =        14.1182  EKtot   =         7.2855  EPtot      =         7.7001
 BOND   =         0.3943  ANGLE   =         0.3742  DIHED      =         0.1673
 1-4 NB =         0.1643  1-4 EEL =         0.1404  VDWAALS    =        13.5694
 EELEC  =        14.9862  EHBOND  =         0.0000  RESTRAINT  =         0.2950
 EAMBER (non-restraint)  =         7.4050
 ------------------------------------------------------------------------------

--------------------------------------------------------------------------------
   5.  TIMINGS
--------------------------------------------------------------------------------

|  NonSetup CPU Time in Major Routines:
|
|     Routine           Sec        %
|     ------------------------------
|     Nonbond           1.55   31.83
|     Bond              0.00    0.00
|     Angle             0.00    0.00
|     Dihedral          0.00    0.00
|     Shake             0.09    1.77
|     RunMD             3.20   66.03
|     Other             0.02    0.37
|     ------------------------------
|     Total             4.85

|  PME Nonbond Pairlist CPU Time:
|
|     Routine              Sec        %
|     ---------------------------------
|     Set Up Cit           0.00    0.00
|     Build List           0.00    0.00
|     ---------------------------------
|     Total                0.00    0.00

|  PME Direct Force CPU Time:
|
|     Routine              Sec        %
|     ---------------------------------
|     NonBonded Calc       0.00    0.00
|     Exclude Masked       0.00    0.00
|     Other                0.01    0.19
|     ---------------------------------
|     Total                0.01    0.19

|  PME Reciprocal Force CPU Time:
|
|     Routine              Sec        %
|     ---------------------------------
|     1D bspline           0.00    0.00
|     Grid Charges         0.00    0.00
|     Scalar Sum           0.00    0.00
|     Gradient Sum         0.00    0.00
|     FFT                  0.00    0.00
|     ---------------------------------
|     Total                0.00    0.00

|  Final Performance Info:
|     -----------------------------------------------------
|     Average timings for last    9900 steps:
|         Elapsed(s) =       4.81 Per Step(ms) =       0.49
|             ns/day =     177.83   seconds/ns =     485.85
|
|     Average timings for all steps:
|         Elapsed(s) =       4.86 Per Step(ms) =       0.49
|             ns/day =     177.60   seconds/ns =     486.50
|     -----------------------------------------------------

|  Setup CPU time:            1.29 seconds
|  NonSetup CPU time:         4.85 seconds
|  Total CPU time:            6.14 seconds     0.00 hours

|  Setup wall time:           2    seconds
|  NonSetup wall time:        5    seconds
|  Total wall time:           7    seconds     0.00 hours
