
          -------------------------------------------------------
          Amber 14 SANDER                              2014
          -------------------------------------------------------

| PMEMD implementation of SANDER, Release 14

| Run on 07/14/2019 at 01:51:08

|   Executable path: pmemd.cuda
| Working directory: /home2/2019summer/Fanchunhao/MD/DHB_MD
|          Hostname: linux-8k8u

  [-O]verwriting output

File Assignments:
|   MDIN: md_NVT_70K.in                                                         
|  MDOUT: DHB_box_NVT_heat_70K.out                                              
| INPCRD: DHB_box_NVT_heat_60K.rst                                              
|   PARM: DHB_box.prmtop                                                        
| RESTRT: DHB_box_NVT_heat_70K.rst                                              
|   REFC: DHB_box_NVT_heat_60K.rst                                              
|  MDVEL: mdvel                                                                 
|   MDEN: mden                                                                  
|  MDCRD: DHB_box_NVT_heat_70K.mdcrd                                            
| MDINFO: mdinfo                                                                
|  MDFRC: mdfrc                                                                 

 
 Here is the input file:
 
Molecular dynamics                                                             
 &cntrl                                                                        
  imin=0,                                                                      
  irest=1,                                                                     
  ntx=5,                                                                       
  ntb=1,                                                                       
  cut=10.0,                                                                    
  ntr=1                                                                        
  ntc=2,ntf=2                                                                  
  tempi=60.0,temp0=70.0                                                        
  ntt=3,gamma_ln=1.0                                                           
  nstlim=10000,dt=0.001,                                                       
  ntpr=100,ntwx=100,ntwr=100                                                   
 /                                                                             
#fix tje position                                                              
100.0                                                                          
RES 1                                                                          
END                                                                            
END                                                                            


 
|--------------------- INFORMATION ----------------------
| GPU (CUDA) Version of PMEMD in use: NVIDIA GPU IN USE.
|                    Version 14.0.1
| 
|                      06/20/2014
| 
| Implementation by:
|                    Ross C. Walker     (SDSC)
|                    Scott Le Grand     (nVIDIA)
| 
| CAUTION: The CUDA code is currently experimental.
|          You use it at your own risk. Be sure to
|          check ALL results carefully.
| 
| Precision model in use:
|      [SPFP] - Mixed Single/Double/Fixed Point Precision.
|               (Default)
| 
|--------------------------------------------------------
 
|----------------- CITATION INFORMATION -----------------
|
|    When publishing work that utilized the CUDA version
|    of AMBER, please cite the following in addition to
|    the regular AMBER citations:
|
|  - Romelia Salomon-Ferrer; Andreas W. Goetz; Duncan
|    Poole; Scott Le Grand; Ross C. Walker "Routine
|    microsecond molecular dynamics simulations with
|    AMBER - Part II: Particle Mesh Ewald", J. Chem.
|    Theory Comput., 2013, 9 (9), pp3878-3888,
|    DOI: 10.1021/ct400314y.
|
|  - Andreas W. Goetz; Mark J. Williamson; Dong Xu;
|    Duncan Poole; Scott Le Grand; Ross C. Walker
|    "Routine microsecond molecular dynamics simulations
|    with AMBER - Part I: Generalized Born", J. Chem.
|    Theory Comput., 2012, 8 (5), pp1542-1555.
|
|  - Scott Le Grand; Andreas W. Goetz; Ross C. Walker
|    "SPFP: Speed without compromise - a mixed precision
|    model for GPU accelerated molecular dynamics
|    simulations.", Comp. Phys. Comm., 2013, 184
|    pp374-380, DOI: 10.1016/j.cpc.2012.09.022
|
|--------------------------------------------------------
 
|------------------- GPU DEVICE INFO --------------------
|
|            CUDA_VISIBLE_DEVICES: not set
|   CUDA Capable Devices Detected:      2
|           CUDA Device ID in use:      1
|                CUDA Device Name: GeForce GTX TITAN X
|     CUDA Device Global Mem Size:  12287 MB
| CUDA Device Num Multiprocessors:     24
|           CUDA Device Core Freq:   1.08 GHz
|
|--------------------------------------------------------
 
 
| Conditional Compilation Defines Used:
| PUBFFT
| BINTRAJ
| CUDA
| EMIL
 
| Largest sphere to fit in unit cell has radius =    11.219

| New format PARM file being parsed.
| Version =    1.000 Date = 07/13/19 Time = 11:02:33

| Note: 1-4 EEL scale factors are being read from the topology file.

| Note: 1-4 VDW scale factors are being read from the topology file.
| Duplicated    0 dihedrals

| Duplicated    0 dihedrals

--------------------------------------------------------------------------------
   1.  RESOURCE   USE: 
--------------------------------------------------------------------------------

 getting new box info from bottom of inpcrd
 NATOM  =    2477 NTYPES =       8 NBONH =    1850 MBONA  =     629
 NTHETH =      16 MTHETA =      21 NPHIH =      35 MPHIA  =      33
 NHPARM =       0 NPARM  =       0 NNB   =    4407 NRES   =     615
 NBONA  =     629 NTHETA =      21 NPHIA =      33 NUMBND =      14
 NUMANG =      17 NPTRA  =       7 NATYP =      11 NPHB   =       1
 IFBOX  =       1 NMXRS  =      21 IFCAP =       0 NEXTRA =     614
 NCOPY  =       0

| Coordinate Index Table dimensions:     5    5    4
| Direct force subcell size =     5.8179    5.6505    5.6094

     BOX TYPE: RECTILINEAR

--------------------------------------------------------------------------------
   2.  CONTROL  DATA  FOR  THE  RUN
--------------------------------------------------------------------------------

default_name                                                                    

General flags:
     imin    =       0, nmropt  =       0

Nature and format of input:
     ntx     =       5, irest   =       1, ntrx    =       1

Nature and format of output:
     ntxo    =       1, ntpr    =     100, ntrx    =       1, ntwr    =     100
     iwrap   =       0, ntwx    =     100, ntwv    =       0, ntwe    =       0
     ioutfm  =       0, ntwprt  =       0, idecomp =       0, rbornstat=      0

Potential function:
     ntf     =       2, ntb     =       1, igb     =       0, nsnb    =      25
     ipol    =       0, gbsa    =       0, iesp    =       0
     dielc   =   1.00000, cut     =  10.00000, intdiel =   1.00000

Frozen or restrained atoms:
     ibelly  =       0, ntr     =       1
     restraint_wt =   0.00000

Molecular dynamics:
     nstlim  =     10000, nscm    =         0, nrespa  =         1
     t       =   0.00000, dt      =   0.00100, vlimit  =  -1.00000

Langevin dynamics temperature regulation:
     ig      =   71277
     temp0   =  70.00000, tempi   =  60.00000, gamma_ln=   1.00000

SHAKE:
     ntc     =       2, jfastw  =       0
     tol     =   0.00001

| Intermolecular bonds treatment:
|     no_intermolecular_bonds =       1

| Energy averages sample interval:
|     ene_avg_sampling =     100

Extra-points options:
     frameon =       1, chngmask=       1

Ewald parameters:
     verbose =       0, ew_type =       0, nbflag  =       1, use_pme =       1
     vdwmeth =       1, eedmeth =       1, netfrc  =       1
     Box X =   29.089   Box Y =   28.253   Box Z =   22.438
     Alpha =   90.000   Beta  =   90.000   Gamma =   90.000
     NFFT1 =   32       NFFT2 =   32       NFFT3 =   24
     Cutoff=   10.000   Tol   =0.100E-04
     Ewald Coefficient =  0.27511
     Interpolation order =    4

    LOADING THE CONSTRAINED ATOMS AS GROUPS


   5.  REFERENCE ATOM COORDINATES

  default_name                                                                    
    ----- READING GROUP     1; TITLE:
 #fix tje position                                                           

     GROUP    1 HAS HARMONIC CONSTRAINTS   100.00000
 GRP    1 RES    1 TO     1
      Number of atoms in this group  =    21
    ----- END OF GROUP READ -----
|      EXTRA_PTS, trim_bonds: num bonds BEFORE trim =  1850     0
|      EXTRA_PTS, trim_bonds: num bonds AFTER  trim =  1850     0
|      EXTRA_PTS, trim_bonds: num bonds BEFORE trim =   629     0
|      EXTRA_PTS, trim_bonds: num bonds AFTER  trim =    15     0
|      EXTRA_PTS, trim_theta: num angle BEFORE trim =    16     0
|      EXTRA_PTS, trim_theta: num angle AFTER  trim =    16     0
|      EXTRA_PTS, trim_theta: num angle BEFORE trim =    21     0
|      EXTRA_PTS, trim_theta: num angle AFTER  trim =    21     0
|      EXTRA_PTS, trim_phi:  num diheds BEFORE trim =    35     0
|      EXTRA_PTS, trim_phi:  num diheds AFTER  trim =    35     0
|      EXTRA_PTS, trim_phi:  num diheds BEFORE trim =    33     0
|      EXTRA_PTS, trim_phi:  num diheds AFTER  trim =    33     0

--------------------------------------------------------------------------------
   3.  ATOMIC COORDINATES AND VELOCITIES
--------------------------------------------------------------------------------

default_name                                                                    
 begin time read from input coords =    80.000 ps

 
 Number of triangulated 3-point waters found:      614

     Sum of charges from parm topology file =   0.00200000
     Forcing neutrality...

| Dynamic Memory, Types Used:
| Reals              219001
| Integers           117895

| Nonbonded Pairs Initial Allocation:      749230

| GPU memory information (estimate):
| KB of GPU memory in use:     20211
| KB of CPU memory in use:      4323

--------------------------------------------------------------------------------
   4.  RESULTS
--------------------------------------------------------------------------------

 ---------------------------------------------------
 APPROXIMATING switch and d/dx switch using CUBIC SPLINE INTERPOLATION
 using   5000.0 points per unit in tabled values
 TESTING RELATIVE ERROR over r ranging from 0.0 to cutoff
| CHECK switch(x): max rel err =   0.3316E-14   at   2.351880
| CHECK d/dx switch(x): max rel err =   0.8066E-11   at   2.747240
 ---------------------------------------------------
|---------------------------------------------------
| APPROXIMATING direct energy using CUBIC SPLINE INTERPOLATION
|  with   50.0 points per unit in tabled values
| Relative Error Limit not exceeded for r .gt.   2.34
| APPROXIMATING direct force using CUBIC SPLINE INTERPOLATION
|  with   50.0 points per unit in tabled values
| Relative Error Limit not exceeded for r .gt.   2.81
|---------------------------------------------------

 NSTEP =      100   TIME(PS) =      80.100  TEMP(K) =    63.21  PRESS =     0.0
 Etot   =     -7773.8515  EKtot   =       234.8266  EPtot      =     -8008.6782
 BOND   =         2.0997  ANGLE   =        12.6745  DIHED      =         0.7817
 1-4 NB =         8.6039  1-4 EEL =       -37.5961  VDWAALS    =      1657.6606
 EELEC  =     -9654.5077  EHBOND  =         0.0000  RESTRAINT  =         1.6053
 EAMBER (non-restraint)  =     -8010.2835
 ------------------------------------------------------------------------------


 NSTEP =      200   TIME(PS) =      80.200  TEMP(K) =    62.35  PRESS =     0.0
 Etot   =     -7765.0083  EKtot   =       231.6375  EPtot      =     -7996.6458
 BOND   =         3.1895  ANGLE   =        12.2233  DIHED      =         0.8954
 1-4 NB =         8.4449  1-4 EEL =       -37.3247  VDWAALS    =      1635.5618
 EELEC  =     -9621.1686  EHBOND  =         0.0000  RESTRAINT  =         1.5324
 EAMBER (non-restraint)  =     -7998.1782
 ------------------------------------------------------------------------------


 NSTEP =      300   TIME(PS) =      80.300  TEMP(K) =    65.37  PRESS =     0.0
 Etot   =     -7752.7747  EKtot   =       242.8463  EPtot      =     -7995.6210
 BOND   =         1.6680  ANGLE   =        12.4502  DIHED      =         1.2815
 1-4 NB =         8.4852  1-4 EEL =       -37.6659  VDWAALS    =      1627.6459
 EELEC  =     -9611.8325  EHBOND  =         0.0000  RESTRAINT  =         2.3465
 EAMBER (non-restraint)  =     -7997.9675
 ------------------------------------------------------------------------------


 NSTEP =      400   TIME(PS) =      80.400  TEMP(K) =    64.51  PRESS =     0.0
 Etot   =     -7748.8107  EKtot   =       239.6641  EPtot      =     -7988.4748
 BOND   =         1.4335  ANGLE   =        13.7664  DIHED      =         0.7009
 1-4 NB =         8.4150  1-4 EEL =       -37.5875  VDWAALS    =      1665.1806
 EELEC  =     -9643.0299  EHBOND  =         0.0000  RESTRAINT  =         2.6461
 EAMBER (non-restraint)  =     -7991.1209
 ------------------------------------------------------------------------------


 NSTEP =      500   TIME(PS) =      80.500  TEMP(K) =    66.40  PRESS =     0.0
 Etot   =     -7745.0712  EKtot   =       246.6881  EPtot      =     -7991.7593
 BOND   =         1.8404  ANGLE   =        12.1409  DIHED      =         0.9819
 1-4 NB =         8.4620  1-4 EEL =       -37.7778  VDWAALS    =      1634.6707
 EELEC  =     -9614.5436  EHBOND  =         0.0000  RESTRAINT  =         2.4662
 EAMBER (non-restraint)  =     -7994.2255
 ------------------------------------------------------------------------------


 NSTEP =      600   TIME(PS) =      80.600  TEMP(K) =    66.92  PRESS =     0.0
 Etot   =     -7740.4143  EKtot   =       248.6204  EPtot      =     -7989.0347
 BOND   =         2.3387  ANGLE   =        12.7603  DIHED      =         0.8985
 1-4 NB =         8.2556  1-4 EEL =       -37.5235  VDWAALS    =      1646.1032
 EELEC  =     -9623.8769  EHBOND  =         0.0000  RESTRAINT  =         2.0093
 EAMBER (non-restraint)  =     -7991.0440
 ------------------------------------------------------------------------------


 NSTEP =      700   TIME(PS) =      80.700  TEMP(K) =    65.81  PRESS =     0.0
 Etot   =     -7739.6358  EKtot   =       244.5037  EPtot      =     -7984.1395
 BOND   =         2.3714  ANGLE   =        12.9807  DIHED      =         0.9152
 1-4 NB =         8.3727  1-4 EEL =       -37.8863  VDWAALS    =      1628.6691
 EELEC  =     -9601.4244  EHBOND  =         0.0000  RESTRAINT  =         1.8621
 EAMBER (non-restraint)  =     -7986.0016
 ------------------------------------------------------------------------------


 NSTEP =      800   TIME(PS) =      80.800  TEMP(K) =    67.78  PRESS =     0.0
 Etot   =     -7732.4164  EKtot   =       251.8225  EPtot      =     -7984.2389
 BOND   =         1.3261  ANGLE   =        13.2388  DIHED      =         1.2074
 1-4 NB =         8.2150  1-4 EEL =       -37.4868  VDWAALS    =      1668.0891
 EELEC  =     -9640.1537  EHBOND  =         0.0000  RESTRAINT  =         1.3252
 EAMBER (non-restraint)  =     -7985.5642
 ------------------------------------------------------------------------------


 NSTEP =      900   TIME(PS) =      80.900  TEMP(K) =    66.68  PRESS =     0.0
 Etot   =     -7739.4468  EKtot   =       247.7146  EPtot      =     -7987.1614
 BOND   =         1.5905  ANGLE   =        13.4493  DIHED      =         1.0523
 1-4 NB =         8.1319  1-4 EEL =       -37.7887  VDWAALS    =      1634.8335
 EELEC  =     -9610.1713  EHBOND  =         0.0000  RESTRAINT  =         1.7411
 EAMBER (non-restraint)  =     -7988.9025
 ------------------------------------------------------------------------------


 NSTEP =     1000   TIME(PS) =      81.000  TEMP(K) =    66.00  PRESS =     0.0
 Etot   =     -7740.6895  EKtot   =       245.1927  EPtot      =     -7985.8822
 BOND   =         1.9805  ANGLE   =        12.8633  DIHED      =         1.1998
 1-4 NB =         7.9448  1-4 EEL =       -37.5521  VDWAALS    =      1648.6712
 EELEC  =     -9622.8367  EHBOND  =         0.0000  RESTRAINT  =         1.8468
 EAMBER (non-restraint)  =     -7987.7290
 ------------------------------------------------------------------------------


 NSTEP =     1100   TIME(PS) =      81.100  TEMP(K) =    66.59  PRESS =     0.0
 Etot   =     -7732.6213  EKtot   =       247.3775  EPtot      =     -7979.9988
 BOND   =         2.0673  ANGLE   =        12.8208  DIHED      =         1.2575
 1-4 NB =         8.0953  1-4 EEL =       -37.6472  VDWAALS    =      1611.9350
 EELEC  =     -9580.2678  EHBOND  =         0.0000  RESTRAINT  =         1.7403
 EAMBER (non-restraint)  =     -7981.7390
 ------------------------------------------------------------------------------


 NSTEP =     1200   TIME(PS) =      81.200  TEMP(K) =    65.84  PRESS =     0.0
 Etot   =     -7729.1684  EKtot   =       244.5968  EPtot      =     -7973.7652
 BOND   =         3.1758  ANGLE   =        12.0773  DIHED      =         1.6839
 1-4 NB =         8.0308  1-4 EEL =       -37.6300  VDWAALS    =      1624.5093
 EELEC  =     -9587.6624  EHBOND  =         0.0000  RESTRAINT  =         2.0503
 EAMBER (non-restraint)  =     -7975.8154
 ------------------------------------------------------------------------------


 NSTEP =     1300   TIME(PS) =      81.300  TEMP(K) =    70.76  PRESS =     0.0
 Etot   =     -7722.5913  EKtot   =       262.8693  EPtot      =     -7985.4606
 BOND   =         1.7385  ANGLE   =        13.4302  DIHED      =         1.3367
 1-4 NB =         8.0836  1-4 EEL =       -37.8505  VDWAALS    =      1654.1563
 EELEC  =     -9628.1837  EHBOND  =         0.0000  RESTRAINT  =         1.8283
 EAMBER (non-restraint)  =     -7987.2889
 ------------------------------------------------------------------------------


 NSTEP =     1400   TIME(PS) =      81.400  TEMP(K) =    67.22  PRESS =     0.0
 Etot   =     -7727.7315  EKtot   =       249.7410  EPtot      =     -7977.4724
 BOND   =         1.9946  ANGLE   =        12.9490  DIHED      =         1.1110
 1-4 NB =         8.3199  1-4 EEL =       -37.5805  VDWAALS    =      1662.1887
 EELEC  =     -9628.4892  EHBOND  =         0.0000  RESTRAINT  =         2.0341
 EAMBER (non-restraint)  =     -7979.5065
 ------------------------------------------------------------------------------


 NSTEP =     1500   TIME(PS) =      81.500  TEMP(K) =    68.38  PRESS =     0.0
 Etot   =     -7722.8844  EKtot   =       254.0432  EPtot      =     -7976.9276
 BOND   =         1.6173  ANGLE   =        13.0851  DIHED      =         1.3322
 1-4 NB =         8.2313  1-4 EEL =       -37.5418  VDWAALS    =      1652.5476
 EELEC  =     -9617.8129  EHBOND  =         0.0000  RESTRAINT  =         1.6135
 EAMBER (non-restraint)  =     -7978.5411
 ------------------------------------------------------------------------------


 NSTEP =     1600   TIME(PS) =      81.600  TEMP(K) =    68.22  PRESS =     0.0
 Etot   =     -7718.0699  EKtot   =       253.4563  EPtot      =     -7971.5261
 BOND   =         1.3132  ANGLE   =        13.3613  DIHED      =         1.4114
 1-4 NB =         8.2973  1-4 EEL =       -37.4597  VDWAALS    =      1648.6192
 EELEC  =     -9608.6617  EHBOND  =         0.0000  RESTRAINT  =         1.5929
 EAMBER (non-restraint)  =     -7973.1190
 ------------------------------------------------------------------------------


 NSTEP =     1700   TIME(PS) =      81.700  TEMP(K) =    68.46  PRESS =     0.0
 Etot   =     -7717.5699  EKtot   =       254.3411  EPtot      =     -7971.9110
 BOND   =         2.4437  ANGLE   =        12.6031  DIHED      =         1.3404
 1-4 NB =         8.1982  1-4 EEL =       -37.7964  VDWAALS    =      1632.9027
 EELEC  =     -9593.4472  EHBOND  =         0.0000  RESTRAINT  =         1.8445
 EAMBER (non-restraint)  =     -7973.7555
 ------------------------------------------------------------------------------


 NSTEP =     1800   TIME(PS) =      81.800  TEMP(K) =    69.91  PRESS =     0.0
 Etot   =     -7716.4575  EKtot   =       259.7020  EPtot      =     -7976.1595
 BOND   =         2.2728  ANGLE   =        12.9747  DIHED      =         1.7993
 1-4 NB =         8.1980  1-4 EEL =       -37.3448  VDWAALS    =      1647.9537
 EELEC  =     -9613.8280  EHBOND  =         0.0000  RESTRAINT  =         1.8148
 EAMBER (non-restraint)  =     -7977.9743
 ------------------------------------------------------------------------------


 NSTEP =     1900   TIME(PS) =      81.900  TEMP(K) =    70.43  PRESS =     0.0
 Etot   =     -7713.6641  EKtot   =       261.6345  EPtot      =     -7975.2985
 BOND   =         2.2342  ANGLE   =        12.5163  DIHED      =         0.9195
 1-4 NB =         8.1781  1-4 EEL =       -37.4856  VDWAALS    =      1627.4270
 EELEC  =     -9591.1519  EHBOND  =         0.0000  RESTRAINT  =         2.0640
 EAMBER (non-restraint)  =     -7977.3625
 ------------------------------------------------------------------------------


 NSTEP =     2000   TIME(PS) =      82.000  TEMP(K) =    70.11  PRESS =     0.0
 Etot   =     -7714.0127  EKtot   =       260.4715  EPtot      =     -7974.4843
 BOND   =         1.5977  ANGLE   =        13.3805  DIHED      =         1.2017
 1-4 NB =         8.2065  1-4 EEL =       -37.5800  VDWAALS    =      1645.0904
 EELEC  =     -9608.1057  EHBOND  =         0.0000  RESTRAINT  =         1.7246
 EAMBER (non-restraint)  =     -7976.2089
 ------------------------------------------------------------------------------


 NSTEP =     2100   TIME(PS) =      82.100  TEMP(K) =    71.88  PRESS =     0.0
 Etot   =     -7718.2860  EKtot   =       267.0415  EPtot      =     -7985.3275
 BOND   =         1.9229  ANGLE   =        12.8438  DIHED      =         1.1135
 1-4 NB =         8.0734  1-4 EEL =       -37.4959  VDWAALS    =      1647.3838
 EELEC  =     -9620.6830  EHBOND  =         0.0000  RESTRAINT  =         1.5141
 EAMBER (non-restraint)  =     -7986.8416
 ------------------------------------------------------------------------------


 NSTEP =     2200   TIME(PS) =      82.200  TEMP(K) =    67.46  PRESS =     0.0
 Etot   =     -7723.9113  EKtot   =       250.6241  EPtot      =     -7974.5354
 BOND   =         2.2897  ANGLE   =        12.6432  DIHED      =         0.7567
 1-4 NB =         8.3223  1-4 EEL =       -37.6603  VDWAALS    =      1629.3652
 EELEC  =     -9592.7108  EHBOND  =         0.0000  RESTRAINT  =         2.4583
 EAMBER (non-restraint)  =     -7976.9938
 ------------------------------------------------------------------------------


 NSTEP =     2300   TIME(PS) =      82.300  TEMP(K) =    67.19  PRESS =     0.0
 Etot   =     -7721.5025  EKtot   =       249.5999  EPtot      =     -7971.1024
 BOND   =         1.8302  ANGLE   =        12.8975  DIHED      =         1.2707
 1-4 NB =         8.2678  1-4 EEL =       -37.1781  VDWAALS    =      1619.9776
 EELEC  =     -9580.2637  EHBOND  =         0.0000  RESTRAINT  =         2.0956
 EAMBER (non-restraint)  =     -7973.1980
 ------------------------------------------------------------------------------


 NSTEP =     2400   TIME(PS) =      82.400  TEMP(K) =    69.00  PRESS =     0.0
 Etot   =     -7723.3759  EKtot   =       256.3271  EPtot      =     -7979.7030
 BOND   =         2.0566  ANGLE   =        12.7833  DIHED      =         0.6310
 1-4 NB =         8.3842  1-4 EEL =       -37.7142  VDWAALS    =      1658.8912
 EELEC  =     -9626.5884  EHBOND  =         0.0000  RESTRAINT  =         1.8533
 EAMBER (non-restraint)  =     -7981.5563
 ------------------------------------------------------------------------------


 NSTEP =     2500   TIME(PS) =      82.500  TEMP(K) =    68.96  PRESS =     0.0
 Etot   =     -7716.4087  EKtot   =       256.1875  EPtot      =     -7972.5962
 BOND   =         2.3128  ANGLE   =        12.8250  DIHED      =         1.1006
 1-4 NB =         8.4583  1-4 EEL =       -37.2661  VDWAALS    =      1626.1553
 EELEC  =     -9587.5806  EHBOND  =         0.0000  RESTRAINT  =         1.3986
 EAMBER (non-restraint)  =     -7973.9947
 ------------------------------------------------------------------------------


 NSTEP =     2600   TIME(PS) =      82.600  TEMP(K) =    70.75  PRESS =     0.0
 Etot   =     -7715.2860  EKtot   =       262.8561  EPtot      =     -7978.1421
 BOND   =         2.2027  ANGLE   =        12.5291  DIHED      =         1.5544
 1-4 NB =         8.4674  1-4 EEL =       -37.5339  VDWAALS    =      1605.8897
 EELEC  =     -9573.0130  EHBOND  =         0.0000  RESTRAINT  =         1.7614
 EAMBER (non-restraint)  =     -7979.9036
 ------------------------------------------------------------------------------


 NSTEP =     2700   TIME(PS) =      82.700  TEMP(K) =    69.30  PRESS =     0.0
 Etot   =     -7721.8857  EKtot   =       257.4449  EPtot      =     -7979.3307
 BOND   =         1.9471  ANGLE   =        12.9087  DIHED      =         0.9353
 1-4 NB =         8.4219  1-4 EEL =       -37.4640  VDWAALS    =      1646.0946
 EELEC  =     -9613.4788  EHBOND  =         0.0000  RESTRAINT  =         1.3045
 EAMBER (non-restraint)  =     -7980.6352
 ------------------------------------------------------------------------------


 NSTEP =     2800   TIME(PS) =      82.800  TEMP(K) =    67.74  PRESS =     0.0
 Etot   =     -7725.2366  EKtot   =       251.6626  EPtot      =     -7976.8991
 BOND   =         2.2077  ANGLE   =        13.2969  DIHED      =         1.5481
 1-4 NB =         8.0653  1-4 EEL =       -37.6477  VDWAALS    =      1645.2263
 EELEC  =     -9611.3448  EHBOND  =         0.0000  RESTRAINT  =         1.7491
 EAMBER (non-restraint)  =     -7978.6482
 ------------------------------------------------------------------------------


 NSTEP =     2900   TIME(PS) =      82.900  TEMP(K) =    69.75  PRESS =     0.0
 Etot   =     -7722.0319  EKtot   =       259.1246  EPtot      =     -7981.1565
 BOND   =         1.9615  ANGLE   =        12.7255  DIHED      =         1.2570
 1-4 NB =         8.5235  1-4 EEL =       -37.3402  VDWAALS    =      1624.0875
 EELEC  =     -9593.9765  EHBOND  =         0.0000  RESTRAINT  =         1.6053
 EAMBER (non-restraint)  =     -7982.7618
 ------------------------------------------------------------------------------


 NSTEP =     3000   TIME(PS) =      83.000  TEMP(K) =    69.51  PRESS =     0.0
 Etot   =     -7726.5992  EKtot   =       258.2228  EPtot      =     -7984.8220
 BOND   =         1.5504  ANGLE   =        13.0737  DIHED      =         0.7753
 1-4 NB =         8.2170  1-4 EEL =       -37.2919  VDWAALS    =      1602.7658
 EELEC  =     -9576.0583  EHBOND  =         0.0000  RESTRAINT  =         2.1459
 EAMBER (non-restraint)  =     -7986.9679
 ------------------------------------------------------------------------------


 NSTEP =     3100   TIME(PS) =      83.100  TEMP(K) =    68.13  PRESS =     0.0
 Etot   =     -7725.5658  EKtot   =       253.1110  EPtot      =     -7978.6768
 BOND   =         3.0035  ANGLE   =        12.5126  DIHED      =         1.1096
 1-4 NB =         7.7096  1-4 EEL =       -37.6861  VDWAALS    =      1638.0111
 EELEC  =     -9605.1776  EHBOND  =         0.0000  RESTRAINT  =         1.8406
 EAMBER (non-restraint)  =     -7980.5174
 ------------------------------------------------------------------------------


 NSTEP =     3200   TIME(PS) =      83.200  TEMP(K) =    69.80  PRESS =     0.0
 Etot   =     -7719.8864  EKtot   =       259.2990  EPtot      =     -7979.1854
 BOND   =         2.5626  ANGLE   =        12.9242  DIHED      =         1.5192
 1-4 NB =         7.8545  1-4 EEL =       -37.2051  VDWAALS    =      1655.1103
 EELEC  =     -9624.2083  EHBOND  =         0.0000  RESTRAINT  =         2.2572
 EAMBER (non-restraint)  =     -7981.4426
 ------------------------------------------------------------------------------


 NSTEP =     3300   TIME(PS) =      83.300  TEMP(K) =    68.85  PRESS =     0.0
 Etot   =     -7723.7498  EKtot   =       255.7721  EPtot      =     -7979.5219
 BOND   =         2.5513  ANGLE   =        13.0751  DIHED      =         1.2127
 1-4 NB =         7.6668  1-4 EEL =       -37.6063  VDWAALS    =      1678.7820
 EELEC  =     -9647.6361  EHBOND  =         0.0000  RESTRAINT  =         2.4326
 EAMBER (non-restraint)  =     -7981.9546
 ------------------------------------------------------------------------------


 NSTEP =     3400   TIME(PS) =      83.400  TEMP(K) =    68.77  PRESS =     0.0
 Etot   =     -7727.6022  EKtot   =       255.4902  EPtot      =     -7983.0924
 BOND   =         2.2628  ANGLE   =        13.0894  DIHED      =         0.9811
 1-4 NB =         7.8366  1-4 EEL =       -37.4750  VDWAALS    =      1652.3102
 EELEC  =     -9623.8340  EHBOND  =         0.0000  RESTRAINT  =         1.7364
 EAMBER (non-restraint)  =     -7984.8289
 ------------------------------------------------------------------------------


 NSTEP =     3500   TIME(PS) =      83.500  TEMP(K) =    67.06  PRESS =     0.0
 Etot   =     -7724.6956  EKtot   =       249.1163  EPtot      =     -7973.8119
 BOND   =         2.3291  ANGLE   =        12.4501  DIHED      =         1.0165
 1-4 NB =         7.9990  1-4 EEL =       -37.5883  VDWAALS    =      1643.8709
 EELEC  =     -9605.5510  EHBOND  =         0.0000  RESTRAINT  =         1.6618
 EAMBER (non-restraint)  =     -7975.4737
 ------------------------------------------------------------------------------


 NSTEP =     3600   TIME(PS) =      83.600  TEMP(K) =    68.53  PRESS =     0.0
 Etot   =     -7721.8855  EKtot   =       254.5928  EPtot      =     -7976.4783
 BOND   =         2.0648  ANGLE   =        12.4569  DIHED      =         1.2069
 1-4 NB =         8.3161  1-4 EEL =       -37.5797  VDWAALS    =      1642.8730
 EELEC  =     -9607.5426  EHBOND  =         0.0000  RESTRAINT  =         1.7264
 EAMBER (non-restraint)  =     -7978.2047
 ------------------------------------------------------------------------------


 NSTEP =     3700   TIME(PS) =      83.700  TEMP(K) =    68.14  PRESS =     0.0
 Etot   =     -7720.4776  EKtot   =       253.1535  EPtot      =     -7973.6311
 BOND   =         2.1343  ANGLE   =        12.4465  DIHED      =         1.0047
 1-4 NB =         8.5073  1-4 EEL =       -37.5655  VDWAALS    =      1645.0311
 EELEC  =     -9607.1776  EHBOND  =         0.0000  RESTRAINT  =         1.9881
 EAMBER (non-restraint)  =     -7975.6192
 ------------------------------------------------------------------------------


 NSTEP =     3800   TIME(PS) =      83.800  TEMP(K) =    69.99  PRESS =     0.0
 Etot   =     -7720.4105  EKtot   =       260.0265  EPtot      =     -7980.4370
 BOND   =         2.2766  ANGLE   =        12.1855  DIHED      =         1.2124
 1-4 NB =         8.5757  1-4 EEL =       -37.9085  VDWAALS    =      1640.7841
 EELEC  =     -9609.7296  EHBOND  =         0.0000  RESTRAINT  =         2.1669
 EAMBER (non-restraint)  =     -7982.6039
 ------------------------------------------------------------------------------


 NSTEP =     3900   TIME(PS) =      83.900  TEMP(K) =    70.07  PRESS =     0.0
 Etot   =     -7721.1278  EKtot   =       260.3236  EPtot      =     -7981.4514
 BOND   =         1.6447  ANGLE   =        12.5321  DIHED      =         0.9160
 1-4 NB =         9.0477  1-4 EEL =       -37.5186  VDWAALS    =      1674.5449
 EELEC  =     -9644.6777  EHBOND  =         0.0000  RESTRAINT  =         2.0595
 EAMBER (non-restraint)  =     -7983.5109
 ------------------------------------------------------------------------------


 NSTEP =     4000   TIME(PS) =      84.000  TEMP(K) =    66.99  PRESS =     0.0
 Etot   =     -7721.6585  EKtot   =       248.8556  EPtot      =     -7970.5141
 BOND   =         0.9375  ANGLE   =        13.2757  DIHED      =         1.0643
 1-4 NB =         9.0089  1-4 EEL =       -37.9036  VDWAALS    =      1653.2966
 EELEC  =     -9611.9626  EHBOND  =         0.0000  RESTRAINT  =         1.7692
 EAMBER (non-restraint)  =     -7972.2833
 ------------------------------------------------------------------------------


 NSTEP =     4100   TIME(PS) =      84.100  TEMP(K) =    68.62  PRESS =     0.0
 Etot   =     -7724.3060  EKtot   =       254.9309  EPtot      =     -7979.2369
 BOND   =         1.1541  ANGLE   =        13.7070  DIHED      =         0.7897
 1-4 NB =         8.5611  1-4 EEL =       -37.5725  VDWAALS    =      1654.0047
 EELEC  =     -9621.4255  EHBOND  =         0.0000  RESTRAINT  =         1.5445
 EAMBER (non-restraint)  =     -7980.7814
 ------------------------------------------------------------------------------


 NSTEP =     4200   TIME(PS) =      84.200  TEMP(K) =    70.18  PRESS =     0.0
 Etot   =     -7718.9315  EKtot   =       260.7279  EPtot      =     -7979.6594
 BOND   =         1.9125  ANGLE   =        12.9493  DIHED      =         1.1480
 1-4 NB =         8.4068  1-4 EEL =       -37.7854  VDWAALS    =      1639.2322
 EELEC  =     -9606.8415  EHBOND  =         0.0000  RESTRAINT  =         1.3187
 EAMBER (non-restraint)  =     -7980.9781
 ------------------------------------------------------------------------------


 NSTEP =     4300   TIME(PS) =      84.300  TEMP(K) =    67.85  PRESS =     0.0
 Etot   =     -7723.2617  EKtot   =       252.0803  EPtot      =     -7975.3420
 BOND   =         2.3066  ANGLE   =        12.5320  DIHED      =         0.8086
 1-4 NB =         8.0444  1-4 EEL =       -37.6679  VDWAALS    =      1632.9056
 EELEC  =     -9595.9281  EHBOND  =         0.0000  RESTRAINT  =         1.6567
 EAMBER (non-restraint)  =     -7976.9987
 ------------------------------------------------------------------------------


 NSTEP =     4400   TIME(PS) =      84.400  TEMP(K) =    68.22  PRESS =     0.0
 Etot   =     -7721.3388  EKtot   =       253.4372  EPtot      =     -7974.7760
 BOND   =         2.2727  ANGLE   =        12.2675  DIHED      =         0.9519
 1-4 NB =         8.0320  1-4 EEL =       -37.5098  VDWAALS    =      1624.5455
 EELEC  =     -9586.5289  EHBOND  =         0.0000  RESTRAINT  =         1.1932
 EAMBER (non-restraint)  =     -7975.9691
 ------------------------------------------------------------------------------


 NSTEP =     4500   TIME(PS) =      84.500  TEMP(K) =    69.44  PRESS =     0.0
 Etot   =     -7721.7711  EKtot   =       257.9743  EPtot      =     -7979.7454
 BOND   =         2.8012  ANGLE   =        12.0236  DIHED      =         0.9458
 1-4 NB =         7.8974  1-4 EEL =       -37.5262  VDWAALS    =      1637.6867
 EELEC  =     -9604.9615  EHBOND  =         0.0000  RESTRAINT  =         1.3876
 EAMBER (non-restraint)  =     -7981.1330
 ------------------------------------------------------------------------------


 NSTEP =     4600   TIME(PS) =      84.600  TEMP(K) =    69.19  PRESS =     0.0
 Etot   =     -7716.9900  EKtot   =       257.0585  EPtot      =     -7974.0485
 BOND   =         2.0398  ANGLE   =        12.4679  DIHED      =         0.9501
 1-4 NB =         7.8762  1-4 EEL =       -37.4945  VDWAALS    =      1636.9810
 EELEC  =     -9598.2366  EHBOND  =         0.0000  RESTRAINT  =         1.3675
 EAMBER (non-restraint)  =     -7975.4160
 ------------------------------------------------------------------------------


 NSTEP =     4700   TIME(PS) =      84.700  TEMP(K) =    69.95  PRESS =     0.0
 Etot   =     -7716.5396  EKtot   =       259.8649  EPtot      =     -7976.4045
 BOND   =         2.2145  ANGLE   =        12.5014  DIHED      =         0.9733
 1-4 NB =         7.7742  1-4 EEL =       -37.3705  VDWAALS    =      1634.5743
 EELEC  =     -9598.5152  EHBOND  =         0.0000  RESTRAINT  =         1.4435
 EAMBER (non-restraint)  =     -7977.8480
 ------------------------------------------------------------------------------


 NSTEP =     4800   TIME(PS) =      84.800  TEMP(K) =    70.73  PRESS =     0.0
 Etot   =     -7718.6562  EKtot   =       262.7550  EPtot      =     -7981.4112
 BOND   =         2.4559  ANGLE   =        12.3287  DIHED      =         0.9353
 1-4 NB =         7.7370  1-4 EEL =       -37.5008  VDWAALS    =      1618.8260
 EELEC  =     -9587.4404  EHBOND  =         0.0000  RESTRAINT  =         1.2470
 EAMBER (non-restraint)  =     -7982.6583
 ------------------------------------------------------------------------------


 NSTEP =     4900   TIME(PS) =      84.900  TEMP(K) =    70.40  PRESS =     0.0
 Etot   =     -7714.5348  EKtot   =       261.5494  EPtot      =     -7976.0841
 BOND   =         2.1793  ANGLE   =        12.9354  DIHED      =         0.7762
 1-4 NB =         7.7282  1-4 EEL =       -37.3904  VDWAALS    =      1620.6295
 EELEC  =     -9584.9434  EHBOND  =         0.0000  RESTRAINT  =         2.0011
 EAMBER (non-restraint)  =     -7978.0853
 ------------------------------------------------------------------------------


 NSTEP =     5000   TIME(PS) =      85.000  TEMP(K) =    69.33  PRESS =     0.0
 Etot   =     -7717.4668  EKtot   =       257.5497  EPtot      =     -7975.0165
 BOND   =         2.6714  ANGLE   =        12.3945  DIHED      =         1.2273
 1-4 NB =         8.1556  1-4 EEL =       -37.5301  VDWAALS    =      1653.3893
 EELEC  =     -9617.0553  EHBOND  =         0.0000  RESTRAINT  =         1.7308
 EAMBER (non-restraint)  =     -7976.7473
 ------------------------------------------------------------------------------


 NSTEP =     5100   TIME(PS) =      85.100  TEMP(K) =    69.99  PRESS =     0.0
 Etot   =     -7714.6312  EKtot   =       260.0252  EPtot      =     -7974.6565
 BOND   =         2.4528  ANGLE   =        12.0012  DIHED      =         0.8541
 1-4 NB =         8.2232  1-4 EEL =       -37.3563  VDWAALS    =      1635.5812
 EELEC  =     -9597.8983  EHBOND  =         0.0000  RESTRAINT  =         1.4855
 EAMBER (non-restraint)  =     -7976.1419
 ------------------------------------------------------------------------------


 NSTEP =     5200   TIME(PS) =      85.200  TEMP(K) =    70.28  PRESS =     0.0
 Etot   =     -7713.7773  EKtot   =       261.0917  EPtot      =     -7974.8690
 BOND   =         2.8335  ANGLE   =        11.9442  DIHED      =         1.0241
 1-4 NB =         8.5191  1-4 EEL =       -37.5260  VDWAALS    =      1628.3522
 EELEC  =     -9591.4294  EHBOND  =         0.0000  RESTRAINT  =         1.4132
 EAMBER (non-restraint)  =     -7976.2823
 ------------------------------------------------------------------------------


 NSTEP =     5300   TIME(PS) =      85.300  TEMP(K) =    68.86  PRESS =     0.0
 Etot   =     -7717.9330  EKtot   =       255.8300  EPtot      =     -7973.7630
 BOND   =         2.8910  ANGLE   =        11.8514  DIHED      =         1.3980
 1-4 NB =         8.6257  1-4 EEL =       -37.5652  VDWAALS    =      1650.5688
 EELEC  =     -9613.4564  EHBOND  =         0.0000  RESTRAINT  =         1.9237
 EAMBER (non-restraint)  =     -7975.6868
 ------------------------------------------------------------------------------


 NSTEP =     5400   TIME(PS) =      85.400  TEMP(K) =    69.08  PRESS =     0.0
 Etot   =     -7721.2314  EKtot   =       256.6311  EPtot      =     -7977.8625
 BOND   =         1.5001  ANGLE   =        13.0211  DIHED      =         1.1563
 1-4 NB =         8.8285  1-4 EEL =       -37.5116  VDWAALS    =      1674.0038
 EELEC  =     -9640.7114  EHBOND  =         0.0000  RESTRAINT  =         1.8507
 EAMBER (non-restraint)  =     -7979.7132
 ------------------------------------------------------------------------------


 NSTEP =     5500   TIME(PS) =      85.500  TEMP(K) =    68.61  PRESS =     0.0
 Etot   =     -7723.5591  EKtot   =       254.8953  EPtot      =     -7978.4544
 BOND   =         2.5447  ANGLE   =        12.1610  DIHED      =         0.9119
 1-4 NB =         8.7102  1-4 EEL =       -37.6985  VDWAALS    =      1603.6942
 EELEC  =     -9570.6112  EHBOND  =         0.0000  RESTRAINT  =         1.8333
 EAMBER (non-restraint)  =     -7980.2878
 ------------------------------------------------------------------------------


 NSTEP =     5600   TIME(PS) =      85.600  TEMP(K) =    67.42  PRESS =     0.0
 Etot   =     -7726.2452  EKtot   =       250.4723  EPtot      =     -7976.7175
 BOND   =         1.7089  ANGLE   =        13.1836  DIHED      =         1.3503
 1-4 NB =         8.6173  1-4 EEL =       -37.3913  VDWAALS    =      1624.2730
 EELEC  =     -9590.3384  EHBOND  =         0.0000  RESTRAINT  =         1.8791
 EAMBER (non-restraint)  =     -7978.5966
 ------------------------------------------------------------------------------


 NSTEP =     5700   TIME(PS) =      85.700  TEMP(K) =    68.23  PRESS =     0.0
 Etot   =     -7723.8366  EKtot   =       253.4617  EPtot      =     -7977.2983
 BOND   =         2.0670  ANGLE   =        12.6763  DIHED      =         0.7260
 1-4 NB =         8.7176  1-4 EEL =       -37.9555  VDWAALS    =      1612.2004
 EELEC  =     -9577.8497  EHBOND  =         0.0000  RESTRAINT  =         2.1196
 EAMBER (non-restraint)  =     -7979.4179
 ------------------------------------------------------------------------------


 NSTEP =     5800   TIME(PS) =      85.800  TEMP(K) =    68.71  PRESS =     0.0
 Etot   =     -7721.5868  EKtot   =       255.2473  EPtot      =     -7976.8341
 BOND   =         1.3129  ANGLE   =        12.5396  DIHED      =         1.0623
 1-4 NB =         8.5185  1-4 EEL =       -37.4869  VDWAALS    =      1617.8598
 EELEC  =     -9582.1229  EHBOND  =         0.0000  RESTRAINT  =         1.4826
 EAMBER (non-restraint)  =     -7978.3167
 ------------------------------------------------------------------------------


 NSTEP =     5900   TIME(PS) =      85.900  TEMP(K) =    69.91  PRESS =     0.0
 Etot   =     -7720.6203  EKtot   =       259.7078  EPtot      =     -7980.3281
 BOND   =         2.3541  ANGLE   =        12.5413  DIHED      =         1.0874
 1-4 NB =         8.5147  1-4 EEL =       -37.6436  VDWAALS    =      1619.5682
 EELEC  =     -9589.0130  EHBOND  =         0.0000  RESTRAINT  =         2.2627
 EAMBER (non-restraint)  =     -7982.5908
 ------------------------------------------------------------------------------


 NSTEP =     6000   TIME(PS) =      86.000  TEMP(K) =    66.87  PRESS =     0.0
 Etot   =     -7718.7529  EKtot   =       248.4326  EPtot      =     -7967.1855
 BOND   =         3.1738  ANGLE   =        11.3051  DIHED      =         1.0776
 1-4 NB =         8.3518  1-4 EEL =       -37.6363  VDWAALS    =      1642.7878
 EELEC  =     -9598.5616  EHBOND  =         0.0000  RESTRAINT  =         2.3162
 EAMBER (non-restraint)  =     -7969.5017
 ------------------------------------------------------------------------------


 NSTEP =     6100   TIME(PS) =      86.100  TEMP(K) =    71.13  PRESS =     0.0
 Etot   =     -7718.7079  EKtot   =       264.2627  EPtot      =     -7982.9706
 BOND   =         2.7556  ANGLE   =        12.5193  DIHED      =         1.1362
 1-4 NB =         8.0169  1-4 EEL =       -37.6238  VDWAALS    =      1664.3437
 EELEC  =     -9635.9782  EHBOND  =         0.0000  RESTRAINT  =         1.8597
 EAMBER (non-restraint)  =     -7984.8303
 ------------------------------------------------------------------------------


 NSTEP =     6200   TIME(PS) =      86.200  TEMP(K) =    71.17  PRESS =     0.0
 Etot   =     -7719.1265  EKtot   =       264.3865  EPtot      =     -7983.5130
 BOND   =         1.7000  ANGLE   =        12.8553  DIHED      =         1.1650
 1-4 NB =         8.0645  1-4 EEL =       -37.5239  VDWAALS    =      1651.6985
 EELEC  =     -9623.6398  EHBOND  =         0.0000  RESTRAINT  =         2.1675
 EAMBER (non-restraint)  =     -7985.6806
 ------------------------------------------------------------------------------


 NSTEP =     6300   TIME(PS) =      86.300  TEMP(K) =    68.67  PRESS =     0.0
 Etot   =     -7716.6189  EKtot   =       255.1099  EPtot      =     -7971.7287
 BOND   =         2.0833  ANGLE   =        13.5450  DIHED      =         0.9392
 1-4 NB =         8.0146  1-4 EEL =       -37.4250  VDWAALS    =      1644.7700
 EELEC  =     -9606.7286  EHBOND  =         0.0000  RESTRAINT  =         3.0729
 EAMBER (non-restraint)  =     -7974.8016
 ------------------------------------------------------------------------------


 NSTEP =     6400   TIME(PS) =      86.400  TEMP(K) =    70.76  PRESS =     0.0
 Etot   =     -7713.5708  EKtot   =       262.8621  EPtot      =     -7976.4329
 BOND   =         2.2273  ANGLE   =        13.6469  DIHED      =         1.1121
 1-4 NB =         7.8166  1-4 EEL =       -37.6706  VDWAALS    =      1653.8390
 EELEC  =     -9619.9397  EHBOND  =         0.0000  RESTRAINT  =         2.5354
 EAMBER (non-restraint)  =     -7978.9683
 ------------------------------------------------------------------------------


 NSTEP =     6500   TIME(PS) =      86.500  TEMP(K) =    70.31  PRESS =     0.0
 Etot   =     -7717.4935  EKtot   =       261.1880  EPtot      =     -7978.6815
 BOND   =         3.1574  ANGLE   =        12.2198  DIHED      =         1.1806
 1-4 NB =         8.0108  1-4 EEL =       -37.4128  VDWAALS    =      1608.8674
 EELEC  =     -9577.3977  EHBOND  =         0.0000  RESTRAINT  =         2.6929
 EAMBER (non-restraint)  =     -7981.3744
 ------------------------------------------------------------------------------


 NSTEP =     6600   TIME(PS) =      86.600  TEMP(K) =    68.49  PRESS =     0.0
 Etot   =     -7710.8884  EKtot   =       254.4489  EPtot      =     -7965.3373
 BOND   =         3.0676  ANGLE   =        12.4826  DIHED      =         1.1839
 1-4 NB =         7.9757  1-4 EEL =       -37.5024  VDWAALS    =      1627.9381
 EELEC  =     -9582.9517  EHBOND  =         0.0000  RESTRAINT  =         2.4690
 EAMBER (non-restraint)  =     -7967.8063
 ------------------------------------------------------------------------------


 NSTEP =     6700   TIME(PS) =      86.700  TEMP(K) =    71.23  PRESS =     0.0
 Etot   =     -7708.7804  EKtot   =       264.6199  EPtot      =     -7973.4002
 BOND   =         3.6639  ANGLE   =        11.8311  DIHED      =         1.2989
 1-4 NB =         8.1377  1-4 EEL =       -37.4639  VDWAALS    =      1626.8130
 EELEC  =     -9589.9077  EHBOND  =         0.0000  RESTRAINT  =         2.2267
 EAMBER (non-restraint)  =     -7975.6269
 ------------------------------------------------------------------------------


 NSTEP =     6800   TIME(PS) =      86.800  TEMP(K) =    73.43  PRESS =     0.0
 Etot   =     -7707.9597  EKtot   =       272.7945  EPtot      =     -7980.7542
 BOND   =         1.5089  ANGLE   =        13.4384  DIHED      =         0.8728
 1-4 NB =         8.3739  1-4 EEL =       -37.3955  VDWAALS    =      1658.1949
 EELEC  =     -9627.7033  EHBOND  =         0.0000  RESTRAINT  =         1.9557
 EAMBER (non-restraint)  =     -7982.7099
 ------------------------------------------------------------------------------


 NSTEP =     6900   TIME(PS) =      86.900  TEMP(K) =    71.65  PRESS =     0.0
 Etot   =     -7702.6143  EKtot   =       266.1684  EPtot      =     -7968.7826
 BOND   =         2.0663  ANGLE   =        13.3059  DIHED      =         1.0432
 1-4 NB =         8.2383  1-4 EEL =       -37.6383  VDWAALS    =      1652.3523
 EELEC  =     -9610.3550  EHBOND  =         0.0000  RESTRAINT  =         2.2047
 EAMBER (non-restraint)  =     -7970.9874
 ------------------------------------------------------------------------------


 NSTEP =     7000   TIME(PS) =      87.000  TEMP(K) =    70.80  PRESS =     0.0
 Etot   =     -7706.0755  EKtot   =       263.0256  EPtot      =     -7969.1012
 BOND   =         1.3891  ANGLE   =        13.4709  DIHED      =         0.8967
 1-4 NB =         8.5238  1-4 EEL =       -37.6736  VDWAALS    =      1661.3650
 EELEC  =     -9619.7560  EHBOND  =         0.0000  RESTRAINT  =         2.6830
 EAMBER (non-restraint)  =     -7971.7842
 ------------------------------------------------------------------------------


 NSTEP =     7100   TIME(PS) =      87.100  TEMP(K) =    70.61  PRESS =     0.0
 Etot   =     -7706.7112  EKtot   =       262.3188  EPtot      =     -7969.0300
 BOND   =         2.2341  ANGLE   =        12.8874  DIHED      =         1.0701
 1-4 NB =         8.4383  1-4 EEL =       -37.5544  VDWAALS    =      1650.8999
 EELEC  =     -9609.4444  EHBOND  =         0.0000  RESTRAINT  =         2.4390
 EAMBER (non-restraint)  =     -7971.4691
 ------------------------------------------------------------------------------


 NSTEP =     7200   TIME(PS) =      87.200  TEMP(K) =    72.89  PRESS =     0.0
 Etot   =     -7702.4236  EKtot   =       270.7926  EPtot      =     -7973.2162
 BOND   =         2.1729  ANGLE   =        12.5870  DIHED      =         0.9644
 1-4 NB =         8.5011  1-4 EEL =       -37.8444  VDWAALS    =      1642.1783
 EELEC  =     -9604.5137  EHBOND  =         0.0000  RESTRAINT  =         2.7383
 EAMBER (non-restraint)  =     -7975.9545
 ------------------------------------------------------------------------------


 NSTEP =     7300   TIME(PS) =      87.300  TEMP(K) =    72.11  PRESS =     0.0
 Etot   =     -7703.8067  EKtot   =       267.8872  EPtot      =     -7971.6940
 BOND   =         2.2210  ANGLE   =        12.8146  DIHED      =         1.4989
 1-4 NB =         8.7846  1-4 EEL =       -37.6836  VDWAALS    =      1619.0174
 EELEC  =     -9580.5555  EHBOND  =         0.0000  RESTRAINT  =         2.2087
 EAMBER (non-restraint)  =     -7973.9027
 ------------------------------------------------------------------------------


 NSTEP =     7400   TIME(PS) =      87.400  TEMP(K) =    71.79  PRESS =     0.0
 Etot   =     -7707.8274  EKtot   =       266.7093  EPtot      =     -7974.5366
 BOND   =         2.2313  ANGLE   =        12.5332  DIHED      =         1.2701
 1-4 NB =         8.3635  1-4 EEL =       -37.7399  VDWAALS    =      1679.2434
 EELEC  =     -9643.0580  EHBOND  =         0.0000  RESTRAINT  =         2.6197
 EAMBER (non-restraint)  =     -7977.1563
 ------------------------------------------------------------------------------


 NSTEP =     7500   TIME(PS) =      87.500  TEMP(K) =    71.97  PRESS =     0.0
 Etot   =     -7705.4182  EKtot   =       267.3716  EPtot      =     -7972.7897
 BOND   =         2.3159  ANGLE   =        13.0361  DIHED      =         1.2033
 1-4 NB =         8.2837  1-4 EEL =       -37.5114  VDWAALS    =      1658.7153
 EELEC  =     -9620.9978  EHBOND  =         0.0000  RESTRAINT  =         2.1651
 EAMBER (non-restraint)  =     -7974.9548
 ------------------------------------------------------------------------------


 NSTEP =     7600   TIME(PS) =      87.600  TEMP(K) =    70.80  PRESS =     0.0
 Etot   =     -7710.5388  EKtot   =       263.0230  EPtot      =     -7973.5618
 BOND   =         2.0101  ANGLE   =        12.8368  DIHED      =         1.3840
 1-4 NB =         8.1869  1-4 EEL =       -37.5434  VDWAALS    =      1683.7939
 EELEC  =     -9646.2014  EHBOND  =         0.0000  RESTRAINT  =         1.9711
 EAMBER (non-restraint)  =     -7975.5330
 ------------------------------------------------------------------------------


 NSTEP =     7700   TIME(PS) =      87.700  TEMP(K) =    71.76  PRESS =     0.0
 Etot   =     -7713.4987  EKtot   =       266.5989  EPtot      =     -7980.0976
 BOND   =         1.9120  ANGLE   =        13.0971  DIHED      =         0.7837
 1-4 NB =         8.1396  1-4 EEL =       -37.7295  VDWAALS    =      1664.8441
 EELEC  =     -9633.0181  EHBOND  =         0.0000  RESTRAINT  =         1.8737
 EAMBER (non-restraint)  =     -7981.9712
 ------------------------------------------------------------------------------


 NSTEP =     7800   TIME(PS) =      87.800  TEMP(K) =    73.64  PRESS =     0.0
 Etot   =     -7710.2186  EKtot   =       273.5742  EPtot      =     -7983.7928
 BOND   =         2.0515  ANGLE   =        12.6213  DIHED      =         1.0364
 1-4 NB =         8.1097  1-4 EEL =       -37.5246  VDWAALS    =      1662.8441
 EELEC  =     -9634.8627  EHBOND  =         0.0000  RESTRAINT  =         1.9315
 EAMBER (non-restraint)  =     -7985.7243
 ------------------------------------------------------------------------------


 NSTEP =     7900   TIME(PS) =      87.900  TEMP(K) =    72.94  PRESS =     0.0
 Etot   =     -7715.1194  EKtot   =       270.9734  EPtot      =     -7986.0929
 BOND   =         2.6685  ANGLE   =        12.3024  DIHED      =         0.9350
 1-4 NB =         7.9545  1-4 EEL =       -37.4776  VDWAALS    =      1669.8077
 EELEC  =     -9645.0283  EHBOND  =         0.0000  RESTRAINT  =         2.7451
 EAMBER (non-restraint)  =     -7988.8379
 ------------------------------------------------------------------------------


 NSTEP =     8000   TIME(PS) =      88.000  TEMP(K) =    69.37  PRESS =     0.0
 Etot   =     -7721.7135  EKtot   =       257.7155  EPtot      =     -7979.4289
 BOND   =         1.7723  ANGLE   =        12.9094  DIHED      =         0.9457
 1-4 NB =         8.2815  1-4 EEL =       -37.4047  VDWAALS    =      1688.2523
 EELEC  =     -9656.3838  EHBOND  =         0.0000  RESTRAINT  =         2.1984
 EAMBER (non-restraint)  =     -7981.6273
 ------------------------------------------------------------------------------


 NSTEP =     8100   TIME(PS) =      88.100  TEMP(K) =    71.41  PRESS =     0.0
 Etot   =     -7721.8062  EKtot   =       265.3066  EPtot      =     -7987.1128
 BOND   =         3.0095  ANGLE   =        12.5258  DIHED      =         0.8815
 1-4 NB =         8.0189  1-4 EEL =       -37.4269  VDWAALS    =      1683.9155
 EELEC  =     -9660.1646  EHBOND  =         0.0000  RESTRAINT  =         2.1276
 EAMBER (non-restraint)  =     -7989.2404
 ------------------------------------------------------------------------------


 NSTEP =     8200   TIME(PS) =      88.200  TEMP(K) =    69.99  PRESS =     0.0
 Etot   =     -7723.3928  EKtot   =       260.0281  EPtot      =     -7983.4210
 BOND   =         2.1009  ANGLE   =        13.0463  DIHED      =         0.8900
 1-4 NB =         8.3116  1-4 EEL =       -37.2504  VDWAALS    =      1673.6117
 EELEC  =     -9646.0466  EHBOND  =         0.0000  RESTRAINT  =         1.9155
 EAMBER (non-restraint)  =     -7985.3365
 ------------------------------------------------------------------------------


 NSTEP =     8300   TIME(PS) =      88.300  TEMP(K) =    70.00  PRESS =     0.0
 Etot   =     -7725.5173  EKtot   =       260.0655  EPtot      =     -7985.5828
 BOND   =         2.9422  ANGLE   =        12.6109  DIHED      =         1.1952
 1-4 NB =         8.2865  1-4 EEL =       -37.6316  VDWAALS    =      1631.6592
 EELEC  =     -9606.0143  EHBOND  =         0.0000  RESTRAINT  =         1.3690
 EAMBER (non-restraint)  =     -7986.9518
 ------------------------------------------------------------------------------


 NSTEP =     8400   TIME(PS) =      88.400  TEMP(K) =    70.53  PRESS =     0.0
 Etot   =     -7724.2682  EKtot   =       262.0084  EPtot      =     -7986.2766
 BOND   =         2.0244  ANGLE   =        13.3469  DIHED      =         1.7577
 1-4 NB =         8.4311  1-4 EEL =       -37.2619  VDWAALS    =      1661.6301
 EELEC  =     -9638.1795  EHBOND  =         0.0000  RESTRAINT  =         1.9746
 EAMBER (non-restraint)  =     -7988.2512
 ------------------------------------------------------------------------------


 NSTEP =     8500   TIME(PS) =      88.500  TEMP(K) =    70.78  PRESS =     0.0
 Etot   =     -7724.7344  EKtot   =       262.9672  EPtot      =     -7987.7015
 BOND   =         2.4693  ANGLE   =        13.1260  DIHED      =         1.3745
 1-4 NB =         8.4561  1-4 EEL =       -37.8185  VDWAALS    =      1660.7630
 EELEC  =     -9637.8734  EHBOND  =         0.0000  RESTRAINT  =         1.8014
 EAMBER (non-restraint)  =     -7989.5029
 ------------------------------------------------------------------------------


 NSTEP =     8600   TIME(PS) =      88.600  TEMP(K) =    69.15  PRESS =     0.0
 Etot   =     -7718.0770  EKtot   =       256.8820  EPtot      =     -7974.9590
 BOND   =         2.9595  ANGLE   =        12.1941  DIHED      =         0.7960
 1-4 NB =         8.7340  1-4 EEL =       -37.1577  VDWAALS    =      1680.9062
 EELEC  =     -9645.7607  EHBOND  =         0.0000  RESTRAINT  =         2.3697
 EAMBER (non-restraint)  =     -7977.3286
 ------------------------------------------------------------------------------


 NSTEP =     8700   TIME(PS) =      88.700  TEMP(K) =    71.00  PRESS =     0.0
 Etot   =     -7716.4785  EKtot   =       263.7670  EPtot      =     -7980.2456
 BOND   =         2.7502  ANGLE   =        12.8477  DIHED      =         1.4306
 1-4 NB =         8.3420  1-4 EEL =       -37.8086  VDWAALS    =      1651.2983
 EELEC  =     -9621.4649  EHBOND  =         0.0000  RESTRAINT  =         2.3591
 EAMBER (non-restraint)  =     -7982.6046
 ------------------------------------------------------------------------------


 NSTEP =     8800   TIME(PS) =      88.800  TEMP(K) =    70.14  PRESS =     0.0
 Etot   =     -7723.3889  EKtot   =       260.5577  EPtot      =     -7983.9466
 BOND   =         3.4269  ANGLE   =        12.6326  DIHED      =         0.9613
 1-4 NB =         8.3168  1-4 EEL =       -36.9814  VDWAALS    =      1661.1200
 EELEC  =     -9635.7219  EHBOND  =         0.0000  RESTRAINT  =         2.2991
 EAMBER (non-restraint)  =     -7986.2457
 ------------------------------------------------------------------------------


 NSTEP =     8900   TIME(PS) =      88.900  TEMP(K) =    71.06  PRESS =     0.0
 Etot   =     -7725.8445  EKtot   =       263.9901  EPtot      =     -7989.8346
 BOND   =         2.1476  ANGLE   =        13.3166  DIHED      =         1.3218
 1-4 NB =         8.0879  1-4 EEL =       -37.8512  VDWAALS    =      1652.3441
 EELEC  =     -9631.2565  EHBOND  =         0.0000  RESTRAINT  =         2.0551
 EAMBER (non-restraint)  =     -7991.8897
 ------------------------------------------------------------------------------


 NSTEP =     9000   TIME(PS) =      89.000  TEMP(K) =    70.82  PRESS =     0.0
 Etot   =     -7733.2722  EKtot   =       263.1094  EPtot      =     -7996.3816
 BOND   =         1.5454  ANGLE   =        13.2613  DIHED      =         0.7655
 1-4 NB =         8.2483  1-4 EEL =       -37.2808  VDWAALS    =      1709.5492
 EELEC  =     -9694.9878  EHBOND  =         0.0000  RESTRAINT  =         2.5174
 EAMBER (non-restraint)  =     -7998.8990
 ------------------------------------------------------------------------------


 NSTEP =     9100   TIME(PS) =      89.100  TEMP(K) =    70.43  PRESS =     0.0
 Etot   =     -7732.0254  EKtot   =       261.6348  EPtot      =     -7993.6602
 BOND   =         2.7638  ANGLE   =        12.3112  DIHED      =         1.3969
 1-4 NB =         8.1155  1-4 EEL =       -37.5598  VDWAALS    =      1670.1327
 EELEC  =     -9652.9294  EHBOND  =         0.0000  RESTRAINT  =         2.1088
 EAMBER (non-restraint)  =     -7995.7690
 ------------------------------------------------------------------------------


 NSTEP =     9200   TIME(PS) =      89.200  TEMP(K) =    69.93  PRESS =     0.0
 Etot   =     -7732.9269  EKtot   =       259.7842  EPtot      =     -7992.7111
 BOND   =         2.8221  ANGLE   =        12.4423  DIHED      =         0.9894
 1-4 NB =         7.8948  1-4 EEL =       -37.7210  VDWAALS    =      1641.5621
 EELEC  =     -9622.4281  EHBOND  =         0.0000  RESTRAINT  =         1.7273
 EAMBER (non-restraint)  =     -7994.4384
 ------------------------------------------------------------------------------


 NSTEP =     9300   TIME(PS) =      89.300  TEMP(K) =    69.58  PRESS =     0.0
 Etot   =     -7731.4975  EKtot   =       258.5051  EPtot      =     -7990.0026
 BOND   =         2.7429  ANGLE   =        12.3382  DIHED      =         1.2247
 1-4 NB =         8.0350  1-4 EEL =       -37.7041  VDWAALS    =      1680.6027
 EELEC  =     -9659.0788  EHBOND  =         0.0000  RESTRAINT  =         1.8369
 EAMBER (non-restraint)  =     -7991.8395
 ------------------------------------------------------------------------------


 NSTEP =     9400   TIME(PS) =      89.400  TEMP(K) =    71.51  PRESS =     0.0
 Etot   =     -7729.5459  EKtot   =       265.6771  EPtot      =     -7995.2229
 BOND   =         1.6605  ANGLE   =        13.9068  DIHED      =         1.2101
 1-4 NB =         8.1174  1-4 EEL =       -37.4692  VDWAALS    =      1676.5399
 EELEC  =     -9660.6357  EHBOND  =         0.0000  RESTRAINT  =         1.4473
 EAMBER (non-restraint)  =     -7996.6702
 ------------------------------------------------------------------------------


 NSTEP =     9500   TIME(PS) =      89.500  TEMP(K) =    68.43  PRESS =     0.0
 Etot   =     -7730.1825  EKtot   =       254.2268  EPtot      =     -7984.4093
 BOND   =         2.8454  ANGLE   =        12.4879  DIHED      =         0.9070
 1-4 NB =         7.9368  1-4 EEL =       -37.6220  VDWAALS    =      1647.8523
 EELEC  =     -9621.3696  EHBOND  =         0.0000  RESTRAINT  =         2.5529
 EAMBER (non-restraint)  =     -7986.9622
 ------------------------------------------------------------------------------


 NSTEP =     9600   TIME(PS) =      89.600  TEMP(K) =    70.40  PRESS =     0.0
 Etot   =     -7725.4170  EKtot   =       261.5240  EPtot      =     -7986.9411
 BOND   =         2.6723  ANGLE   =        12.9409  DIHED      =         1.6907
 1-4 NB =         8.1661  1-4 EEL =       -37.8309  VDWAALS    =      1636.5837
 EELEC  =     -9612.9803  EHBOND  =         0.0000  RESTRAINT  =         1.8164
 EAMBER (non-restraint)  =     -7988.7575
 ------------------------------------------------------------------------------


 NSTEP =     9700   TIME(PS) =      89.700  TEMP(K) =    72.18  PRESS =     0.0
 Etot   =     -7722.1636  EKtot   =       268.1470  EPtot      =     -7990.3107
 BOND   =         2.9243  ANGLE   =        12.4463  DIHED      =         0.7502
 1-4 NB =         8.3519  1-4 EEL =       -37.5943  VDWAALS    =      1702.7832
 EELEC  =     -9682.7345  EHBOND  =         0.0000  RESTRAINT  =         2.7622
 EAMBER (non-restraint)  =     -7993.0728
 ------------------------------------------------------------------------------


 NSTEP =     9800   TIME(PS) =      89.800  TEMP(K) =    71.67  PRESS =     0.0
 Etot   =     -7722.2369  EKtot   =       266.2595  EPtot      =     -7988.4963
 BOND   =         2.3460  ANGLE   =        12.8370  DIHED      =         1.3252
 1-4 NB =         8.4899  1-4 EEL =       -37.5850  VDWAALS    =      1666.8394
 EELEC  =     -9644.4953  EHBOND  =         0.0000  RESTRAINT  =         1.7466
 EAMBER (non-restraint)  =     -7990.2429
 ------------------------------------------------------------------------------


 NSTEP =     9900   TIME(PS) =      89.900  TEMP(K) =    70.58  PRESS =     0.0
 Etot   =     -7722.8231  EKtot   =       262.2180  EPtot      =     -7985.0411
 BOND   =         2.3192  ANGLE   =        12.6281  DIHED      =         1.1765
 1-4 NB =         8.3979  1-4 EEL =       -37.3194  VDWAALS    =      1669.3164
 EELEC  =     -9643.5561  EHBOND  =         0.0000  RESTRAINT  =         1.9962
 EAMBER (non-restraint)  =     -7987.0373
 ------------------------------------------------------------------------------


 NSTEP =    10000   TIME(PS) =      90.000  TEMP(K) =    72.22  PRESS =     0.0
 Etot   =     -7720.7856  EKtot   =       268.3010  EPtot      =     -7989.0866
 BOND   =         1.3288  ANGLE   =        13.2299  DIHED      =         0.7644
 1-4 NB =         8.3324  1-4 EEL =       -37.7128  VDWAALS    =      1672.0325
 EELEC  =     -9649.5697  EHBOND  =         0.0000  RESTRAINT  =         2.5079
 EAMBER (non-restraint)  =     -7991.5945
 ------------------------------------------------------------------------------


      A V E R A G E S   O V E R     100 S T E P S


 NSTEP =    10000   TIME(PS) =      90.000  TEMP(K) =    69.38  PRESS =     0.0
 Etot   =     -7722.5594  EKtot   =       257.7510  EPtot      =     -7980.3104
 BOND   =         2.2220  ANGLE   =        12.7597  DIHED      =         1.1038
 1-4 NB =         8.2602  1-4 EEL =       -37.5579  VDWAALS    =      1647.4735
 EELEC  =     -9616.5389  EHBOND  =         0.0000  RESTRAINT  =         1.9672
 EAMBER (non-restraint)  =     -7982.2775
 ------------------------------------------------------------------------------


      R M S  F L U C T U A T I O N S


 NSTEP =    10000   TIME(PS) =      90.000  TEMP(K) =     2.06  PRESS =     0.0
 Etot   =        11.3066  EKtot   =         7.6446  EPtot      =         7.4470
 BOND   =         0.5341  ANGLE   =         0.4657  DIHED      =         0.2462
 1-4 NB =         0.2764  1-4 EEL =         0.1796  VDWAALS    =        21.4587
 EELEC  =        24.9165  EHBOND  =         0.0000  RESTRAINT  =         0.3998
 EAMBER (non-restraint)  =         7.0473
 ------------------------------------------------------------------------------

--------------------------------------------------------------------------------
   5.  TIMINGS
--------------------------------------------------------------------------------

|  NonSetup CPU Time in Major Routines:
|
|     Routine           Sec        %
|     ------------------------------
|     Nonbond           1.53   30.57
|     Bond              0.00    0.00
|     Angle             0.00    0.00
|     Dihedral          0.00    0.00
|     Shake             0.07    1.34
|     RunMD             3.40   67.81
|     Other             0.01    0.28
|     ------------------------------
|     Total             5.01

|  PME Nonbond Pairlist CPU Time:
|
|     Routine              Sec        %
|     ---------------------------------
|     Set Up Cit           0.00    0.00
|     Build List           0.00    0.00
|     ---------------------------------
|     Total                0.00    0.00

|  PME Direct Force CPU Time:
|
|     Routine              Sec        %
|     ---------------------------------
|     NonBonded Calc       0.00    0.00
|     Exclude Masked       0.00    0.00
|     Other                0.01    0.22
|     ---------------------------------
|     Total                0.01    0.22

|  PME Reciprocal Force CPU Time:
|
|     Routine              Sec        %
|     ---------------------------------
|     1D bspline           0.00    0.00
|     Grid Charges         0.00    0.00
|     Scalar Sum           0.00    0.00
|     Gradient Sum         0.00    0.00
|     FFT                  0.00    0.00
|     ---------------------------------
|     Total                0.00    0.00

|  Final Performance Info:
|     -----------------------------------------------------
|     Average timings for last    9900 steps:
|         Elapsed(s) =       4.96 Per Step(ms) =       0.50
|             ns/day =     172.54   seconds/ns =     500.77
|
|     Average timings for all steps:
|         Elapsed(s) =       5.01 Per Step(ms) =       0.50
|             ns/day =     172.32   seconds/ns =     501.39
|     -----------------------------------------------------

|  Setup CPU time:            1.30 seconds
|  NonSetup CPU time:         5.01 seconds
|  Total CPU time:            6.31 seconds     0.00 hours

|  Setup wall time:           2    seconds
|  NonSetup wall time:        5    seconds
|  Total wall time:           7    seconds     0.00 hours
